#
# There is insufficient memory for the Java Runtime Environment to continue.
# Native memory allocation (malloc) failed to allocate 1177136 bytes for Chunk::new
# Possible reasons:
#   The system is out of physical RAM or swap space
#   The process is running with CompressedOops enabled, and the Java Heap may be blocking the growth of the native heap
# Possible solutions:
#   Reduce memory load on the system
#   Increase physical memory or swap space
#   Check if swap backing store is full
#   Decrease Java heap size (-Xmx/-Xms)
#   Decrease number of Java threads
#   Decrease Java thread stack sizes (-Xss)
#   Set larger code cache with -XX:ReservedCodeCacheSize=
#   JVM is running with Unscaled Compressed Oops mode in which the Java heap is
#     placed in the first 4GB address space. The Java Heap base address is the
#     maximum limit for the native heap growth. Please use -XX:HeapBaseMinAddress
#     to set the Java Heap base and to place the Java Heap above 4GB virtual address.
# This output file may be truncated or incomplete.
#
#  Out of Memory Error (./src/hotspot/share/memory/arena.cpp:197), pid=15104, tid=1824
#
# JRE version: OpenJDK Runtime Environment (11.0.13) (build 11.0.13+0-b1751.21-8125866)
# Java VM: OpenJDK 64-Bit Server VM (11.0.13+0-b1751.21-8125866, mixed mode, tiered, compressed oops, g1 gc, windows-amd64)
# No core dump will be written. Minidumps are not enabled by default on client versions of Windows
#

---------------  S U M M A R Y ------------

Command Line: --add-opens=java.base/java.util=ALL-UNNAMED --add-opens=java.base/java.lang=ALL-UNNAMED --add-opens=java.base/java.lang.invoke=ALL-UNNAMED --add-opens=java.base/java.util=ALL-UNNAMED --add-opens=java.prefs/java.util.prefs=ALL-UNNAMED --add-opens=java.prefs/java.util.prefs=ALL-UNNAMED --add-opens=java.base/java.nio.charset=ALL-UNNAMED --add-opens=java.base/java.net=ALL-UNNAMED --add-opens=java.base/java.util.concurrent.atomic=ALL-UNNAMED -Xmx2048m -Dfile.encoding=UTF-8 -Duser.country=ES -Duser.language=es -Duser.variant org.gradle.launcher.daemon.bootstrap.GradleDaemon 7.4

Host: Intel(R) Core(TM) i7-9750H CPU @ 2.60GHz, 12 cores, 15G,  Windows 10 , 64 bit Build 19041 (10.0.19041.2364)
Time: Tue Jan 17 19:45:59 2023 Hora estándar romance elapsed time: 9.723686 seconds (0d 0h 0m 9s)

---------------  T H R E A D  ---------------

Current thread (0x0000024ea5cf7800):  JavaThread "C2 CompilerThread1" daemon [_thread_in_native, id=1824, stack(0x0000005082c00000,0x0000005082d00000)]


Current CompileTask:
C2:   9723 6098       4       org.objectweb.asm.SymbolTable::addConstantMemberReference (147 bytes)

Stack: [0x0000005082c00000,0x0000005082d00000]
Native frames: (J=compiled Java code, j=interpreted, Vv=VM code, C=native code)
V  [jvm.dll+0x6100fa]
V  [jvm.dll+0x747090]
V  [jvm.dll+0x7486ad]
V  [jvm.dll+0x748d83]
V  [jvm.dll+0x24ab48]
V  [jvm.dll+0xc04dc]
V  [jvm.dll+0xc0a0c]
V  [jvm.dll+0x35eb5b]
V  [jvm.dll+0x19d9bc]
V  [jvm.dll+0x2033be]
V  [jvm.dll+0x202437]
V  [jvm.dll+0x188e01]
V  [jvm.dll+0x21106b]
V  [jvm.dll+0x20f8c1]
V  [jvm.dll+0x70de0f]
V  [jvm.dll+0x706a75]
V  [jvm.dll+0x60ed66]
C  [ucrtbase.dll+0x21bb2]
C  [KERNEL32.DLL+0x17614]
C  [ntdll.dll+0x526a1]


---------------  P R O C E S S  ---------------

Threads class SMR info:
_java_thread_list=0x0000024ea8c16270, length=167, elements={
0x0000024e87adf800, 0x0000024ea2c29800, 0x0000024ea2c2e800, 0x0000024ea2c8e000,
0x0000024ea2c8f000, 0x0000024ea2c93000, 0x0000024ea2c9d000, 0x0000024ea2ca9000,
0x0000024ea2cad000, 0x0000024ea2e10800, 0x0000024ea4ede800, 0x0000024ea4e9c000,
0x0000024ea4479800, 0x0000024ea56a8000, 0x0000024ea45f6800, 0x0000024ea4e21800,
0x0000024ea45d1000, 0x0000024ea54bd800, 0x0000024ea4187000, 0x0000024ea4146800,
0x0000024ea5f32800, 0x0000024ea5f36800, 0x0000024ea5f35800, 0x0000024ea5cf7800,
0x0000024ea5f34800, 0x0000024ea5f33000, 0x0000024ea5f30800, 0x0000024ea5f31800,
0x0000024ea5f37000, 0x0000024ea5f34000, 0x0000024ea580a000, 0x0000024ea5810800,
0x0000024ea580a800, 0x0000024ea580d000, 0x0000024ea580e800, 0x0000024ea580f800,
0x0000024ea580c000, 0x0000024ea580b800, 0x0000024ea580e000, 0x0000024ea5cc3800,
0x0000024ea5cc6000, 0x0000024ea5cc1000, 0x0000024ea5cc0800, 0x0000024ea5cc5000,
0x0000024ea5cc2000, 0x0000024ea5cc8800, 0x0000024ea5cc3000, 0x0000024ea5cca000,
0x0000024ea5cce000, 0x0000024ea5cc9800, 0x0000024ea5ccd800, 0x0000024ea5ccb800,
0x0000024ea5ccf000, 0x0000024ea5ccb000, 0x0000024ea5ccc800, 0x0000024eace67000,
0x0000024eace63000, 0x0000024eace65800, 0x0000024eace62800, 0x0000024eace65000,
0x0000024eace69000, 0x0000024eace66800, 0x0000024eace69800, 0x0000024eace68000,
0x0000024eace64000, 0x0000024eace6c000, 0x0000024eace6d000, 0x0000024eace6e800,
0x0000024eace6e000, 0x0000024eace6f800, 0x0000024eace70000, 0x0000024eace6b800,
0x0000024eace6a800, 0x0000024eace71000, 0x0000024ea8465000, 0x0000024ea8464800,
0x0000024ea8466000, 0x0000024ea8460800, 0x0000024ea8467000, 0x0000024ea8462000,
0x0000024ea8462800, 0x0000024ea8461000, 0x0000024ea8463800, 0x0000024eace0c800,
0x0000024eace0b800, 0x0000024eace0d000, 0x0000024eace0e000, 0x0000024eace0f800,
0x0000024eace0f000, 0x0000024eace0a000, 0x0000024eace10800, 0x0000024eace0a800,
0x0000024eace13800, 0x0000024eace12000, 0x0000024eace14800, 0x0000024eace17000,
0x0000024eace15800, 0x0000024eace11000, 0x0000024eace16000, 0x0000024eace18000,
0x0000024eace18800, 0x0000024eace13000, 0x0000024ea68bc800, 0x0000024ea68bd800,
0x0000024ea68bf000, 0x0000024ea68bf800, 0x0000024ea68ba000, 0x0000024ea68be000,
0x0000024ea68c0800, 0x0000024ea68c1800, 0x0000024ea68bb000, 0x0000024ea68bb800,
0x0000024ea68c4000, 0x0000024ea68c2000, 0x0000024ea68c8000, 0x0000024ea68c8800,
0x0000024ea68c4800, 0x0000024ea68c5800, 0x0000024ea68c6800, 0x0000024ea68c7000,
0x0000024ea68c3000, 0x0000024ea9e31000, 0x0000024ea9e34800, 0x0000024ea9e32800,
0x0000024ea9e30000, 0x0000024ea9e33800, 0x0000024ea9e35000, 0x0000024ea9e36000,
0x0000024ea9e36800, 0x0000024ea9e37800, 0x0000024ea9e32000, 0x0000024ea9e3e000,
0x0000024ea9e38800, 0x0000024ea9e3f000, 0x0000024ea9e39000, 0x0000024ea9e3a000,
0x0000024ea9e3b800, 0x0000024ea9e3c800, 0x0000024ea9e3b000, 0x0000024ea9e3d800,
0x0000024ea9e15000, 0x0000024ea9e14800, 0x0000024ea9e16000, 0x0000024ea9e12800,
0x0000024ea9e11000, 0x0000024ea9e10800, 0x0000024ea9e12000, 0x0000024ea9e19800,
0x0000024ea9e17800, 0x0000024ea9e17000, 0x0000024ea9e18800, 0x0000024ea9e13800,
0x0000024ea9e1b000, 0x0000024ea9e1a000, 0x0000024ea9e1b800, 0x0000024ea9e1c800,
0x0000024ea9e1e000, 0x0000024ea9e1d800, 0x0000024ea9e1f000, 0x0000024ea7e47000,
0x0000024ea7e43800, 0x0000024ea7e44800, 0x0000024ea7e43000, 0x0000024ea7e45800,
0x0000024ea7e46000, 0x0000024ea7e41000, 0x0000024ead638000
}

Java Threads: ( => current thread )
  0x0000024e87adf800 JavaThread "main" [_thread_blocked, id=7032, stack(0x0000005080300000,0x0000005080400000)]
  0x0000024ea2c29800 JavaThread "Reference Handler" daemon [_thread_blocked, id=4036, stack(0x0000005080a00000,0x0000005080b00000)]
  0x0000024ea2c2e800 JavaThread "Finalizer" daemon [_thread_blocked, id=16852, stack(0x0000005080b00000,0x0000005080c00000)]
  0x0000024ea2c8e000 JavaThread "Signal Dispatcher" daemon [_thread_blocked, id=18716, stack(0x0000005080c00000,0x0000005080d00000)]
  0x0000024ea2c8f000 JavaThread "Attach Listener" daemon [_thread_blocked, id=16208, stack(0x0000005080d00000,0x0000005080e00000)]
  0x0000024ea2c93000 JavaThread "Service Thread" daemon [_thread_blocked, id=9248, stack(0x0000005080e00000,0x0000005080f00000)]
  0x0000024ea2c9d000 JavaThread "C2 CompilerThread0" daemon [_thread_in_native, id=10556, stack(0x0000005080f00000,0x0000005081000000)]
  0x0000024ea2ca9000 JavaThread "C1 CompilerThread0" daemon [_thread_in_native, id=18056, stack(0x0000005081000000,0x0000005081100000)]
  0x0000024ea2cad000 JavaThread "Sweeper thread" daemon [_thread_blocked, id=3484, stack(0x0000005081100000,0x0000005081200000)]
  0x0000024ea2e10800 JavaThread "Common-Cleaner" daemon [_thread_blocked, id=13596, stack(0x0000005081200000,0x0000005081300000)]
  0x0000024ea4ede800 JavaThread "Daemon health stats" [_thread_blocked, id=13208, stack(0x0000005081b00000,0x0000005081c00000)]
  0x0000024ea4e9c000 JavaThread "Incoming local TCP Connector on port 63880" [_thread_in_native, id=3504, stack(0x0000005081400000,0x0000005081500000)]
  0x0000024ea4479800 JavaThread "Daemon periodic checks" [_thread_blocked, id=4260, stack(0x0000005081500000,0x0000005081600000)]
  0x0000024ea56a8000 JavaThread "Daemon" [_thread_blocked, id=5756, stack(0x0000005081c00000,0x0000005081d00000)]
  0x0000024ea45f6800 JavaThread "Handler for socket connection from /127.0.0.1:63880 to /127.0.0.1:63881" [_thread_in_native, id=15712, stack(0x0000005081d00000,0x0000005081e00000)]
  0x0000024ea4e21800 JavaThread "Cancel handler" [_thread_blocked, id=14796, stack(0x0000005081e00000,0x0000005081f00000)]
  0x0000024ea45d1000 JavaThread "Daemon worker" [_thread_in_vm, id=18164, stack(0x0000005081f00000,0x0000005082000000)]
  0x0000024ea54bd800 JavaThread "Asynchronous log dispatcher for DefaultDaemonConnection: socket connection from /127.0.0.1:63880 to /127.0.0.1:63881" [_thread_blocked, id=3464, stack(0x0000005082000000,0x0000005082100000)]
  0x0000024ea4187000 JavaThread "Stdin handler" [_thread_blocked, id=8492, stack(0x0000005082100000,0x0000005082200000)]
  0x0000024ea4146800 JavaThread "Daemon client event forwarder" [_thread_blocked, id=13936, stack(0x0000005082200000,0x0000005082300000)]
  0x0000024ea5f32800 JavaThread "Cache worker for journal cache (C:\Users\Laura\.gradle\caches\journal-1)" [_thread_blocked, id=1564, stack(0x0000005082300000,0x0000005082400000)]
  0x0000024ea5f36800 JavaThread "File lock request listener" [_thread_in_native, id=19200, stack(0x0000005082400000,0x0000005082500000)]
  0x0000024ea5f35800 JavaThread "Cache worker for file hash cache (C:\Users\Laura\.gradle\caches\7.4\fileHashes)" [_thread_blocked, id=16112, stack(0x0000005082b00000,0x0000005082c00000)]
=>0x0000024ea5cf7800 JavaThread "C2 CompilerThread1" daemon [_thread_in_native, id=1824, stack(0x0000005082c00000,0x0000005082d00000)]
  0x0000024ea5f34800 JavaThread "File watcher server" daemon [_thread_in_native, id=6640, stack(0x0000005082e00000,0x0000005082f00000)]
  0x0000024ea5f33000 JavaThread "File watcher consumer" daemon [_thread_blocked, id=7024, stack(0x0000005082f00000,0x0000005083000000)]
  0x0000024ea5f30800 JavaThread "jar transforms" [_thread_blocked, id=14536, stack(0x0000005083000000,0x0000005083100000)]
  0x0000024ea5f31800 JavaThread "jar transforms Thread 2" [_thread_blocked, id=18160, stack(0x0000005083100000,0x0000005083200000)]
  0x0000024ea5f37000 JavaThread "jar transforms Thread 3" [_thread_blocked, id=10228, stack(0x0000005083200000,0x0000005083300000)]
  0x0000024ea5f34000 JavaThread "jar transforms Thread 4" [_thread_blocked, id=3672, stack(0x0000005083300000,0x0000005083400000)]
  0x0000024ea580a000 JavaThread "jar transforms Thread 5" [_thread_blocked, id=19212, stack(0x0000005083400000,0x0000005083500000)]
  0x0000024ea5810800 JavaThread "jar transforms Thread 6" [_thread_blocked, id=2572, stack(0x0000005083500000,0x0000005083600000)]
  0x0000024ea580a800 JavaThread "jar transforms Thread 7" [_thread_blocked, id=5260, stack(0x0000005083600000,0x0000005083700000)]
  0x0000024ea580d000 JavaThread "jar transforms Thread 8" [_thread_blocked, id=11176, stack(0x0000005083700000,0x0000005083800000)]
  0x0000024ea580e800 JavaThread "jar transforms Thread 9" [_thread_blocked, id=3460, stack(0x0000005083800000,0x0000005083900000)]
  0x0000024ea580f800 JavaThread "jar transforms Thread 10" [_thread_blocked, id=2392, stack(0x0000005083900000,0x0000005083a00000)]
  0x0000024ea580c000 JavaThread "jar transforms Thread 11" [_thread_blocked, id=18428, stack(0x0000005083a00000,0x0000005083b00000)]
  0x0000024ea580b800 JavaThread "jar transforms Thread 12" [_thread_blocked, id=4240, stack(0x0000005083b00000,0x0000005083c00000)]
  0x0000024ea580e000 JavaThread "Cache worker for checksums cache (C:\Users\Laura\AndroidStudioProjects\Proyecto_TFG_Congreso_Mudanzas\.gradle\7.4\checksums)" [_thread_blocked, id=8056, stack(0x0000005083c00000,0x0000005083d00000)]
  0x0000024ea5cc3800 JavaThread "Cache worker for cache directory md-rule (C:\Users\Laura\.gradle\caches\7.4\md-rule)" [_thread_blocked, id=10696, stack(0x0000005083d00000,0x0000005083e00000)]
  0x0000024ea5cc6000 JavaThread "Cache worker for file hash cache (C:\Users\Laura\AndroidStudioProjects\Proyecto_TFG_Congreso_Mudanzas\.gradle\7.4\fileHashes)" [_thread_blocked, id=5908, stack(0x0000005083e00000,0x0000005083f00000)]
  0x0000024ea5cc1000 JavaThread "Cache worker for cache directory md-supplier (C:\Users\Laura\.gradle\caches\7.4\md-supplier)" [_thread_blocked, id=17968, stack(0x0000005083f00000,0x0000005084000000)]
  0x0000024ea5cc0800 JavaThread "Cache worker for execution history cache (C:\Users\Laura\.gradle\caches\7.4\executionHistory)" [_thread_blocked, id=17192, stack(0x0000005084000000,0x0000005084100000)]
  0x0000024ea5cc5000 JavaThread "Cache worker for file content cache (C:\Users\Laura\.gradle\caches\7.4\fileContent)" [_thread_blocked, id=14252, stack(0x0000005084100000,0x0000005084200000)]
  0x0000024ea5cc2000 JavaThread "Cache worker for dependencies-accessors (C:\Users\Laura\AndroidStudioProjects\Proyecto_TFG_Congreso_Mudanzas\.gradle\7.4\dependencies-accessors)" [_thread_blocked, id=1640, stack(0x0000005084200000,0x0000005084300000)]
  0x0000024ea5cc8800 JavaThread "Cache worker for Build Output Cleanup Cache (C:\Users\Laura\AndroidStudioProjects\Proyecto_TFG_Congreso_Mudanzas\.gradle\buildOutputCleanup)" [_thread_blocked, id=3868, stack(0x0000005084300000,0x0000005084400000)]
  0x0000024ea5cc3000 JavaThread "Unconstrained build operations" [_thread_blocked, id=5508, stack(0x0000005082d00000,0x0000005082e00000)]
  0x0000024ea5cca000 JavaThread "Unconstrained build operations Thread 2" [_thread_blocked, id=18816, stack(0x0000005084400000,0x0000005084500000)]
  0x0000024ea5cce000 JavaThread "Unconstrained build operations Thread 3" [_thread_blocked, id=3952, stack(0x0000005084500000,0x0000005084600000)]
  0x0000024ea5cc9800 JavaThread "Unconstrained build operations Thread 4" [_thread_blocked, id=12876, stack(0x0000005084600000,0x0000005084700000)]
  0x0000024ea5ccd800 JavaThread "Unconstrained build operations Thread 5" [_thread_blocked, id=2420, stack(0x0000005084700000,0x0000005084800000)]
  0x0000024ea5ccb800 JavaThread "Unconstrained build operations Thread 6" [_thread_blocked, id=14704, stack(0x0000005084800000,0x0000005084900000)]
  0x0000024ea5ccf000 JavaThread "Unconstrained build operations Thread 7" [_thread_blocked, id=8684, stack(0x0000005084900000,0x0000005084a00000)]
  0x0000024ea5ccb000 JavaThread "Unconstrained build operations Thread 8" [_thread_blocked, id=16004, stack(0x0000005084a00000,0x0000005084b00000)]
  0x0000024ea5ccc800 JavaThread "Unconstrained build operations Thread 9" [_thread_blocked, id=18936, stack(0x0000005084b00000,0x0000005084c00000)]
  0x0000024eace67000 JavaThread "Unconstrained build operations Thread 10" [_thread_blocked, id=13172, stack(0x0000005084c00000,0x0000005084d00000)]
  0x0000024eace63000 JavaThread "Unconstrained build operations Thread 11" [_thread_blocked, id=15400, stack(0x0000005084d00000,0x0000005084e00000)]
  0x0000024eace65800 JavaThread "Unconstrained build operations Thread 12" [_thread_blocked, id=1032, stack(0x0000005084e00000,0x0000005084f00000)]
  0x0000024eace62800 JavaThread "Unconstrained build operations Thread 13" [_thread_blocked, id=3068, stack(0x0000005084f00000,0x0000005085000000)]
  0x0000024eace65000 JavaThread "Unconstrained build operations Thread 14" [_thread_blocked, id=14144, stack(0x0000005085000000,0x0000005085100000)]
  0x0000024eace69000 JavaThread "Unconstrained build operations Thread 15" [_thread_blocked, id=8764, stack(0x0000005085100000,0x0000005085200000)]
  0x0000024eace66800 JavaThread "Unconstrained build operations Thread 16" [_thread_blocked, id=12572, stack(0x0000005085200000,0x0000005085300000)]
  0x0000024eace69800 JavaThread "Unconstrained build operations Thread 17" [_thread_blocked, id=13704, stack(0x0000005085300000,0x0000005085400000)]
  0x0000024eace68000 JavaThread "Unconstrained build operations Thread 18" [_thread_blocked, id=12316, stack(0x0000005085400000,0x0000005085500000)]
  0x0000024eace64000 JavaThread "Unconstrained build operations Thread 19" [_thread_blocked, id=9152, stack(0x0000005085500000,0x0000005085600000)]
  0x0000024eace6c000 JavaThread "Unconstrained build operations Thread 20" [_thread_blocked, id=10276, stack(0x0000005085600000,0x0000005085700000)]
  0x0000024eace6d000 JavaThread "Unconstrained build operations Thread 21" [_thread_blocked, id=1100, stack(0x0000005085700000,0x0000005085800000)]
  0x0000024eace6e800 JavaThread "Unconstrained build operations Thread 22" [_thread_blocked, id=10028, stack(0x0000005085800000,0x0000005085900000)]
  0x0000024eace6e000 JavaThread "Unconstrained build operations Thread 23" [_thread_blocked, id=15228, stack(0x0000005085900000,0x0000005085a00000)]
  0x0000024eace6f800 JavaThread "Unconstrained build operations Thread 24" [_thread_blocked, id=16624, stack(0x0000005085a00000,0x0000005085b00000)]
  0x0000024eace70000 JavaThread "Unconstrained build operations Thread 25" [_thread_blocked, id=1544, stack(0x0000005085b00000,0x0000005085c00000)]
  0x0000024eace6b800 JavaThread "Unconstrained build operations Thread 26" [_thread_blocked, id=9068, stack(0x0000005085c00000,0x0000005085d00000)]
  0x0000024eace6a800 JavaThread "Unconstrained build operations Thread 27" [_thread_blocked, id=15172, stack(0x0000005085d00000,0x0000005085e00000)]
  0x0000024eace71000 JavaThread "Unconstrained build operations Thread 28" [_thread_blocked, id=5580, stack(0x0000005085e00000,0x0000005085f00000)]
  0x0000024ea8465000 JavaThread "Unconstrained build operations Thread 29" [_thread_blocked, id=10100, stack(0x0000005085f00000,0x0000005086000000)]
  0x0000024ea8464800 JavaThread "Unconstrained build operations Thread 30" [_thread_blocked, id=1568, stack(0x0000005086000000,0x0000005086100000)]
  0x0000024ea8466000 JavaThread "Unconstrained build operations Thread 31" [_thread_blocked, id=1676, stack(0x0000005086100000,0x0000005086200000)]
  0x0000024ea8460800 JavaThread "Unconstrained build operations Thread 32" [_thread_blocked, id=12764, stack(0x0000005086200000,0x0000005086300000)]
  0x0000024ea8467000 JavaThread "Unconstrained build operations Thread 33" [_thread_blocked, id=13536, stack(0x0000005086300000,0x0000005086400000)]
  0x0000024ea8462000 JavaThread "Unconstrained build operations Thread 34" [_thread_blocked, id=17632, stack(0x0000005086400000,0x0000005086500000)]
  0x0000024ea8462800 JavaThread "Unconstrained build operations Thread 35" [_thread_blocked, id=16044, stack(0x0000005086500000,0x0000005086600000)]
  0x0000024ea8461000 JavaThread "Unconstrained build operations Thread 36" [_thread_blocked, id=19452, stack(0x0000005086600000,0x0000005086700000)]
  0x0000024ea8463800 JavaThread "Unconstrained build operations Thread 37" [_thread_blocked, id=16448, stack(0x0000005086700000,0x0000005086800000)]
  0x0000024eace0c800 JavaThread "Unconstrained build operations Thread 38" [_thread_blocked, id=5628, stack(0x0000005086800000,0x0000005086900000)]
  0x0000024eace0b800 JavaThread "Unconstrained build operations Thread 39" [_thread_blocked, id=16872, stack(0x0000005086900000,0x0000005086a00000)]
  0x0000024eace0d000 JavaThread "Unconstrained build operations Thread 40" [_thread_blocked, id=16340, stack(0x0000005086a00000,0x0000005086b00000)]
  0x0000024eace0e000 JavaThread "Unconstrained build operations Thread 41" [_thread_blocked, id=6648, stack(0x0000005086b00000,0x0000005086c00000)]
  0x0000024eace0f800 JavaThread "Unconstrained build operations Thread 42" [_thread_blocked, id=13052, stack(0x0000005086c00000,0x0000005086d00000)]
  0x0000024eace0f000 JavaThread "Unconstrained build operations Thread 43" [_thread_blocked, id=3724, stack(0x0000005086d00000,0x0000005086e00000)]
  0x0000024eace0a000 JavaThread "Unconstrained build operations Thread 44" [_thread_blocked, id=3652, stack(0x0000005086e00000,0x0000005086f00000)]
  0x0000024eace10800 JavaThread "Unconstrained build operations Thread 45" [_thread_blocked, id=13672, stack(0x0000005086f00000,0x0000005087000000)]
  0x0000024eace0a800 JavaThread "Unconstrained build operations Thread 46" [_thread_blocked, id=15836, stack(0x0000005087000000,0x0000005087100000)]
  0x0000024eace13800 JavaThread "Unconstrained build operations Thread 47" [_thread_blocked, id=13368, stack(0x0000005087100000,0x0000005087200000)]
  0x0000024eace12000 JavaThread "Unconstrained build operations Thread 48" [_thread_blocked, id=5200, stack(0x0000005087200000,0x0000005087300000)]
  0x0000024eace14800 JavaThread "Unconstrained build operations Thread 49" [_thread_blocked, id=10092, stack(0x0000005087300000,0x0000005087400000)]
  0x0000024eace17000 JavaThread "Unconstrained build operations Thread 50" [_thread_blocked, id=9808, stack(0x0000005087400000,0x0000005087500000)]
  0x0000024eace15800 JavaThread "Unconstrained build operations Thread 51" [_thread_blocked, id=17232, stack(0x0000005087500000,0x0000005087600000)]
  0x0000024eace11000 JavaThread "Unconstrained build operations Thread 52" [_thread_blocked, id=6316, stack(0x0000005087600000,0x0000005087700000)]
  0x0000024eace16000 JavaThread "Unconstrained build operations Thread 53" [_thread_blocked, id=17808, stack(0x0000005087700000,0x0000005087800000)]
  0x0000024eace18000 JavaThread "Unconstrained build operations Thread 54" [_thread_blocked, id=17380, stack(0x0000005087800000,0x0000005087900000)]
  0x0000024eace18800 JavaThread "Unconstrained build operations Thread 55" [_thread_blocked, id=3932, stack(0x0000005087900000,0x0000005087a00000)]
  0x0000024eace13000 JavaThread "Unconstrained build operations Thread 56" [_thread_blocked, id=5140, stack(0x0000005087a00000,0x0000005087b00000)]
  0x0000024ea68bc800 JavaThread "Unconstrained build operations Thread 57" [_thread_blocked, id=10584, stack(0x0000005087b00000,0x0000005087c00000)]
  0x0000024ea68bd800 JavaThread "Unconstrained build operations Thread 58" [_thread_blocked, id=13828, stack(0x0000005087c00000,0x0000005087d00000)]
  0x0000024ea68bf000 JavaThread "Unconstrained build operations Thread 59" [_thread_blocked, id=14596, stack(0x0000005087d00000,0x0000005087e00000)]
  0x0000024ea68bf800 JavaThread "Unconstrained build operations Thread 60" [_thread_blocked, id=13920, stack(0x0000005087e00000,0x0000005087f00000)]
  0x0000024ea68ba000 JavaThread "Unconstrained build operations Thread 61" [_thread_blocked, id=6480, stack(0x0000005087f00000,0x0000005088000000)]
  0x0000024ea68be000 JavaThread "Unconstrained build operations Thread 62" [_thread_blocked, id=4016, stack(0x0000005088000000,0x0000005088100000)]
  0x0000024ea68c0800 JavaThread "Unconstrained build operations Thread 63" [_thread_blocked, id=9812, stack(0x0000005088100000,0x0000005088200000)]
  0x0000024ea68c1800 JavaThread "Unconstrained build operations Thread 64" [_thread_blocked, id=16164, stack(0x0000005088200000,0x0000005088300000)]
  0x0000024ea68bb000 JavaThread "Unconstrained build operations Thread 65" [_thread_blocked, id=12328, stack(0x0000005088300000,0x0000005088400000)]
  0x0000024ea68bb800 JavaThread "Unconstrained build operations Thread 66" [_thread_blocked, id=16096, stack(0x0000005088400000,0x0000005088500000)]
  0x0000024ea68c4000 JavaThread "Unconstrained build operations Thread 67" [_thread_blocked, id=10304, stack(0x0000005088500000,0x0000005088600000)]
  0x0000024ea68c2000 JavaThread "Unconstrained build operations Thread 68" [_thread_blocked, id=13664, stack(0x0000005088600000,0x0000005088700000)]
  0x0000024ea68c8000 JavaThread "Unconstrained build operations Thread 69" [_thread_blocked, id=9944, stack(0x0000005088700000,0x0000005088800000)]
  0x0000024ea68c8800 JavaThread "Unconstrained build operations Thread 70" [_thread_blocked, id=16512, stack(0x0000005088800000,0x0000005088900000)]
  0x0000024ea68c4800 JavaThread "Unconstrained build operations Thread 71" [_thread_blocked, id=15832, stack(0x0000005088900000,0x0000005088a00000)]
  0x0000024ea68c5800 JavaThread "Unconstrained build operations Thread 72" [_thread_blocked, id=3996, stack(0x0000005088a00000,0x0000005088b00000)]
  0x0000024ea68c6800 JavaThread "Unconstrained build operations Thread 73" [_thread_blocked, id=9860, stack(0x0000005088b00000,0x0000005088c00000)]
  0x0000024ea68c7000 JavaThread "Unconstrained build operations Thread 74" [_thread_blocked, id=18604, stack(0x0000005088c00000,0x0000005088d00000)]
  0x0000024ea68c3000 JavaThread "Unconstrained build operations Thread 75" [_thread_blocked, id=2852, stack(0x0000005088d00000,0x0000005088e00000)]
  0x0000024ea9e31000 JavaThread "Unconstrained build operations Thread 76" [_thread_blocked, id=6808, stack(0x0000005088e00000,0x0000005088f00000)]
  0x0000024ea9e34800 JavaThread "Unconstrained build operations Thread 77" [_thread_blocked, id=14264, stack(0x0000005088f00000,0x0000005089000000)]
  0x0000024ea9e32800 JavaThread "Unconstrained build operations Thread 78" [_thread_blocked, id=11976, stack(0x0000005089000000,0x0000005089100000)]
  0x0000024ea9e30000 JavaThread "Unconstrained build operations Thread 79" [_thread_blocked, id=6028, stack(0x0000005089100000,0x0000005089200000)]
  0x0000024ea9e33800 JavaThread "Unconstrained build operations Thread 80" [_thread_blocked, id=15760, stack(0x0000005089200000,0x0000005089300000)]
  0x0000024ea9e35000 JavaThread "Unconstrained build operations Thread 81" [_thread_blocked, id=12292, stack(0x0000005089300000,0x0000005089400000)]
  0x0000024ea9e36000 JavaThread "Unconstrained build operations Thread 82" [_thread_blocked, id=16616, stack(0x0000005089400000,0x0000005089500000)]
  0x0000024ea9e36800 JavaThread "Unconstrained build operations Thread 83" [_thread_blocked, id=14168, stack(0x0000005089500000,0x0000005089600000)]
  0x0000024ea9e37800 JavaThread "Unconstrained build operations Thread 84" [_thread_blocked, id=7984, stack(0x0000005089600000,0x0000005089700000)]
  0x0000024ea9e32000 JavaThread "Unconstrained build operations Thread 85" [_thread_blocked, id=17656, stack(0x0000005089700000,0x0000005089800000)]
  0x0000024ea9e3e000 JavaThread "Unconstrained build operations Thread 86" [_thread_blocked, id=17076, stack(0x0000005089800000,0x0000005089900000)]
  0x0000024ea9e38800 JavaThread "Unconstrained build operations Thread 87" [_thread_blocked, id=18648, stack(0x0000005089900000,0x0000005089a00000)]
  0x0000024ea9e3f000 JavaThread "Unconstrained build operations Thread 88" [_thread_blocked, id=13364, stack(0x0000005089a00000,0x0000005089b00000)]
  0x0000024ea9e39000 JavaThread "Unconstrained build operations Thread 89" [_thread_blocked, id=9688, stack(0x0000005089b00000,0x0000005089c00000)]
  0x0000024ea9e3a000 JavaThread "Unconstrained build operations Thread 90" [_thread_blocked, id=8444, stack(0x0000005089c00000,0x0000005089d00000)]
  0x0000024ea9e3b800 JavaThread "Unconstrained build operations Thread 91" [_thread_blocked, id=12780, stack(0x0000005089d00000,0x0000005089e00000)]
  0x0000024ea9e3c800 JavaThread "Unconstrained build operations Thread 92" [_thread_blocked, id=14716, stack(0x0000005089e00000,0x0000005089f00000)]
  0x0000024ea9e3b000 JavaThread "Unconstrained build operations Thread 93" [_thread_blocked, id=18964, stack(0x0000005089f00000,0x000000508a000000)]
  0x0000024ea9e3d800 JavaThread "Unconstrained build operations Thread 94" [_thread_blocked, id=16328, stack(0x000000508a000000,0x000000508a100000)]
  0x0000024ea9e15000 JavaThread "Unconstrained build operations Thread 95" [_thread_blocked, id=17556, stack(0x000000508a100000,0x000000508a200000)]
  0x0000024ea9e14800 JavaThread "Unconstrained build operations Thread 96" [_thread_blocked, id=2704, stack(0x000000508a200000,0x000000508a300000)]
  0x0000024ea9e16000 JavaThread "Unconstrained build operations Thread 97" [_thread_blocked, id=9224, stack(0x000000508a300000,0x000000508a400000)]
  0x0000024ea9e12800 JavaThread "Unconstrained build operations Thread 98" [_thread_blocked, id=15728, stack(0x000000508a400000,0x000000508a500000)]
  0x0000024ea9e11000 JavaThread "Unconstrained build operations Thread 99" [_thread_blocked, id=9108, stack(0x000000508a500000,0x000000508a600000)]
  0x0000024ea9e10800 JavaThread "Unconstrained build operations Thread 100" [_thread_blocked, id=7072, stack(0x000000508a600000,0x000000508a700000)]
  0x0000024ea9e12000 JavaThread "Unconstrained build operations Thread 101" [_thread_blocked, id=16148, stack(0x000000508a700000,0x000000508a800000)]
  0x0000024ea9e19800 JavaThread "Unconstrained build operations Thread 102" [_thread_blocked, id=2580, stack(0x000000508a800000,0x000000508a900000)]
  0x0000024ea9e17800 JavaThread "Unconstrained build operations Thread 103" [_thread_blocked, id=4148, stack(0x000000508a900000,0x000000508aa00000)]
  0x0000024ea9e17000 JavaThread "Unconstrained build operations Thread 104" [_thread_blocked, id=16080, stack(0x000000508aa00000,0x000000508ab00000)]
  0x0000024ea9e18800 JavaThread "Unconstrained build operations Thread 105" [_thread_blocked, id=17088, stack(0x000000508ab00000,0x000000508ac00000)]
  0x0000024ea9e13800 JavaThread "Unconstrained build operations Thread 106" [_thread_blocked, id=3328, stack(0x000000508ac00000,0x000000508ad00000)]
  0x0000024ea9e1b000 JavaThread "Unconstrained build operations Thread 107" [_thread_blocked, id=13600, stack(0x000000508ad00000,0x000000508ae00000)]
  0x0000024ea9e1a000 JavaThread "Unconstrained build operations Thread 108" [_thread_blocked, id=17204, stack(0x000000508ae00000,0x000000508af00000)]
  0x0000024ea9e1b800 JavaThread "Unconstrained build operations Thread 109" [_thread_blocked, id=1532, stack(0x000000508af00000,0x000000508b000000)]
  0x0000024ea9e1c800 JavaThread "Unconstrained build operations Thread 110" [_thread_blocked, id=15044, stack(0x000000508b000000,0x000000508b100000)]
  0x0000024ea9e1e000 JavaThread "Unconstrained build operations Thread 111" [_thread_blocked, id=4340, stack(0x000000508b100000,0x000000508b200000)]
  0x0000024ea9e1d800 JavaThread "Unconstrained build operations Thread 112" [_thread_blocked, id=17920, stack(0x000000508b200000,0x000000508b300000)]
  0x0000024ea9e1f000 JavaThread "Unconstrained build operations Thread 113" [_thread_blocked, id=9316, stack(0x000000508b300000,0x000000508b400000)]
  0x0000024ea7e47000 JavaThread "Unconstrained build operations Thread 114" [_thread_blocked, id=9080, stack(0x000000508b400000,0x000000508b500000)]
  0x0000024ea7e43800 JavaThread "Unconstrained build operations Thread 115" [_thread_blocked, id=1872, stack(0x000000508b500000,0x000000508b600000)]
  0x0000024ea7e44800 JavaThread "Unconstrained build operations Thread 116" [_thread_blocked, id=10832, stack(0x000000508b600000,0x000000508b700000)]
  0x0000024ea7e43000 JavaThread "Unconstrained build operations Thread 117" [_thread_blocked, id=4796, stack(0x000000508b700000,0x000000508b800000)]
  0x0000024ea7e45800 JavaThread "Unconstrained build operations Thread 118" [_thread_blocked, id=17440, stack(0x000000508b800000,0x000000508b900000)]
  0x0000024ea7e46000 JavaThread "Unconstrained build operations Thread 119" [_thread_blocked, id=18644, stack(0x000000508b900000,0x000000508ba00000)]
  0x0000024ea7e41000 JavaThread "Unconstrained build operations Thread 120" [_thread_blocked, id=4220, stack(0x000000508ba00000,0x000000508bb00000)]
  0x0000024ead638000 JavaThread "C2 CompilerThread2" daemon [_thread_in_native, id=6092, stack(0x000000508bb00000,0x000000508bc00000)]

Other Threads:
  0x0000024ea2c27000 VMThread "VM Thread" [stack: 0x0000005080900000,0x0000005080a00000] [id=15560]
  0x0000024ea2e3d000 WatcherThread [stack: 0x0000005081300000,0x0000005081400000] [id=5648]
  0x0000024e87af6800 GCTaskThread "GC Thread#0" [stack: 0x0000005080400000,0x0000005080500000] [id=248]
  0x0000024ea34c1800 GCTaskThread "GC Thread#1" [stack: 0x0000005081600000,0x0000005081700000] [id=6820]
  0x0000024ea3f17800 GCTaskThread "GC Thread#2" [stack: 0x0000005081700000,0x0000005081800000] [id=2584]
  0x0000024ea32bf000 GCTaskThread "GC Thread#3" [stack: 0x0000005081800000,0x0000005081900000] [id=11548]
  0x0000024ea3279800 GCTaskThread "GC Thread#4" [stack: 0x0000005081900000,0x0000005081a00000] [id=17760]
  0x0000024ea327a000 GCTaskThread "GC Thread#5" [stack: 0x0000005081a00000,0x0000005081b00000] [id=11616]
  0x0000024ea5f55800 GCTaskThread "GC Thread#6" [stack: 0x0000005082500000,0x0000005082600000] [id=6664]
  0x0000024ea5f3e800 GCTaskThread "GC Thread#7" [stack: 0x0000005082600000,0x0000005082700000] [id=3980]
  0x0000024ea5ca9800 GCTaskThread "GC Thread#8" [stack: 0x0000005082700000,0x0000005082800000] [id=16312]
  0x0000024ea5a80000 GCTaskThread "GC Thread#9" [stack: 0x0000005082800000,0x0000005082900000] [id=16048]
  0x0000024e87b2c000 ConcurrentGCThread "G1 Main Marker" [stack: 0x0000005080500000,0x0000005080600000] [id=3908]
  0x0000024e87b2d000 ConcurrentGCThread "G1 Conc#0" [stack: 0x0000005080600000,0x0000005080700000] [id=18948]
  0x0000024ea5674000 ConcurrentGCThread "G1 Conc#1" [stack: 0x0000005082900000,0x0000005082a00000] [id=18244]
  0x0000024ea6478800 ConcurrentGCThread "G1 Conc#2" [stack: 0x0000005082a00000,0x0000005082b00000] [id=3580]
  0x0000024e87bbe000 ConcurrentGCThread "G1 Refine#0" [stack: 0x0000005080700000,0x0000005080800000] [id=14376]
  0x0000024ea2274800 ConcurrentGCThread "G1 Young RemSet Sampling" [stack: 0x0000005080800000,0x0000005080900000] [id=1440]

Threads with active compile tasks:
C2 CompilerThread0   9772 6062   !   4       com.google.common.reflect.TypeVisitor::visit (244 bytes)
C2 CompilerThread1   9772 6098       4       org.objectweb.asm.SymbolTable::addConstantMemberReference (147 bytes)
C2 CompilerThread2   9772 6160       4       org.objectweb.asm.Frame::execute (2318 bytes)

VM state:not at safepoint (normal execution)

VM Mutex/Monitor currently owned by a thread: None

Heap address: 0x0000000080000000, size: 2048 MB, Compressed Oops mode: 32-bit
Narrow klass base: 0x0000000000000000, Narrow klass shift: 3
Compressed class space size: 1073741824 Address: 0x0000000100000000

Heap:
 garbage-first heap   total 260096K, used 125446K [0x0000000080000000, 0x0000000100000000)
  region size 1024K, 32 young (32768K), 5 survivors (5120K)
 Metaspace       used 61985K, capacity 63825K, committed 63988K, reserved 1105920K
  class space    used 7853K, capacity 8494K, committed 8576K, reserved 1048576K
Heap Regions: E=young(eden), S=young(survivor), O=old, HS=humongous(starts), HC=humongous(continues), CS=collection set, F=free, A=archive, TAMS=top-at-mark-start (previous, next)
|   0|0x0000000080000000, 0x0000000080100000, 0x0000000080100000|100%|HS|  |TAMS 0x0000000080100000, 0x0000000080000000| Complete 
|   1|0x0000000080100000, 0x0000000080200000, 0x0000000080200000|100%|HC|  |TAMS 0x0000000080200000, 0x0000000080100000| Complete 
|   2|0x0000000080200000, 0x0000000080300000, 0x0000000080300000|100%| O|  |TAMS 0x0000000080300000, 0x0000000080200000| Untracked 
|   3|0x0000000080300000, 0x0000000080400000, 0x0000000080400000|100%|HS|  |TAMS 0x0000000080400000, 0x0000000080300000| Complete 
|   4|0x0000000080400000, 0x0000000080500000, 0x0000000080500000|100%|HC|  |TAMS 0x0000000080500000, 0x0000000080400000| Complete 
|   5|0x0000000080500000, 0x0000000080600000, 0x0000000080600000|100%|HC|  |TAMS 0x0000000080600000, 0x0000000080500000| Complete 
|   6|0x0000000080600000, 0x0000000080700000, 0x0000000080700000|100%| O|  |TAMS 0x0000000080700000, 0x0000000080600000| Untracked 
|   7|0x0000000080700000, 0x0000000080800000, 0x0000000080800000|100%| O|  |TAMS 0x0000000080800000, 0x0000000080700000| Untracked 
|   8|0x0000000080800000, 0x0000000080900000, 0x0000000080900000|100%| O|  |TAMS 0x0000000080900000, 0x0000000080800000| Untracked 
|   9|0x0000000080900000, 0x0000000080a00000, 0x0000000080a00000|100%| O|  |TAMS 0x0000000080a00000, 0x0000000080900000| Untracked 
|  10|0x0000000080a00000, 0x0000000080b00000, 0x0000000080b00000|100%|HS|  |TAMS 0x0000000080b00000, 0x0000000080a00000| Complete 
|  11|0x0000000080b00000, 0x0000000080c00000, 0x0000000080c00000|100%|HC|  |TAMS 0x0000000080c00000, 0x0000000080b00000| Complete 
|  12|0x0000000080c00000, 0x0000000080d00000, 0x0000000080d00000|100%|HC|  |TAMS 0x0000000080d00000, 0x0000000080c00000| Complete 
|  13|0x0000000080d00000, 0x0000000080e00000, 0x0000000080e00000|100%|HS|  |TAMS 0x0000000080e00000, 0x0000000080d00000| Complete 
|  14|0x0000000080e00000, 0x0000000080f00000, 0x0000000080f00000|100%|HC|  |TAMS 0x0000000080f00000, 0x0000000080e00000| Complete 
|  15|0x0000000080f00000, 0x0000000081000000, 0x0000000081000000|100%|HC|  |TAMS 0x0000000081000000, 0x0000000080f00000| Complete 
|  16|0x0000000081000000, 0x0000000081100000, 0x0000000081100000|100%|HS|  |TAMS 0x0000000081100000, 0x0000000081000000| Complete 
|  17|0x0000000081100000, 0x0000000081200000, 0x0000000081200000|100%|HC|  |TAMS 0x0000000081200000, 0x0000000081100000| Complete 
|  18|0x0000000081200000, 0x0000000081300000, 0x0000000081300000|100%|HC|  |TAMS 0x0000000081300000, 0x0000000081200000| Complete 
|  19|0x0000000081300000, 0x0000000081400000, 0x0000000081400000|100%|HC|  |TAMS 0x0000000081400000, 0x0000000081300000| Complete 
|  20|0x0000000081400000, 0x0000000081500000, 0x0000000081500000|100%| O|  |TAMS 0x0000000081500000, 0x0000000081400000| Untracked 
|  21|0x0000000081500000, 0x0000000081600000, 0x0000000081600000|100%| O|  |TAMS 0x0000000081600000, 0x0000000081500000| Untracked 
|  22|0x0000000081600000, 0x0000000081700000, 0x0000000081700000|100%| O|  |TAMS 0x0000000081700000, 0x0000000081600000| Untracked 
|  23|0x0000000081700000, 0x0000000081800000, 0x0000000081800000|100%| O|  |TAMS 0x0000000081800000, 0x0000000081700000| Untracked 
|  24|0x0000000081800000, 0x0000000081900000, 0x0000000081900000|100%| O|  |TAMS 0x0000000081900000, 0x0000000081800000| Untracked 
|  25|0x0000000081900000, 0x0000000081a00000, 0x0000000081a00000|100%| O|  |TAMS 0x0000000081a00000, 0x0000000081900000| Untracked 
|  26|0x0000000081a00000, 0x0000000081b00000, 0x0000000081b00000|100%| O|  |TAMS 0x0000000081b00000, 0x0000000081a00000| Untracked 
|  27|0x0000000081b00000, 0x0000000081c00000, 0x0000000081c00000|100%| O|  |TAMS 0x0000000081c00000, 0x0000000081b00000| Untracked 
|  28|0x0000000081c00000, 0x0000000081d00000, 0x0000000081d00000|100%| O|  |TAMS 0x0000000081d00000, 0x0000000081c00000| Untracked 
|  29|0x0000000081d00000, 0x0000000081e00000, 0x0000000081e00000|100%|HS|  |TAMS 0x0000000081e00000, 0x0000000081d00000| Complete 
|  30|0x0000000081e00000, 0x0000000081f00000, 0x0000000081f00000|100%|HC|  |TAMS 0x0000000081f00000, 0x0000000081e00000| Complete 
|  31|0x0000000081f00000, 0x0000000082000000, 0x0000000082000000|100%|HC|  |TAMS 0x0000000082000000, 0x0000000081f00000| Complete 
|  32|0x0000000082000000, 0x0000000082100000, 0x0000000082100000|100%|HC|  |TAMS 0x0000000082100000, 0x0000000082000000| Complete 
|  33|0x0000000082100000, 0x0000000082200000, 0x0000000082200000|100%|HC|  |TAMS 0x0000000082200000, 0x0000000082100000| Complete 
|  34|0x0000000082200000, 0x0000000082300000, 0x0000000082300000|100%|HS|  |TAMS 0x0000000082300000, 0x0000000082200000| Complete 
|  35|0x0000000082300000, 0x0000000082400000, 0x0000000082400000|100%|HS|  |TAMS 0x0000000082400000, 0x0000000082300000| Complete 
|  36|0x0000000082400000, 0x0000000082500000, 0x0000000082500000|100%|HS|  |TAMS 0x0000000082500000, 0x0000000082400000| Complete 
|  37|0x0000000082500000, 0x0000000082600000, 0x0000000082600000|100%|HS|  |TAMS 0x0000000082600000, 0x0000000082500000| Complete 
|  38|0x0000000082600000, 0x0000000082700000, 0x0000000082700000|100%|HC|  |TAMS 0x0000000082700000, 0x0000000082600000| Complete 
|  39|0x0000000082700000, 0x0000000082800000, 0x0000000082800000|100%|HC|  |TAMS 0x0000000082800000, 0x0000000082700000| Complete 
|  40|0x0000000082800000, 0x0000000082900000, 0x0000000082900000|100%|HC|  |TAMS 0x0000000082900000, 0x0000000082800000| Complete 
|  41|0x0000000082900000, 0x0000000082a00000, 0x0000000082a00000|100%|HS|  |TAMS 0x0000000082a00000, 0x0000000082900000| Complete 
|  42|0x0000000082a00000, 0x0000000082b00000, 0x0000000082b00000|100%|HC|  |TAMS 0x0000000082b00000, 0x0000000082a00000| Complete 
|  43|0x0000000082b00000, 0x0000000082c00000, 0x0000000082c00000|100%|HC|  |TAMS 0x0000000082c00000, 0x0000000082b00000| Complete 
|  44|0x0000000082c00000, 0x0000000082d00000, 0x0000000082d00000|100%|HS|  |TAMS 0x0000000082d00000, 0x0000000082c00000| Complete 
|  45|0x0000000082d00000, 0x0000000082e00000, 0x0000000082e00000|100%|HC|  |TAMS 0x0000000082e00000, 0x0000000082d00000| Complete 
|  46|0x0000000082e00000, 0x0000000082f00000, 0x0000000082f00000|100%|HS|  |TAMS 0x0000000082f00000, 0x0000000082e00000| Complete 
|  47|0x0000000082f00000, 0x0000000083000000, 0x0000000083000000|100%|HC|  |TAMS 0x0000000083000000, 0x0000000082f00000| Complete 
|  48|0x0000000083000000, 0x0000000083100000, 0x0000000083100000|100%|HC|  |TAMS 0x0000000083100000, 0x0000000083000000| Complete 
|  49|0x0000000083100000, 0x0000000083100000, 0x0000000083200000|  0%| F|  |TAMS 0x0000000083100000, 0x0000000083100000| Untracked 
|  50|0x0000000083200000, 0x0000000083300000, 0x0000000083300000|100%| O|  |TAMS 0x0000000083300000, 0x0000000083200000| Untracked 
|  51|0x0000000083300000, 0x0000000083400000, 0x0000000083400000|100%| O|  |TAMS 0x0000000083400000, 0x0000000083300000| Untracked 
|  52|0x0000000083400000, 0x0000000083500000, 0x0000000083500000|100%| O|  |TAMS 0x0000000083500000, 0x0000000083400000| Untracked 
|  53|0x0000000083500000, 0x0000000083600000, 0x0000000083600000|100%| O|  |TAMS 0x0000000083600000, 0x0000000083500000| Untracked 
|  54|0x0000000083600000, 0x0000000083700000, 0x0000000083700000|100%| O|  |TAMS 0x0000000083700000, 0x0000000083600000| Untracked 
|  55|0x0000000083700000, 0x0000000083800000, 0x0000000083800000|100%| O|  |TAMS 0x0000000083800000, 0x0000000083700000| Untracked 
|  56|0x0000000083800000, 0x0000000083900000, 0x0000000083900000|100%|HS|  |TAMS 0x0000000083900000, 0x0000000083800000| Complete 
|  57|0x0000000083900000, 0x0000000083a00000, 0x0000000083a00000|100%|HC|  |TAMS 0x0000000083a00000, 0x0000000083900000| Complete 
|  58|0x0000000083a00000, 0x0000000083b00000, 0x0000000083b00000|100%|HC|  |TAMS 0x0000000083b00000, 0x0000000083a00000| Complete 
|  59|0x0000000083b00000, 0x0000000083c00000, 0x0000000083c00000|100%|HC|  |TAMS 0x0000000083c00000, 0x0000000083b00000| Complete 
|  60|0x0000000083c00000, 0x0000000083d00000, 0x0000000083d00000|100%|HC|  |TAMS 0x0000000083d00000, 0x0000000083c00000| Complete 
|  61|0x0000000083d00000, 0x0000000083e00000, 0x0000000083e00000|100%|HS|  |TAMS 0x0000000083e00000, 0x0000000083d00000| Complete 
|  62|0x0000000083e00000, 0x0000000083f00000, 0x0000000083f00000|100%|HC|  |TAMS 0x0000000083f00000, 0x0000000083e00000| Complete 
|  63|0x0000000083f00000, 0x0000000084000000, 0x0000000084000000|100%|HC|  |TAMS 0x0000000084000000, 0x0000000083f00000| Complete 
|  64|0x0000000084000000, 0x0000000084100000, 0x0000000084100000|100%|HC|  |TAMS 0x0000000084100000, 0x0000000084000000| Complete 
|  65|0x0000000084100000, 0x0000000084200000, 0x0000000084200000|100%| O|  |TAMS 0x0000000084200000, 0x0000000084100000| Untracked 
|  66|0x0000000084200000, 0x0000000084300000, 0x0000000084300000|100%| O|  |TAMS 0x0000000084300000, 0x0000000084200000| Untracked 
|  67|0x0000000084300000, 0x0000000084400000, 0x0000000084400000|100%| O|  |TAMS 0x0000000084400000, 0x0000000084300000| Untracked 
|  68|0x0000000084400000, 0x0000000084500000, 0x0000000084500000|100%| O|  |TAMS 0x0000000084500000, 0x0000000084400000| Untracked 
|  69|0x0000000084500000, 0x0000000084600000, 0x0000000084600000|100%| O|  |TAMS 0x0000000084600000, 0x0000000084500000| Untracked 
|  70|0x0000000084600000, 0x0000000084700000, 0x0000000084700000|100%| O|  |TAMS 0x0000000084700000, 0x0000000084600000| Untracked 
|  71|0x0000000084700000, 0x0000000084800000, 0x0000000084800000|100%| O|  |TAMS 0x0000000084800000, 0x0000000084700000| Untracked 
|  72|0x0000000084800000, 0x0000000084900000, 0x0000000084900000|100%| O|  |TAMS 0x0000000084900000, 0x0000000084800000| Untracked 
|  73|0x0000000084900000, 0x0000000084a00000, 0x0000000084a00000|100%| O|  |TAMS 0x0000000084a00000, 0x0000000084900000| Untracked 
|  74|0x0000000084a00000, 0x0000000084b00000, 0x0000000084b00000|100%| O|  |TAMS 0x0000000084b00000, 0x0000000084a00000| Untracked 
|  75|0x0000000084b00000, 0x0000000084c00000, 0x0000000084c00000|100%| O|  |TAMS 0x0000000084c00000, 0x0000000084b00000| Untracked 
|  76|0x0000000084c00000, 0x0000000084d00000, 0x0000000084d00000|100%| O|  |TAMS 0x0000000084d00000, 0x0000000084c00000| Untracked 
|  77|0x0000000084d00000, 0x0000000084e00000, 0x0000000084e00000|100%| O|  |TAMS 0x0000000084e00000, 0x0000000084d00000| Untracked 
|  78|0x0000000084e00000, 0x0000000084f00000, 0x0000000084f00000|100%|HS|  |TAMS 0x0000000084f00000, 0x0000000084e00000| Complete 
|  79|0x0000000084f00000, 0x0000000085000000, 0x0000000085000000|100%|HC|  |TAMS 0x0000000085000000, 0x0000000084f00000| Complete 
|  80|0x0000000085000000, 0x0000000085100000, 0x0000000085100000|100%| O|  |TAMS 0x0000000085100000, 0x0000000085000000| Untracked 
|  81|0x0000000085100000, 0x0000000085200000, 0x0000000085200000|100%| O|  |TAMS 0x0000000085200000, 0x0000000085100000| Untracked 
|  82|0x0000000085200000, 0x0000000085300000, 0x0000000085300000|100%| O|  |TAMS 0x0000000085300000, 0x0000000085200000| Untracked 
|  83|0x0000000085300000, 0x0000000085400000, 0x0000000085400000|100%| O|  |TAMS 0x0000000085400000, 0x0000000085300000| Untracked 
|  84|0x0000000085400000, 0x0000000085500000, 0x0000000085500000|100%| O|  |TAMS 0x0000000085500000, 0x0000000085400000| Untracked 
|  85|0x0000000085500000, 0x0000000085600000, 0x0000000085600000|100%| O|  |TAMS 0x0000000085600000, 0x0000000085500000| Untracked 
|  86|0x0000000085600000, 0x0000000085700000, 0x0000000085700000|100%| O|  |TAMS 0x0000000085700000, 0x0000000085600000| Untracked 
|  87|0x0000000085700000, 0x0000000085800000, 0x0000000085800000|100%| O|  |TAMS 0x0000000085800000, 0x0000000085700000| Untracked 
|  88|0x0000000085800000, 0x0000000085900000, 0x0000000085900000|100%| O|  |TAMS 0x0000000085900000, 0x0000000085800000| Untracked 
|  89|0x0000000085900000, 0x0000000085a00000, 0x0000000085a00000|100%| O|  |TAMS 0x0000000085a00000, 0x0000000085900000| Untracked 
|  90|0x0000000085a00000, 0x0000000085b00000, 0x0000000085b00000|100%| O|  |TAMS 0x0000000085b00000, 0x0000000085a00000| Untracked 
|  91|0x0000000085b00000, 0x0000000085c00000, 0x0000000085c00000|100%| O|  |TAMS 0x0000000085c00000, 0x0000000085b00000| Untracked 
|  92|0x0000000085c00000, 0x0000000085d00000, 0x0000000085d00000|100%| O|  |TAMS 0x0000000085d00000, 0x0000000085c00000| Untracked 
|  93|0x0000000085d00000, 0x0000000085d2a200, 0x0000000085e00000| 16%| O|  |TAMS 0x0000000085d2a200, 0x0000000085d00000| Untracked 
|  94|0x0000000085e00000, 0x0000000085e00000, 0x0000000085f00000|  0%| F|  |TAMS 0x0000000085e00000, 0x0000000085e00000| Untracked 
|  95|0x0000000085f00000, 0x0000000085f00000, 0x0000000086000000|  0%| F|  |TAMS 0x0000000085f00000, 0x0000000085f00000| Untracked 
|  96|0x0000000086000000, 0x0000000086000000, 0x0000000086100000|  0%| F|  |TAMS 0x0000000086000000, 0x0000000086000000| Untracked 
|  97|0x0000000086100000, 0x0000000086100000, 0x0000000086200000|  0%| F|  |TAMS 0x0000000086100000, 0x0000000086100000| Untracked 
|  98|0x0000000086200000, 0x0000000086200000, 0x0000000086300000|  0%| F|  |TAMS 0x0000000086200000, 0x0000000086200000| Untracked 
|  99|0x0000000086300000, 0x0000000086300000, 0x0000000086400000|  0%| F|  |TAMS 0x0000000086300000, 0x0000000086300000| Untracked 
| 100|0x0000000086400000, 0x0000000086400000, 0x0000000086500000|  0%| F|  |TAMS 0x0000000086400000, 0x0000000086400000| Untracked 
| 101|0x0000000086500000, 0x0000000086500000, 0x0000000086600000|  0%| F|  |TAMS 0x0000000086500000, 0x0000000086500000| Untracked 
| 102|0x0000000086600000, 0x0000000086600000, 0x0000000086700000|  0%| F|  |TAMS 0x0000000086600000, 0x0000000086600000| Untracked 
| 103|0x0000000086700000, 0x0000000086700000, 0x0000000086800000|  0%| F|  |TAMS 0x0000000086700000, 0x0000000086700000| Untracked 
| 104|0x0000000086800000, 0x0000000086800000, 0x0000000086900000|  0%| F|  |TAMS 0x0000000086800000, 0x0000000086800000| Untracked 
| 105|0x0000000086900000, 0x0000000086900000, 0x0000000086a00000|  0%| F|  |TAMS 0x0000000086900000, 0x0000000086900000| Untracked 
| 106|0x0000000086a00000, 0x0000000086a00000, 0x0000000086b00000|  0%| F|  |TAMS 0x0000000086a00000, 0x0000000086a00000| Untracked 
| 107|0x0000000086b00000, 0x0000000086b00000, 0x0000000086c00000|  0%| F|  |TAMS 0x0000000086b00000, 0x0000000086b00000| Untracked 
| 108|0x0000000086c00000, 0x0000000086c00000, 0x0000000086d00000|  0%| F|  |TAMS 0x0000000086c00000, 0x0000000086c00000| Untracked 
| 109|0x0000000086d00000, 0x0000000086d00000, 0x0000000086e00000|  0%| F|  |TAMS 0x0000000086d00000, 0x0000000086d00000| Untracked 
| 110|0x0000000086e00000, 0x0000000086e00000, 0x0000000086f00000|  0%| F|  |TAMS 0x0000000086e00000, 0x0000000086e00000| Untracked 
| 111|0x0000000086f00000, 0x0000000086f00000, 0x0000000087000000|  0%| F|  |TAMS 0x0000000086f00000, 0x0000000086f00000| Untracked 
| 112|0x0000000087000000, 0x0000000087000000, 0x0000000087100000|  0%| F|  |TAMS 0x0000000087000000, 0x0000000087000000| Untracked 
| 113|0x0000000087100000, 0x0000000087100000, 0x0000000087200000|  0%| F|  |TAMS 0x0000000087100000, 0x0000000087100000| Untracked 
| 114|0x0000000087200000, 0x0000000087200000, 0x0000000087300000|  0%| F|  |TAMS 0x0000000087200000, 0x0000000087200000| Untracked 
| 115|0x0000000087300000, 0x0000000087300000, 0x0000000087400000|  0%| F|  |TAMS 0x0000000087300000, 0x0000000087300000| Untracked 
| 116|0x0000000087400000, 0x0000000087400000, 0x0000000087500000|  0%| F|  |TAMS 0x0000000087400000, 0x0000000087400000| Untracked 
| 117|0x0000000087500000, 0x0000000087500000, 0x0000000087600000|  0%| F|  |TAMS 0x0000000087500000, 0x0000000087500000| Untracked 
| 118|0x0000000087600000, 0x0000000087600000, 0x0000000087700000|  0%| F|  |TAMS 0x0000000087600000, 0x0000000087600000| Untracked 
| 119|0x0000000087700000, 0x0000000087700000, 0x0000000087800000|  0%| F|  |TAMS 0x0000000087700000, 0x0000000087700000| Untracked 
| 120|0x0000000087800000, 0x0000000087800000, 0x0000000087900000|  0%| F|  |TAMS 0x0000000087800000, 0x0000000087800000| Untracked 
| 121|0x0000000087900000, 0x0000000087900000, 0x0000000087a00000|  0%| F|  |TAMS 0x0000000087900000, 0x0000000087900000| Untracked 
| 122|0x0000000087a00000, 0x0000000087a00000, 0x0000000087b00000|  0%| F|  |TAMS 0x0000000087a00000, 0x0000000087a00000| Untracked 
| 123|0x0000000087b00000, 0x0000000087b00000, 0x0000000087c00000|  0%| F|  |TAMS 0x0000000087b00000, 0x0000000087b00000| Untracked 
| 124|0x0000000087c00000, 0x0000000087c00000, 0x0000000087d00000|  0%| F|  |TAMS 0x0000000087c00000, 0x0000000087c00000| Untracked 
| 125|0x0000000087d00000, 0x0000000087d00000, 0x0000000087e00000|  0%| F|  |TAMS 0x0000000087d00000, 0x0000000087d00000| Untracked 
| 126|0x0000000087e00000, 0x0000000087e00000, 0x0000000087f00000|  0%| F|  |TAMS 0x0000000087e00000, 0x0000000087e00000| Untracked 
| 127|0x0000000087f00000, 0x0000000087f00000, 0x0000000088000000|  0%| F|  |TAMS 0x0000000087f00000, 0x0000000087f00000| Untracked 
| 128|0x0000000088000000, 0x0000000088000000, 0x0000000088100000|  0%| F|  |TAMS 0x0000000088000000, 0x0000000088000000| Untracked 
| 129|0x0000000088100000, 0x0000000088100000, 0x0000000088200000|  0%| F|  |TAMS 0x0000000088100000, 0x0000000088100000| Untracked 
| 130|0x0000000088200000, 0x0000000088200000, 0x0000000088300000|  0%| F|  |TAMS 0x0000000088200000, 0x0000000088200000| Untracked 
| 131|0x0000000088300000, 0x0000000088300000, 0x0000000088400000|  0%| F|  |TAMS 0x0000000088300000, 0x0000000088300000| Untracked 
| 132|0x0000000088400000, 0x0000000088400000, 0x0000000088500000|  0%| F|  |TAMS 0x0000000088400000, 0x0000000088400000| Untracked 
| 133|0x0000000088500000, 0x0000000088500000, 0x0000000088600000|  0%| F|  |TAMS 0x0000000088500000, 0x0000000088500000| Untracked 
| 134|0x0000000088600000, 0x0000000088600000, 0x0000000088700000|  0%| F|  |TAMS 0x0000000088600000, 0x0000000088600000| Untracked 
| 135|0x0000000088700000, 0x0000000088700000, 0x0000000088800000|  0%| F|  |TAMS 0x0000000088700000, 0x0000000088700000| Untracked 
| 136|0x0000000088800000, 0x0000000088800000, 0x0000000088900000|  0%| F|  |TAMS 0x0000000088800000, 0x0000000088800000| Untracked 
| 137|0x0000000088900000, 0x0000000088900000, 0x0000000088a00000|  0%| F|  |TAMS 0x0000000088900000, 0x0000000088900000| Untracked 
| 138|0x0000000088a00000, 0x0000000088a00000, 0x0000000088b00000|  0%| F|  |TAMS 0x0000000088a00000, 0x0000000088a00000| Untracked 
| 139|0x0000000088b00000, 0x0000000088b00000, 0x0000000088c00000|  0%| F|  |TAMS 0x0000000088b00000, 0x0000000088b00000| Untracked 
| 140|0x0000000088c00000, 0x0000000088c00000, 0x0000000088d00000|  0%| F|  |TAMS 0x0000000088c00000, 0x0000000088c00000| Untracked 
| 141|0x0000000088d00000, 0x0000000088d00000, 0x0000000088e00000|  0%| F|  |TAMS 0x0000000088d00000, 0x0000000088d00000| Untracked 
| 142|0x0000000088e00000, 0x0000000088e00000, 0x0000000088f00000|  0%| F|  |TAMS 0x0000000088e00000, 0x0000000088e00000| Untracked 
| 143|0x0000000088f00000, 0x0000000088f00000, 0x0000000089000000|  0%| F|  |TAMS 0x0000000088f00000, 0x0000000088f00000| Untracked 
| 144|0x0000000089000000, 0x0000000089000000, 0x0000000089100000|  0%| F|  |TAMS 0x0000000089000000, 0x0000000089000000| Untracked 
| 145|0x0000000089100000, 0x0000000089100000, 0x0000000089200000|  0%| F|  |TAMS 0x0000000089100000, 0x0000000089100000| Untracked 
| 146|0x0000000089200000, 0x0000000089200000, 0x0000000089300000|  0%| F|  |TAMS 0x0000000089200000, 0x0000000089200000| Untracked 
| 147|0x0000000089300000, 0x0000000089300000, 0x0000000089400000|  0%| F|  |TAMS 0x0000000089300000, 0x0000000089300000| Untracked 
| 148|0x0000000089400000, 0x0000000089400000, 0x0000000089500000|  0%| F|  |TAMS 0x0000000089400000, 0x0000000089400000| Untracked 
| 149|0x0000000089500000, 0x0000000089500000, 0x0000000089600000|  0%| F|  |TAMS 0x0000000089500000, 0x0000000089500000| Untracked 
| 150|0x0000000089600000, 0x0000000089600000, 0x0000000089700000|  0%| F|  |TAMS 0x0000000089600000, 0x0000000089600000| Untracked 
| 151|0x0000000089700000, 0x0000000089700000, 0x0000000089800000|  0%| F|  |TAMS 0x0000000089700000, 0x0000000089700000| Untracked 
| 152|0x0000000089800000, 0x0000000089800000, 0x0000000089900000|  0%| F|  |TAMS 0x0000000089800000, 0x0000000089800000| Untracked 
| 153|0x0000000089900000, 0x0000000089900000, 0x0000000089a00000|  0%| F|  |TAMS 0x0000000089900000, 0x0000000089900000| Untracked 
| 154|0x0000000089a00000, 0x0000000089a00000, 0x0000000089b00000|  0%| F|  |TAMS 0x0000000089a00000, 0x0000000089a00000| Untracked 
| 155|0x0000000089b00000, 0x0000000089b00000, 0x0000000089c00000|  0%| F|  |TAMS 0x0000000089b00000, 0x0000000089b00000| Untracked 
| 156|0x0000000089c00000, 0x0000000089c00000, 0x0000000089d00000|  0%| F|  |TAMS 0x0000000089c00000, 0x0000000089c00000| Untracked 
| 157|0x0000000089d00000, 0x0000000089d00000, 0x0000000089e00000|  0%| F|  |TAMS 0x0000000089d00000, 0x0000000089d00000| Untracked 
| 158|0x0000000089e00000, 0x0000000089e00000, 0x0000000089f00000|  0%| F|  |TAMS 0x0000000089e00000, 0x0000000089e00000| Untracked 
| 159|0x0000000089f00000, 0x0000000089f00000, 0x000000008a000000|  0%| F|  |TAMS 0x0000000089f00000, 0x0000000089f00000| Untracked 
| 160|0x000000008a000000, 0x000000008a000000, 0x000000008a100000|  0%| F|  |TAMS 0x000000008a000000, 0x000000008a000000| Untracked 
| 161|0x000000008a100000, 0x000000008a100000, 0x000000008a200000|  0%| F|  |TAMS 0x000000008a100000, 0x000000008a100000| Untracked 
| 162|0x000000008a200000, 0x000000008a200000, 0x000000008a300000|  0%| F|  |TAMS 0x000000008a200000, 0x000000008a200000| Untracked 
| 163|0x000000008a300000, 0x000000008a300000, 0x000000008a400000|  0%| F|  |TAMS 0x000000008a300000, 0x000000008a300000| Untracked 
| 164|0x000000008a400000, 0x000000008a400000, 0x000000008a500000|  0%| F|  |TAMS 0x000000008a400000, 0x000000008a400000| Untracked 
| 165|0x000000008a500000, 0x000000008a500000, 0x000000008a600000|  0%| F|  |TAMS 0x000000008a500000, 0x000000008a500000| Untracked 
| 166|0x000000008a600000, 0x000000008a600000, 0x000000008a700000|  0%| F|  |TAMS 0x000000008a600000, 0x000000008a600000| Untracked 
| 167|0x000000008a700000, 0x000000008a700000, 0x000000008a800000|  0%| F|  |TAMS 0x000000008a700000, 0x000000008a700000| Untracked 
| 168|0x000000008a800000, 0x000000008a800000, 0x000000008a900000|  0%| F|  |TAMS 0x000000008a800000, 0x000000008a800000| Untracked 
| 169|0x000000008a900000, 0x000000008a900000, 0x000000008aa00000|  0%| F|  |TAMS 0x000000008a900000, 0x000000008a900000| Untracked 
| 170|0x000000008aa00000, 0x000000008aa00000, 0x000000008ab00000|  0%| F|  |TAMS 0x000000008aa00000, 0x000000008aa00000| Untracked 
| 171|0x000000008ab00000, 0x000000008ab00000, 0x000000008ac00000|  0%| F|  |TAMS 0x000000008ab00000, 0x000000008ab00000| Untracked 
| 172|0x000000008ac00000, 0x000000008ac00000, 0x000000008ad00000|  0%| F|  |TAMS 0x000000008ac00000, 0x000000008ac00000| Untracked 
| 173|0x000000008ad00000, 0x000000008ad00000, 0x000000008ae00000|  0%| F|  |TAMS 0x000000008ad00000, 0x000000008ad00000| Untracked 
| 174|0x000000008ae00000, 0x000000008ae00000, 0x000000008af00000|  0%| F|  |TAMS 0x000000008ae00000, 0x000000008ae00000| Untracked 
| 175|0x000000008af00000, 0x000000008af00000, 0x000000008b000000|  0%| F|  |TAMS 0x000000008af00000, 0x000000008af00000| Untracked 
| 176|0x000000008b000000, 0x000000008b000000, 0x000000008b100000|  0%| F|  |TAMS 0x000000008b000000, 0x000000008b000000| Untracked 
| 177|0x000000008b100000, 0x000000008b100000, 0x000000008b200000|  0%| F|  |TAMS 0x000000008b100000, 0x000000008b100000| Untracked 
| 178|0x000000008b200000, 0x000000008b200000, 0x000000008b300000|  0%| F|  |TAMS 0x000000008b200000, 0x000000008b200000| Untracked 
| 179|0x000000008b300000, 0x000000008b300000, 0x000000008b400000|  0%| F|  |TAMS 0x000000008b300000, 0x000000008b300000| Untracked 
| 180|0x000000008b400000, 0x000000008b400000, 0x000000008b500000|  0%| F|  |TAMS 0x000000008b400000, 0x000000008b400000| Untracked 
| 181|0x000000008b500000, 0x000000008b500000, 0x000000008b600000|  0%| F|  |TAMS 0x000000008b500000, 0x000000008b500000| Untracked 
| 182|0x000000008b600000, 0x000000008b600000, 0x000000008b700000|  0%| F|  |TAMS 0x000000008b600000, 0x000000008b600000| Untracked 
| 183|0x000000008b700000, 0x000000008b700000, 0x000000008b800000|  0%| F|  |TAMS 0x000000008b700000, 0x000000008b700000| Untracked 
| 184|0x000000008b800000, 0x000000008b800000, 0x000000008b900000|  0%| F|  |TAMS 0x000000008b800000, 0x000000008b800000| Untracked 
| 185|0x000000008b900000, 0x000000008b900000, 0x000000008ba00000|  0%| F|  |TAMS 0x000000008b900000, 0x000000008b900000| Untracked 
| 186|0x000000008ba00000, 0x000000008ba00000, 0x000000008bb00000|  0%| F|  |TAMS 0x000000008ba00000, 0x000000008ba00000| Untracked 
| 187|0x000000008bb00000, 0x000000008bb00000, 0x000000008bc00000|  0%| F|  |TAMS 0x000000008bb00000, 0x000000008bb00000| Untracked 
| 188|0x000000008bc00000, 0x000000008bc00000, 0x000000008bd00000|  0%| F|  |TAMS 0x000000008bc00000, 0x000000008bc00000| Untracked 
| 189|0x000000008bd00000, 0x000000008bd00000, 0x000000008be00000|  0%| F|  |TAMS 0x000000008bd00000, 0x000000008bd00000| Untracked 
| 190|0x000000008be00000, 0x000000008be00000, 0x000000008bf00000|  0%| F|  |TAMS 0x000000008be00000, 0x000000008be00000| Untracked 
| 191|0x000000008bf00000, 0x000000008bf00000, 0x000000008c000000|  0%| F|  |TAMS 0x000000008bf00000, 0x000000008bf00000| Untracked 
| 192|0x000000008c000000, 0x000000008c000000, 0x000000008c100000|  0%| F|  |TAMS 0x000000008c000000, 0x000000008c000000| Untracked 
| 193|0x000000008c100000, 0x000000008c157620, 0x000000008c200000| 34%| S|CS|TAMS 0x000000008c100000, 0x000000008c100000| Complete 
| 194|0x000000008c200000, 0x000000008c300000, 0x000000008c300000|100%| S|CS|TAMS 0x000000008c200000, 0x000000008c200000| Complete 
| 195|0x000000008c300000, 0x000000008c400000, 0x000000008c400000|100%| S|CS|TAMS 0x000000008c300000, 0x000000008c300000| Complete 
| 196|0x000000008c400000, 0x000000008c500000, 0x000000008c500000|100%| S|CS|TAMS 0x000000008c400000, 0x000000008c400000| Complete 
| 197|0x000000008c500000, 0x000000008c600000, 0x000000008c600000|100%| S|CS|TAMS 0x000000008c500000, 0x000000008c500000| Complete 
| 198|0x000000008c600000, 0x000000008c600000, 0x000000008c700000|  0%| F|  |TAMS 0x000000008c600000, 0x000000008c600000| Untracked 
| 199|0x000000008c700000, 0x000000008c700000, 0x000000008c800000|  0%| F|  |TAMS 0x000000008c700000, 0x000000008c700000| Untracked 
| 200|0x000000008c800000, 0x000000008c800000, 0x000000008c900000|  0%| F|  |TAMS 0x000000008c800000, 0x000000008c800000| Untracked 
| 201|0x000000008c900000, 0x000000008c900000, 0x000000008ca00000|  0%| F|  |TAMS 0x000000008c900000, 0x000000008c900000| Untracked 
| 202|0x000000008ca00000, 0x000000008ca00000, 0x000000008cb00000|  0%| F|  |TAMS 0x000000008ca00000, 0x000000008ca00000| Untracked 
| 203|0x000000008cb00000, 0x000000008cb00000, 0x000000008cc00000|  0%| F|  |TAMS 0x000000008cb00000, 0x000000008cb00000| Untracked 
| 204|0x000000008cc00000, 0x000000008cc00000, 0x000000008cd00000|  0%| F|  |TAMS 0x000000008cc00000, 0x000000008cc00000| Untracked 
| 205|0x000000008cd00000, 0x000000008cd00000, 0x000000008ce00000|  0%| F|  |TAMS 0x000000008cd00000, 0x000000008cd00000| Untracked 
| 206|0x000000008ce00000, 0x000000008ce00000, 0x000000008cf00000|  0%| F|  |TAMS 0x000000008ce00000, 0x000000008ce00000| Untracked 
| 207|0x000000008cf00000, 0x000000008cf00000, 0x000000008d000000|  0%| F|  |TAMS 0x000000008cf00000, 0x000000008cf00000| Untracked 
| 208|0x000000008d000000, 0x000000008d000000, 0x000000008d100000|  0%| F|  |TAMS 0x000000008d000000, 0x000000008d000000| Untracked 
| 209|0x000000008d100000, 0x000000008d100000, 0x000000008d200000|  0%| F|  |TAMS 0x000000008d100000, 0x000000008d100000| Untracked 
| 210|0x000000008d200000, 0x000000008d200000, 0x000000008d300000|  0%| F|  |TAMS 0x000000008d200000, 0x000000008d200000| Untracked 
| 211|0x000000008d300000, 0x000000008d300000, 0x000000008d400000|  0%| F|  |TAMS 0x000000008d300000, 0x000000008d300000| Untracked 
| 212|0x000000008d400000, 0x000000008d400000, 0x000000008d500000|  0%| F|  |TAMS 0x000000008d400000, 0x000000008d400000| Untracked 
| 213|0x000000008d500000, 0x000000008d500000, 0x000000008d600000|  0%| F|  |TAMS 0x000000008d500000, 0x000000008d500000| Untracked 
| 214|0x000000008d600000, 0x000000008d600000, 0x000000008d700000|  0%| F|  |TAMS 0x000000008d600000, 0x000000008d600000| Untracked 
| 215|0x000000008d700000, 0x000000008d700000, 0x000000008d800000|  0%| F|  |TAMS 0x000000008d700000, 0x000000008d700000| Untracked 
| 216|0x000000008d800000, 0x000000008d800000, 0x000000008d900000|  0%| F|  |TAMS 0x000000008d800000, 0x000000008d800000| Untracked 
| 217|0x000000008d900000, 0x000000008d900000, 0x000000008da00000|  0%| F|  |TAMS 0x000000008d900000, 0x000000008d900000| Untracked 
| 218|0x000000008da00000, 0x000000008da00000, 0x000000008db00000|  0%| F|  |TAMS 0x000000008da00000, 0x000000008da00000| Untracked 
| 219|0x000000008db00000, 0x000000008db00000, 0x000000008dc00000|  0%| F|  |TAMS 0x000000008db00000, 0x000000008db00000| Untracked 
| 220|0x000000008dc00000, 0x000000008dc00000, 0x000000008dd00000|  0%| F|  |TAMS 0x000000008dc00000, 0x000000008dc00000| Untracked 
| 221|0x000000008dd00000, 0x000000008dd00000, 0x000000008de00000|  0%| F|  |TAMS 0x000000008dd00000, 0x000000008dd00000| Untracked 
| 222|0x000000008de00000, 0x000000008de00000, 0x000000008df00000|  0%| F|  |TAMS 0x000000008de00000, 0x000000008de00000| Untracked 
| 223|0x000000008df00000, 0x000000008df00000, 0x000000008e000000|  0%| F|  |TAMS 0x000000008df00000, 0x000000008df00000| Untracked 
| 224|0x000000008e000000, 0x000000008e000000, 0x000000008e100000|  0%| F|  |TAMS 0x000000008e000000, 0x000000008e000000| Untracked 
| 225|0x000000008e100000, 0x000000008e100000, 0x000000008e200000|  0%| F|  |TAMS 0x000000008e100000, 0x000000008e100000| Untracked 
| 226|0x000000008e200000, 0x000000008e280800, 0x000000008e300000| 50%| E|  |TAMS 0x000000008e200000, 0x000000008e200000| Complete 
| 227|0x000000008e300000, 0x000000008e400000, 0x000000008e400000|100%| E|CS|TAMS 0x000000008e300000, 0x000000008e300000| Complete 
| 228|0x000000008e400000, 0x000000008e500000, 0x000000008e500000|100%| E|CS|TAMS 0x000000008e400000, 0x000000008e400000| Complete 
| 229|0x000000008e500000, 0x000000008e600000, 0x000000008e600000|100%| E|CS|TAMS 0x000000008e500000, 0x000000008e500000| Complete 
| 230|0x000000008e600000, 0x000000008e700000, 0x000000008e700000|100%| E|CS|TAMS 0x000000008e600000, 0x000000008e600000| Complete 
| 231|0x000000008e700000, 0x000000008e800000, 0x000000008e800000|100%| E|CS|TAMS 0x000000008e700000, 0x000000008e700000| Complete 
| 232|0x000000008e800000, 0x000000008e900000, 0x000000008e900000|100%| E|CS|TAMS 0x000000008e800000, 0x000000008e800000| Complete 
| 233|0x000000008e900000, 0x000000008ea00000, 0x000000008ea00000|100%| E|CS|TAMS 0x000000008e900000, 0x000000008e900000| Complete 
| 234|0x000000008ea00000, 0x000000008eb00000, 0x000000008eb00000|100%| E|CS|TAMS 0x000000008ea00000, 0x000000008ea00000| Complete 
| 235|0x000000008eb00000, 0x000000008ec00000, 0x000000008ec00000|100%| E|CS|TAMS 0x000000008eb00000, 0x000000008eb00000| Complete 
| 236|0x000000008ec00000, 0x000000008ed00000, 0x000000008ed00000|100%| E|CS|TAMS 0x000000008ec00000, 0x000000008ec00000| Complete 
| 237|0x000000008ed00000, 0x000000008ee00000, 0x000000008ee00000|100%| E|CS|TAMS 0x000000008ed00000, 0x000000008ed00000| Complete 
| 238|0x000000008ee00000, 0x000000008ef00000, 0x000000008ef00000|100%| E|CS|TAMS 0x000000008ee00000, 0x000000008ee00000| Complete 
| 239|0x000000008ef00000, 0x000000008f000000, 0x000000008f000000|100%| E|CS|TAMS 0x000000008ef00000, 0x000000008ef00000| Complete 
| 240|0x000000008f000000, 0x000000008f100000, 0x000000008f100000|100%| E|CS|TAMS 0x000000008f000000, 0x000000008f000000| Complete 
| 241|0x000000008f100000, 0x000000008f200000, 0x000000008f200000|100%| E|CS|TAMS 0x000000008f100000, 0x000000008f100000| Complete 
| 242|0x000000008f200000, 0x000000008f300000, 0x000000008f300000|100%| E|CS|TAMS 0x000000008f200000, 0x000000008f200000| Complete 
| 243|0x000000008f300000, 0x000000008f400000, 0x000000008f400000|100%| E|CS|TAMS 0x000000008f300000, 0x000000008f300000| Complete 
| 244|0x000000008f400000, 0x000000008f500000, 0x000000008f500000|100%| E|CS|TAMS 0x000000008f400000, 0x000000008f400000| Complete 
| 245|0x000000008f500000, 0x000000008f600000, 0x000000008f600000|100%| E|CS|TAMS 0x000000008f500000, 0x000000008f500000| Complete 
| 246|0x000000008f600000, 0x000000008f700000, 0x000000008f700000|100%| E|CS|TAMS 0x000000008f600000, 0x000000008f600000| Complete 
| 247|0x000000008f700000, 0x000000008f800000, 0x000000008f800000|100%| E|CS|TAMS 0x000000008f700000, 0x000000008f700000| Complete 
| 248|0x000000008f800000, 0x000000008f900000, 0x000000008f900000|100%| E|CS|TAMS 0x000000008f800000, 0x000000008f800000| Complete 
| 249|0x000000008f900000, 0x000000008fa00000, 0x000000008fa00000|100%| E|CS|TAMS 0x000000008f900000, 0x000000008f900000| Complete 
| 250|0x000000008fa00000, 0x000000008fb00000, 0x000000008fb00000|100%| E|CS|TAMS 0x000000008fa00000, 0x000000008fa00000| Complete 
| 251|0x000000008fb00000, 0x000000008fc00000, 0x000000008fc00000|100%| E|CS|TAMS 0x000000008fb00000, 0x000000008fb00000| Complete 
| 252|0x000000008fc00000, 0x000000008fd00000, 0x000000008fd00000|100%| E|CS|TAMS 0x000000008fc00000, 0x000000008fc00000| Complete 
| 253|0x000000008fd00000, 0x000000008fe00000, 0x000000008fe00000|100%| E|CS|TAMS 0x000000008fd00000, 0x000000008fd00000| Complete 

Card table byte_map: [0x0000024e9af50000,0x0000024e9b350000] _byte_map_base: 0x0000024e9ab50000

Marking Bits (Prev, Next): (CMBitMap*) 0x0000024e87b23490, (CMBitMap*) 0x0000024e87b23458
 Prev Bits: [0x0000024e9d750000, 0x0000024e9f750000)
 Next Bits: [0x0000024e9b750000, 0x0000024e9d750000)

Polling page: 0x0000024e85980000

Metaspace:

Usage:
  Non-class:     54.10 MB capacity,    52.93 MB ( 98%) used,     1.00 MB (  2%) free+waste,   175.31 KB ( <1%) overhead. 
      Class:      8.30 MB capacity,     7.68 MB ( 93%) used,   550.16 KB (  6%) free+waste,    83.75 KB ( <1%) overhead. 
       Both:     62.40 MB capacity,    60.61 MB ( 97%) used,     1.54 MB (  2%) free+waste,   259.06 KB ( <1%) overhead. 

Virtual space:
  Non-class space:       56.00 MB reserved,      54.11 MB ( 97%) committed 
      Class space:        1.00 GB reserved,       8.38 MB ( <1%) committed 
             Both:        1.05 GB reserved,      62.49 MB (  6%) committed 

Chunk freelists:
   Non-Class:  11.00 KB
       Class:  15.00 KB
        Both:  26.00 KB

MaxMetaspaceSize: 17179869184.00 GB
CompressedClassSpaceSize: 1.00 GB
Initial GC threshold: 20.80 MB
Current GC threshold: 97.90 MB
CDS: off

CodeHeap 'non-profiled nmethods': size=120000Kb used=3520Kb max_used=3520Kb free=116480Kb
 bounds [0x0000024e930d0000, 0x0000024e93440000, 0x0000024e9a600000]
CodeHeap 'profiled nmethods': size=120000Kb used=13076Kb max_used=13076Kb free=106923Kb
 bounds [0x0000024e8bba0000, 0x0000024e8c870000, 0x0000024e930d0000]
CodeHeap 'non-nmethods': size=5760Kb used=2329Kb max_used=2353Kb free=3430Kb
 bounds [0x0000024e8b600000, 0x0000024e8b870000, 0x0000024e8bba0000]
 total_blobs=7058 nmethods=6220 adapters=750
 compilation: enabled
              stopped_count=0, restarted_count=0
 full_count=0

Compilation events (20 events):
Event: 9.664 Thread 0x0000024ea2ca9000 6183       3       org.gradle.cache.Cache$$Lambda$69/0x000000010017b840::<init> (10 bytes)
Event: 9.665 Thread 0x0000024ea2ca9000 nmethod 6183 0x0000024e8c841490 code [0x0000024e8c841640, 0x0000024e8c8417f8]
Event: 9.665 Thread 0x0000024ea2ca9000 6184       3       jdk.internal.loader.URLClassPath$1::next (59 bytes)
Event: 9.665 Thread 0x0000024ea2ca9000 nmethod 6184 0x0000024e8c841890 code [0x0000024e8c841a80, 0x0000024e8c841e58]
Event: 9.666 Thread 0x0000024ea2ca9000 6185       3       java.util.Arrays::copyOf (19 bytes)
Event: 9.666 Thread 0x0000024ea2ca9000 nmethod 6185 0x0000024e8c841f90 code [0x0000024e8c842160, 0x0000024e8c842448]
Event: 9.671 Thread 0x0000024ea2ca9000 6186       3       sun.nio.fs.WindowsPath::equals (30 bytes)
Event: 9.672 Thread 0x0000024ea2ca9000 nmethod 6186 0x0000024e8c842590 code [0x0000024e8c842760, 0x0000024e8c842be8]
Event: 9.695 Thread 0x0000024ea2ca9000 6187       3       jdk.internal.loader.AbstractClassLoaderValue::extractValue (17 bytes)
Event: 9.695 Thread 0x0000024ea2ca9000 nmethod 6187 0x0000024e8c842c90 code [0x0000024e8c842e60, 0x0000024e8c8431c8]
Event: 9.697 Thread 0x0000024ead638000 nmethod 6142 0x0000024e9343bd90 code [0x0000024e9343bfc0, 0x0000024e9343d270]
Event: 9.697 Thread 0x0000024ead638000 6160       4       org.objectweb.asm.Frame::execute (2318 bytes)
Event: 9.703 Thread 0x0000024ea2ca9000 6188       3       jdk.internal.misc.Unsafe::allocateUninitializedArray0 (90 bytes)
Event: 9.704 Thread 0x0000024ea2ca9000 nmethod 6188 0x0000024e8c843290 code [0x0000024e8c843480, 0x0000024e8c843cd8]
Event: 9.704 Thread 0x0000024ea2ca9000 6189       3       java.lang.StringConcatHelper::newString (46 bytes)
Event: 9.705 Thread 0x0000024ea2ca9000 nmethod 6189 0x0000024e8c843e10 code [0x0000024e8c8440a0, 0x0000024e8c844b28]
Event: 9.705 Thread 0x0000024ea2ca9000 6190       3       java.util.logging.LogManager::getProperty (9 bytes)
Event: 9.705 Thread 0x0000024ea2ca9000 nmethod 6190 0x0000024e8c844f10 code [0x0000024e8c8450c0, 0x0000024e8c845288]
Event: 9.705 Thread 0x0000024ea2ca9000 6191       3       java.lang.invoke.LambdaForm$MH/0x00000001000e7440::invoke (155 bytes)
Event: 9.706 Thread 0x0000024ea2ca9000 nmethod 6191 0x0000024e8c845390 code [0x0000024e8c845620, 0x0000024e8c846578]

GC Heap History (14 events):
Event: 0.765 GC heap before
{Heap before GC invocations=0 (full 0):
 garbage-first heap   total 260096K, used 29696K [0x0000000080000000, 0x0000000100000000)
  region size 1024K, 24 young (24576K), 0 survivors (0K)
 Metaspace       used 10117K, capacity 10391K, committed 10624K, reserved 1058816K
  class space    used 1044K, capacity 1106K, committed 1152K, reserved 1048576K
}
Event: 0.769 GC heap after
{Heap after GC invocations=1 (full 0):
 garbage-first heap   total 260096K, used 9472K [0x0000000080000000, 0x0000000100000000)
  region size 1024K, 3 young (3072K), 3 survivors (3072K)
 Metaspace       used 10117K, capacity 10391K, committed 10624K, reserved 1058816K
  class space    used 1044K, capacity 1106K, committed 1152K, reserved 1048576K
}
Event: 3.285 GC heap before
{Heap before GC invocations=1 (full 0):
 garbage-first heap   total 260096K, used 110848K [0x0000000080000000, 0x0000000100000000)
  region size 1024K, 103 young (105472K), 3 survivors (3072K)
 Metaspace       used 20670K, capacity 21154K, committed 21296K, reserved 1069056K
  class space    used 2512K, capacity 2665K, committed 2688K, reserved 1048576K
}
Event: 3.295 GC heap after
{Heap after GC invocations=2 (full 0):
 garbage-first heap   total 260096K, used 16910K [0x0000000080000000, 0x0000000100000000)
  region size 1024K, 11 young (11264K), 11 survivors (11264K)
 Metaspace       used 20670K, capacity 21154K, committed 21296K, reserved 1069056K
  class space    used 2512K, capacity 2665K, committed 2688K, reserved 1048576K
}
Event: 4.163 GC heap before
{Heap before GC invocations=3 (full 0):
 garbage-first heap   total 260096K, used 93710K [0x0000000080000000, 0x0000000100000000)
  region size 1024K, 75 young (76800K), 11 survivors (11264K)
 Metaspace       used 27148K, capacity 27946K, committed 28080K, reserved 1073152K
  class space    used 3553K, capacity 3824K, committed 3840K, reserved 1048576K
}
Event: 4.171 GC heap after
{Heap after GC invocations=4 (full 0):
 garbage-first heap   total 260096K, used 35356K [0x0000000080000000, 0x0000000100000000)
  region size 1024K, 7 young (7168K), 7 survivors (7168K)
 Metaspace       used 27148K, capacity 27946K, committed 28080K, reserved 1073152K
  class space    used 3553K, capacity 3824K, committed 3840K, reserved 1048576K
}
Event: 5.223 GC heap before
{Heap before GC invocations=4 (full 0):
 garbage-first heap   total 260096K, used 111132K [0x0000000080000000, 0x0000000100000000)
  region size 1024K, 77 young (78848K), 7 survivors (7168K)
 Metaspace       used 34581K, capacity 35553K, committed 35632K, reserved 1079296K
  class space    used 4588K, capacity 4939K, committed 4992K, reserved 1048576K
}
Event: 5.235 GC heap after
{Heap after GC invocations=5 (full 0):
 garbage-first heap   total 260096K, used 43346K [0x0000000080000000, 0x0000000100000000)
  region size 1024K, 9 young (9216K), 9 survivors (9216K)
 Metaspace       used 34581K, capacity 35553K, committed 35632K, reserved 1079296K
  class space    used 4588K, capacity 4939K, committed 4992K, reserved 1048576K
}
Event: 7.054 GC heap before
{Heap before GC invocations=6 (full 0):
 garbage-first heap   total 260096K, used 183634K [0x0000000080000000, 0x0000000100000000)
  region size 1024K, 131 young (134144K), 9 survivors (9216K)
 Metaspace       used 45956K, capacity 47181K, committed 47408K, reserved 1091584K
  class space    used 5760K, capacity 6245K, committed 6272K, reserved 1048576K
}
Event: 7.066 GC heap after
{Heap after GC invocations=7 (full 0):
 garbage-first heap   total 260096K, used 68144K [0x0000000080000000, 0x0000000100000000)
  region size 1024K, 16 young (16384K), 16 survivors (16384K)
 Metaspace       used 45956K, capacity 47181K, committed 47408K, reserved 1091584K
  class space    used 5760K, capacity 6245K, committed 6272K, reserved 1048576K
}
Event: 8.571 GC heap before
{Heap before GC invocations=7 (full 0):
 garbage-first heap   total 260096K, used 203312K [0x0000000080000000, 0x0000000100000000)
  region size 1024K, 136 young (139264K), 16 survivors (16384K)
 Metaspace       used 51421K, capacity 53107K, committed 53168K, reserved 1095680K
  class space    used 6570K, capacity 7120K, committed 7168K, reserved 1048576K
}
Event: 8.585 GC heap after
{Heap after GC invocations=8 (full 0):
 garbage-first heap   total 260096K, used 93007K [0x0000000080000000, 0x0000000100000000)
  region size 1024K, 13 young (13312K), 13 survivors (13312K)
 Metaspace       used 51421K, capacity 53107K, committed 53168K, reserved 1095680K
  class space    used 6570K, capacity 7120K, committed 7168K, reserved 1048576K
}
Event: 9.272 GC heap before
{Heap before GC invocations=8 (full 0):
 garbage-first heap   total 260096K, used 150351K [0x0000000080000000, 0x0000000100000000)
  region size 1024K, 69 young (70656K), 13 survivors (13312K)
 Metaspace       used 57855K, capacity 59587K, committed 59696K, reserved 1101824K
  class space    used 7354K, capacity 7959K, committed 8064K, reserved 1048576K
}
Event: 9.287 GC heap after
{Heap after GC invocations=9 (full 0):
 garbage-first heap   total 260096K, used 98822K [0x0000000080000000, 0x0000000100000000)
  region size 1024K, 5 young (5120K), 5 survivors (5120K)
 Metaspace       used 57855K, capacity 59587K, committed 59696K, reserved 1101824K
  class space    used 7354K, capacity 7959K, committed 8064K, reserved 1048576K
}

Deoptimization events (20 events):
Event: 9.476 Thread 0x0000024ea45d1000 Uncommon trap: trap_request=0xffffffde fr.pc=0x0000024e932ca914 relative=0x0000000000001414
Event: 9.476 Thread 0x0000024ea45d1000 Uncommon trap: reason=class_check action=maybe_recompile pc=0x0000024e932ca914 method=jdk.internal.loader.BuiltinClassLoader.loadClassOrNull(Ljava/lang/String;Z)Ljava/lang/Class; @ 86 c2
Event: 9.476 Thread 0x0000024ea45d1000 DEOPT PACKING pc=0x0000024e932ca914 sp=0x0000005081ff55e0
Event: 9.476 Thread 0x0000024ea45d1000 DEOPT UNPACKING pc=0x0000024e8b64a1af sp=0x0000005081ff55a8 mode 2
Event: 9.715 Thread 0x0000024ea45d1000 Uncommon trap: trap_request=0xffffffde fr.pc=0x0000024e9343972c relative=0x000000000000010c
Event: 9.715 Thread 0x0000024ea45d1000 Uncommon trap: reason=class_check action=maybe_recompile pc=0x0000024e9343972c method=java.lang.reflect.Array.newInstance(Ljava/lang/Class;I)Ljava/lang/Object; @ 2 c2
Event: 9.715 Thread 0x0000024ea45d1000 DEOPT PACKING pc=0x0000024e9343972c sp=0x0000005081ff1df0
Event: 9.715 Thread 0x0000024ea45d1000 DEOPT UNPACKING pc=0x0000024e8b64a1af sp=0x0000005081ff1d88 mode 2
Event: 9.716 Thread 0x0000024ea45d1000 Uncommon trap: trap_request=0xffffffde fr.pc=0x0000024e9343972c relative=0x000000000000010c
Event: 9.716 Thread 0x0000024ea45d1000 Uncommon trap: reason=class_check action=maybe_recompile pc=0x0000024e9343972c method=java.lang.reflect.Array.newInstance(Ljava/lang/Class;I)Ljava/lang/Object; @ 2 c2
Event: 9.716 Thread 0x0000024ea45d1000 DEOPT PACKING pc=0x0000024e9343972c sp=0x0000005081ff1df0
Event: 9.716 Thread 0x0000024ea45d1000 DEOPT UNPACKING pc=0x0000024e8b64a1af sp=0x0000005081ff1d88 mode 2
Event: 9.717 Thread 0x0000024ea45d1000 Uncommon trap: trap_request=0xffffffde fr.pc=0x0000024e9343972c relative=0x000000000000010c
Event: 9.717 Thread 0x0000024ea45d1000 Uncommon trap: reason=class_check action=maybe_recompile pc=0x0000024e9343972c method=java.lang.reflect.Array.newInstance(Ljava/lang/Class;I)Ljava/lang/Object; @ 2 c2
Event: 9.717 Thread 0x0000024ea45d1000 DEOPT PACKING pc=0x0000024e9343972c sp=0x0000005081ff1df0
Event: 9.717 Thread 0x0000024ea45d1000 DEOPT UNPACKING pc=0x0000024e8b64a1af sp=0x0000005081ff1d88 mode 2
Event: 9.717 Thread 0x0000024ea45d1000 Uncommon trap: trap_request=0xffffffde fr.pc=0x0000024e9343972c relative=0x000000000000010c
Event: 9.717 Thread 0x0000024ea45d1000 Uncommon trap: reason=class_check action=maybe_recompile pc=0x0000024e9343972c method=java.lang.reflect.Array.newInstance(Ljava/lang/Class;I)Ljava/lang/Object; @ 2 c2
Event: 9.717 Thread 0x0000024ea45d1000 DEOPT PACKING pc=0x0000024e9343972c sp=0x0000005081ff1df0
Event: 9.717 Thread 0x0000024ea45d1000 DEOPT UNPACKING pc=0x0000024e8b64a1af sp=0x0000005081ff1d88 mode 2

Classes redefined (0 events):
No events

Internal exceptions (20 events):
Event: 8.529 Thread 0x0000024ea45d1000 Exception <a 'java/security/PrivilegedActionException'{0x0000000088a2ec38}> (0x0000000088a2ec38) thrown at [./src/hotspot/share/prims/jvm.cpp, line 1306]
Event: 8.538 Thread 0x0000024ea45d1000 Exception <a 'java/security/PrivilegedActionException'{0x0000000088977ff8}> (0x0000000088977ff8) thrown at [./src/hotspot/share/prims/jvm.cpp, line 1306]
Event: 8.538 Thread 0x0000024ea45d1000 Exception <a 'java/security/PrivilegedActionException'{0x00000000889792b8}> (0x00000000889792b8) thrown at [./src/hotspot/share/prims/jvm.cpp, line 1306]
Event: 8.538 Thread 0x0000024ea45d1000 Exception <a 'java/security/PrivilegedActionException'{0x000000008897beb0}> (0x000000008897beb0) thrown at [./src/hotspot/share/prims/jvm.cpp, line 1306]
Event: 8.538 Thread 0x0000024ea45d1000 Exception <a 'java/security/PrivilegedActionException'{0x000000008897d170}> (0x000000008897d170) thrown at [./src/hotspot/share/prims/jvm.cpp, line 1306]
Event: 8.538 Thread 0x0000024ea45d1000 Exception <a 'java/security/PrivilegedActionException'{0x000000008897fe20}> (0x000000008897fe20) thrown at [./src/hotspot/share/prims/jvm.cpp, line 1306]
Event: 8.538 Thread 0x0000024ea45d1000 Exception <a 'java/security/PrivilegedActionException'{0x00000000889951e0}> (0x00000000889951e0) thrown at [./src/hotspot/share/prims/jvm.cpp, line 1306]
Event: 8.538 Thread 0x0000024ea45d1000 Exception <a 'java/security/PrivilegedActionException'{0x0000000088997de0}> (0x0000000088997de0) thrown at [./src/hotspot/share/prims/jvm.cpp, line 1306]
Event: 8.538 Thread 0x0000024ea45d1000 Exception <a 'java/security/PrivilegedActionException'{0x00000000889990a0}> (0x00000000889990a0) thrown at [./src/hotspot/share/prims/jvm.cpp, line 1306]
Event: 8.539 Thread 0x0000024ea45d1000 Exception <a 'java/security/PrivilegedActionException'{0x000000008899bcf0}> (0x000000008899bcf0) thrown at [./src/hotspot/share/prims/jvm.cpp, line 1306]
Event: 8.539 Thread 0x0000024ea45d1000 Exception <a 'java/security/PrivilegedActionException'{0x000000008899cfb0}> (0x000000008899cfb0) thrown at [./src/hotspot/share/prims/jvm.cpp, line 1306]
Event: 8.539 Thread 0x0000024ea45d1000 Exception <a 'java/security/PrivilegedActionException'{0x000000008899fc60}> (0x000000008899fc60) thrown at [./src/hotspot/share/prims/jvm.cpp, line 1306]
Event: 8.539 Thread 0x0000024ea45d1000 Exception <a 'java/security/PrivilegedActionException'{0x00000000889a0f20}> (0x00000000889a0f20) thrown at [./src/hotspot/share/prims/jvm.cpp, line 1306]
Event: 8.759 Thread 0x0000024ea45d1000 Exception <a 'java/lang/NoSuchMethodError'{0x000000008eb57350}: 'java.lang.Object java.lang.invoke.DirectMethodHandle$Holder.invokeStatic(java.lang.Object, java.lang.Object, java.lang.Object, java.lang.Object, int)'> (0x000000008eb57350) thrown at [./src/hotspot/share/interpreter/linkResolver.cpp, line 773]
Event: 8.759 Thread 0x0000024ea45d1000 Exception <a 'java/lang/NoSuchMethodError'{0x000000008eb5bff0}: 'java.lang.Object java.lang.invoke.DirectMethodHandle$Holder.invokeSpecial(java.lang.Object, java.lang.Object, java.lang.Object, java.lang.Object, java.lang.Object, int)'> (0x000000008eb5bff0) thrown at [./src/hotspot/share/interpreter/linkResolver.cpp, line 773]
Event: 8.759 Thread 0x0000024ea45d1000 Exception <a 'java/lang/NoSuchMethodError'{0x000000008eb608d8}: 'java.lang.Object java.lang.invoke.Invokers$Holder.linkToTargetMethod(java.lang.Object, java.lang.Object, java.lang.Object, int, java.lang.Object)'> (0x000000008eb608d8) thrown at [./src/hotspot/share/interpreter/linkResolver.cpp, line 773]
Event: 8.971 Thread 0x0000024ea45d1000 Exception <a 'java/lang/NoSuchMethodError'{0x000000008dbf2e98}: 'java.lang.Object java.lang.invoke.DirectMethodHandle$Holder.invokeSpecial(java.lang.Object, java.lang.Object, int, int, java.lang.Object, java.lang.Object, java.lang.Object)'> (0x000000008dbf2e98) thrown at [./src/hotspot/share/interpreter/linkResolver.cpp, line 773]
Event: 8.971 Thread 0x0000024ea45d1000 Exception <a 'java/lang/NoSuchMethodError'{0x000000008dbf76c0}: 'java.lang.Object java.lang.invoke.DelegatingMethodHandle$Holder.reinvoke_L(java.lang.Object, int, int, java.lang.Object, java.lang.Object, java.lang.Object)'> (0x000000008dbf76c0) thrown at [./src/hotspot/share/interpreter/linkResolver.cpp, line 773]
Event: 9.180 Thread 0x0000024ea45d1000 Exception <a 'java/lang/NoSuchMethodError'{0x000000008cd5aac8}: 'int java.lang.invoke.DirectMethodHandle$Holder.invokeInterface(java.lang.Object, java.lang.Object, java.lang.Object, java.lang.Object)'> (0x000000008cd5aac8) thrown at [./src/hotspot/share/interpreter/linkResolver.cpp, line 773]
Event: 9.706 Thread 0x0000024ea45d1000 Exception <a 'java/lang/IncompatibleClassChangeError'{0x000000008e4bc920}: Found class java.lang.Object, but interface was expected> (0x000000008e4bc920) thrown at [./src/hotspot/share/interpreter/linkResolver.cpp, line 839]

Events (20 events):
Event: 9.715 loading class com/sun/jmx/mbeanserver/MXBeanMapping done
Event: 9.715 loading class com/sun/jmx/mbeanserver/DefaultMXBeanMappingFactory$NonNullMXBeanMapping done
Event: 9.715 loading class com/sun/jmx/mbeanserver/DefaultMXBeanMappingFactory$IdentityMapping done
Event: 9.715 loading class javax/management/openmbean/ArrayType
Event: 9.716 loading class javax/management/openmbean/ArrayType done
Event: 9.718 loading class com/sun/jmx/mbeanserver/MBeanAnalyzer$AttrMethods
Event: 9.718 loading class com/sun/jmx/mbeanserver/MBeanAnalyzer$AttrMethods done
Event: 9.718 loading class javax/management/openmbean/CompositeType
Event: 9.718 loading class javax/management/openmbean/CompositeType done
Event: 9.718 loading class javax/management/openmbean/TabularType
Event: 9.719 loading class javax/management/openmbean/TabularType done
Event: 9.719 loading class com/sun/jmx/mbeanserver/DefaultMXBeanMappingFactory$TabularMapping
Event: 9.719 loading class com/sun/jmx/mbeanserver/DefaultMXBeanMappingFactory$TabularMapping done
Event: 9.720 loading class com/sun/jmx/mbeanserver/DefaultMXBeanMappingFactory$CollectionMapping
Event: 9.720 loading class com/sun/jmx/mbeanserver/DefaultMXBeanMappingFactory$CollectionMapping done
Event: 9.720 loading class com/sun/jmx/mbeanserver/MBeanIntrospector$MBeanInfoMaker
Event: 9.720 loading class com/sun/jmx/mbeanserver/MBeanAnalyzer$MBeanVisitor
Event: 9.720 loading class com/sun/jmx/mbeanserver/MBeanAnalyzer$MBeanVisitor done
Event: 9.720 loading class com/sun/jmx/mbeanserver/MBeanIntrospector$MBeanInfoMaker done
Event: 9.720 loading class javax/management/openmbean/OpenMBeanAttributeInfoSupport


Dynamic libraries:
0x00007ff7f0cc0000 - 0x00007ff7f0cca000 	C:\Program Files\Android\Android Studio\jre\bin\java.exe
0x00007ffcb2c70000 - 0x00007ffcb2e68000 	C:\WINDOWS\SYSTEM32\ntdll.dll
0x00007ffcb2080000 - 0x00007ffcb213f000 	C:\WINDOWS\System32\KERNEL32.DLL
0x00007ffcb0360000 - 0x00007ffcb0632000 	C:\WINDOWS\System32\KERNELBASE.dll
0x00007ffcb0840000 - 0x00007ffcb0940000 	C:\WINDOWS\System32\ucrtbase.dll
0x00007ffcabd80000 - 0x00007ffcabd99000 	C:\Program Files\Android\Android Studio\jre\bin\jli.dll
0x00007ffcaa710000 - 0x00007ffcaa727000 	C:\Program Files\Android\Android Studio\jre\bin\VCRUNTIME140.dll
0x00007ffcb0d70000 - 0x00007ffcb0f11000 	C:\WINDOWS\System32\USER32.dll
0x00007ffc9b980000 - 0x00007ffc9bc1a000 	C:\WINDOWS\WinSxS\amd64_microsoft.windows.common-controls_6595b64144ccf1df_6.0.19041.1110_none_60b5254171f9507e\COMCTL32.dll
0x00007ffcb0c80000 - 0x00007ffcb0ca2000 	C:\WINDOWS\System32\win32u.dll
0x00007ffcb1fe0000 - 0x00007ffcb207e000 	C:\WINDOWS\System32\msvcrt.dll
0x00007ffcb10d0000 - 0x00007ffcb10fb000 	C:\WINDOWS\System32\GDI32.dll
0x00007ffcb09f0000 - 0x00007ffcb0aff000 	C:\WINDOWS\System32\gdi32full.dll
0x00007ffcb0be0000 - 0x00007ffcb0c7d000 	C:\WINDOWS\System32\msvcp_win.dll
0x00007ffcb1f40000 - 0x00007ffcb1f72000 	C:\WINDOWS\System32\IMM32.DLL
0x00007ffca0ed0000 - 0x00007ffca0f6d000 	C:\Program Files\Android\Android Studio\jre\bin\msvcp140.dll
0x00007ffc78200000 - 0x00007ffc78d02000 	C:\Program Files\Android\Android Studio\jre\bin\server\jvm.dll
0x00007ffcb25b0000 - 0x00007ffcb265e000 	C:\WINDOWS\System32\ADVAPI32.dll
0x00007ffcb14c0000 - 0x00007ffcb155c000 	C:\WINDOWS\System32\sechost.dll
0x00007ffcb2a10000 - 0x00007ffcb2b35000 	C:\WINDOWS\System32\RPCRT4.dll
0x00007ffcb0d60000 - 0x00007ffcb0d68000 	C:\WINDOWS\System32\PSAPI.DLL
0x00007ffcaaa20000 - 0x00007ffcaaa29000 	C:\WINDOWS\SYSTEM32\WSOCK32.dll
0x00007ffc9bc20000 - 0x00007ffc9bc47000 	C:\WINDOWS\SYSTEM32\WINMM.dll
0x00007ffca5c00000 - 0x00007ffca5c0a000 	C:\WINDOWS\SYSTEM32\VERSION.dll
0x00007ffcb1ed0000 - 0x00007ffcb1f3b000 	C:\WINDOWS\System32\WS2_32.dll
0x00007ffcae1e0000 - 0x00007ffcae1f2000 	C:\WINDOWS\SYSTEM32\kernel.appcore.dll
0x00007ffcaaa40000 - 0x00007ffcaaa51000 	C:\Program Files\Android\Android Studio\jre\bin\verify.dll
0x00007ffc98c40000 - 0x00007ffc98e24000 	C:\WINDOWS\SYSTEM32\DBGHELP.DLL
0x00007ffc97b10000 - 0x00007ffc97b45000 	C:\WINDOWS\SYSTEM32\dbgcore.DLL
0x00007ffcb0b50000 - 0x00007ffcb0bd2000 	C:\WINDOWS\System32\bcryptPrimitives.dll
0x00007ffca1d70000 - 0x00007ffca1d99000 	C:\Program Files\Android\Android Studio\jre\bin\java.dll
0x00007ffcada60000 - 0x00007ffcada6b000 	C:\Program Files\Android\Android Studio\jre\bin\jimage.dll
0x00007ffcaa930000 - 0x00007ffcaa948000 	C:\Program Files\Android\Android Studio\jre\bin\zip.dll
0x00007ffcb1660000 - 0x00007ffcb1da4000 	C:\WINDOWS\System32\SHELL32.dll
0x00007ffcae3e0000 - 0x00007ffcaeb72000 	C:\WINDOWS\SYSTEM32\windows.storage.dll
0x00007ffcb1100000 - 0x00007ffcb1455000 	C:\WINDOWS\System32\combase.dll
0x00007ffcafce0000 - 0x00007ffcafd10000 	C:\WINDOWS\SYSTEM32\Wldp.dll
0x00007ffcb0cb0000 - 0x00007ffcb0d5d000 	C:\WINDOWS\System32\SHCORE.dll
0x00007ffcb15f0000 - 0x00007ffcb1645000 	C:\WINDOWS\System32\shlwapi.dll
0x00007ffcb02a0000 - 0x00007ffcb02bf000 	C:\WINDOWS\SYSTEM32\profapi.dll
0x00007ffcaa870000 - 0x00007ffcaa88a000 	C:\Program Files\Android\Android Studio\jre\bin\net.dll
0x00007ffca8940000 - 0x00007ffca8a4c000 	C:\WINDOWS\SYSTEM32\WINHTTP.dll
0x00007ffcafac0000 - 0x00007ffcafb2a000 	C:\WINDOWS\system32\mswsock.dll
0x00007ffca0b20000 - 0x00007ffca0b34000 	C:\Program Files\Android\Android Studio\jre\bin\nio.dll
0x00007ffc9e6b0000 - 0x00007ffc9e6d7000 	C:\Users\Laura\.gradle\native\e1d6ef7f7dcc3fd88c89a11ec53ec762bb8ba0a96d01ffa2cd45eb1d1d8dd5c5\windows-amd64\native-platform.dll
0x00007ffc81790000 - 0x00007ffc818d4000 	C:\Users\Laura\.gradle\native\0d407fdbe67a94daf76414ababcb853783967236a71b16ec16e742cd7a986fd3\windows-amd64\native-platform-file-events.dll
0x00007ffcaad30000 - 0x00007ffcaad3a000 	C:\Program Files\Android\Android Studio\jre\bin\management.dll
0x00007ffcaaa30000 - 0x00007ffcaaa3d000 	C:\Program Files\Android\Android Studio\jre\bin\management_ext.dll
0x00007ffcafd20000 - 0x00007ffcafd38000 	C:\WINDOWS\SYSTEM32\CRYPTSP.dll
0x00007ffcaf390000 - 0x00007ffcaf3c4000 	C:\WINDOWS\system32\rsaenh.dll
0x00007ffcb0810000 - 0x00007ffcb0837000 	C:\WINDOWS\System32\bcrypt.dll
0x00007ffcb0260000 - 0x00007ffcb028e000 	C:\WINDOWS\SYSTEM32\USERENV.dll
0x00007ffcafc50000 - 0x00007ffcafc5c000 	C:\WINDOWS\SYSTEM32\CRYPTBASE.dll
0x00007ffcaf780000 - 0x00007ffcaf7bb000 	C:\WINDOWS\SYSTEM32\IPHLPAPI.DLL
0x00007ffcb2a00000 - 0x00007ffcb2a08000 	C:\WINDOWS\System32\NSI.dll
0x00007ffca9090000 - 0x00007ffca90a7000 	C:\WINDOWS\SYSTEM32\dhcpcsvc6.DLL
0x00007ffca9070000 - 0x00007ffca908d000 	C:\WINDOWS\SYSTEM32\dhcpcsvc.DLL
0x00007ffcaf7c0000 - 0x00007ffcaf88a000 	C:\WINDOWS\SYSTEM32\DNSAPI.dll

dbghelp: loaded successfully - version: 4.0.5 - missing functions: none
symbol engine: initialized successfully - sym options: 0x614 - pdb path: .;C:\Program Files\Android\Android Studio\jre\bin;C:\WINDOWS\SYSTEM32;C:\WINDOWS\WinSxS\amd64_microsoft.windows.common-controls_6595b64144ccf1df_6.0.19041.1110_none_60b5254171f9507e;C:\Program Files\Android\Android Studio\jre\bin\server;C:\Users\Laura\.gradle\native\e1d6ef7f7dcc3fd88c89a11ec53ec762bb8ba0a96d01ffa2cd45eb1d1d8dd5c5\windows-amd64;C:\Users\Laura\.gradle\native\0d407fdbe67a94daf76414ababcb853783967236a71b16ec16e742cd7a986fd3\windows-amd64

VM Arguments:
jvm_args: --add-opens=java.base/java.util=ALL-UNNAMED --add-opens=java.base/java.lang=ALL-UNNAMED --add-opens=java.base/java.lang.invoke=ALL-UNNAMED --add-opens=java.base/java.util=ALL-UNNAMED --add-opens=java.prefs/java.util.prefs=ALL-UNNAMED --add-opens=java.prefs/java.util.prefs=ALL-UNNAMED --add-opens=java.base/java.nio.charset=ALL-UNNAMED --add-opens=java.base/java.net=ALL-UNNAMED --add-opens=java.base/java.util.concurrent.atomic=ALL-UNNAMED -Xmx2048m -Dfile.encoding=UTF-8 -Duser.country=ES -Duser.language=es -Duser.variant 
java_command: org.gradle.launcher.daemon.bootstrap.GradleDaemon 7.4
java_class_path (initial): C:\Users\Laura\.gradle\wrapper\dists\gradle-7.4-bin\c0gwcg53nkjbqw7r0h0umtfvt\gradle-7.4\lib\gradle-launcher-7.4.jar
Launcher Type: SUN_STANDARD

[Global flags]
     intx CICompilerCount                          = 4                                         {product} {ergonomic}
     uint ConcGCThreads                            = 3                                         {product} {ergonomic}
     uint G1ConcRefinementThreads                  = 10                                        {product} {ergonomic}
   size_t G1HeapRegionSize                         = 1048576                                   {product} {ergonomic}
    uintx GCDrainStackTargetSize                   = 64                                        {product} {ergonomic}
   size_t InitialHeapSize                          = 266338304                                 {product} {ergonomic}
   size_t MarkStackSize                            = 4194304                                   {product} {ergonomic}
   size_t MaxHeapSize                              = 2147483648                                {product} {command line}
   size_t MaxNewSize                               = 1287651328                                {product} {ergonomic}
   size_t MinHeapDeltaBytes                        = 1048576                                   {product} {ergonomic}
    uintx NonNMethodCodeHeapSize                   = 5836300                                {pd product} {ergonomic}
    uintx NonProfiledCodeHeapSize                  = 122910970                              {pd product} {ergonomic}
    uintx ProfiledCodeHeapSize                     = 122910970                              {pd product} {ergonomic}
    uintx ReservedCodeCacheSize                    = 251658240                              {pd product} {ergonomic}
     bool SegmentedCodeCache                       = true                                      {product} {ergonomic}
     bool UseCompressedClassPointers               = true                                 {lp64_product} {ergonomic}
     bool UseCompressedOops                        = true                                 {lp64_product} {ergonomic}
     bool UseG1GC                                  = true                                      {product} {ergonomic}
     bool UseLargePagesIndividualAllocation        = false                                  {pd product} {ergonomic}

Logging:
Log output configuration:
 #0: stdout all=warning uptime,level,tags
 #1: stderr all=off uptime,level,tags

Environment Variables:
PATH=C:\Program Files (x86)\VMware\VMware Workstation\bin\;C:\Program Files\Python38\Scripts\;C:\Program Files\Python38\;C:\Program Files (x86)\Common Files\Oracle\Java\javapath;C:\WINDOWS\system32;C:\WINDOWS;C:\WINDOWS\System32\Wbem;C:\WINDOWS\System32\WindowsPowerShell\v1.0\;C:\WINDOWS\System32\OpenSSH\;C:\Program Files\Docker\Docker\resources\bin;C:\ProgramData\DockerDesktop\version-bin;C:\Program Files\Git\cmd;C:\Users\Laura\AppData\Local\Programs\Python\Python310\Scripts\;C:\Users\Laura\AppData\Local\Programs\Python\Python310\;C:\Users\Laura\AppData\Local\Microsoft\WindowsApps;C:\Users\Laura\AppData\Local\Programs\Microsoft VS Code\bin;C:\Program Files\JetBrains\PyCharm Edu 2022.2\bin;
USERNAME=Laura
OS=Windows_NT
PROCESSOR_IDENTIFIER=Intel64 Family 6 Model 158 Stepping 10, GenuineIntel



---------------  S Y S T E M  ---------------

OS: Windows 10 , 64 bit Build 19041 (10.0.19041.2364)
OS uptime: 3 days 2:51 hours
Hyper-V role detected

CPU:total 12 (initial active 12) (6 cores per cpu, 2 threads per core) family 6 model 158 stepping 10 microcode 0xcc, cmov, cx8, fxsr, mmx, sse, sse2, sse3, ssse3, sse4.1, sse4.2, popcnt, avx, avx2, aes, clmul, erms, 3dnowpref, lzcnt, ht, tsc, tscinvbit, bmi1, bmi2, adx, fma

Memory: 4k page, system-wide physical 16221M (2314M free)
TotalPageFile size 19221M (AvailPageFile size 4M)
current process WorkingSet (physical memory assigned to process): 484M, peak: 484M
current process commit charge ("private bytes"): 548M, peak: 548M

vm_info: OpenJDK 64-Bit Server VM (11.0.13+0-b1751.21-8125866) for windows-amd64 JRE (11.0.13+0-b1751.21-8125866), built on Feb  2 2022 03:00:22 by "builder" with MS VC++ 14.0 (VS2015)

END.
