#
# There is insufficient memory for the Java Runtime Environment to continue.
# Native memory allocation (malloc) failed to allocate 1971216 bytes for Chunk::new
# Possible reasons:
#   The system is out of physical RAM or swap space
#   The process is running with CompressedOops enabled, and the Java Heap may be blocking the growth of the native heap
# Possible solutions:
#   Reduce memory load on the system
#   Increase physical memory or swap space
#   Check if swap backing store is full
#   Decrease Java heap size (-Xmx/-Xms)
#   Decrease number of Java threads
#   Decrease Java thread stack sizes (-Xss)
#   Set larger code cache with -XX:ReservedCodeCacheSize=
#   JVM is running with Zero Based Compressed Oops mode in which the Java heap is
#     placed in the first 32GB address space. The Java Heap base address is the
#     maximum limit for the native heap growth. Please use -XX:HeapBaseMinAddress
#     to set the Java Heap base and to place the Java Heap above 32GB virtual address.
# This output file may be truncated or incomplete.
#
#  Out of Memory Error (./src/hotspot/share/memory/arena.cpp:197), pid=5128, tid=5452
#
# JRE version: OpenJDK Runtime Environment (11.0.13) (build 11.0.13+0-b1751.21-8125866)
# Java VM: OpenJDK 64-Bit Server VM (11.0.13+0-b1751.21-8125866, mixed mode, tiered, compressed oops, g1 gc, windows-amd64)
# No core dump will be written. Minidumps are not enabled by default on client versions of Windows
#

---------------  S U M M A R Y ------------

Command Line: org.jetbrains.kotlin.cli.jvm.K2JVMCompiler @C:\Users\Laura\AndroidStudioProjects\Proyecto_TFG_Congreso_Mudanzas\app\build\20230117_7775627088080858238.compiler.options

Host: Intel(R) Core(TM) i7-9750H CPU @ 2.60GHz, 12 cores, 15G,  Windows 10 , 64 bit Build 19041 (10.0.19041.2364)
Time: Tue Jan 17 19:39:02 2023 Hora estándar romance elapsed time: 2.754358 seconds (0d 0h 0m 2s)

---------------  T H R E A D  ---------------

Current thread (0x000001fce1c43000):  JavaThread "C2 CompilerThread0" daemon [_thread_in_native, id=5452, stack(0x000000a6ee500000,0x000000a6ee600000)]


Current CompileTask:
C2:   2754 2402   !   4       jdk.internal.loader.BuiltinClassLoader::loadClassOrNull (143 bytes)

Stack: [0x000000a6ee500000,0x000000a6ee600000]
Native frames: (J=compiled Java code, j=interpreted, Vv=VM code, C=native code)
V  [jvm.dll+0x6100fa]
V  [jvm.dll+0x747090]
V  [jvm.dll+0x7486ad]
V  [jvm.dll+0x748d83]
V  [jvm.dll+0x24ab48]
V  [jvm.dll+0xc04dc]
V  [jvm.dll+0xc0a0c]
V  [jvm.dll+0x35eb9d]
V  [jvm.dll+0x32b833]
V  [jvm.dll+0x32ad2a]
V  [jvm.dll+0x2032b2]
V  [jvm.dll+0x202437]
V  [jvm.dll+0x188e01]
V  [jvm.dll+0x21106b]
V  [jvm.dll+0x20f8c1]
V  [jvm.dll+0x70de0f]
V  [jvm.dll+0x706a75]
V  [jvm.dll+0x60ed66]
C  [ucrtbase.dll+0x21bb2]
C  [KERNEL32.DLL+0x17614]
C  [ntdll.dll+0x526a1]


---------------  P R O C E S S  ---------------

Threads class SMR info:
_java_thread_list=0x000001fce2f631f0, length=12, elements={
0x000001fcc17ab800, 0x000001fce1c34800, 0x000001fce1377800, 0x000001fce1c38800,
0x000001fce1c3b800, 0x000001fce1c3c800, 0x000001fce1c43000, 0x000001fce1cb1800,
0x000001fce1cb2800, 0x000001fce1e28000, 0x000001fce1e1c800, 0x000001fce3552000
}

Java Threads: ( => current thread )
  0x000001fcc17ab800 JavaThread "main" [_thread_in_vm, id=15520, stack(0x000000a6ed900000,0x000000a6eda00000)]
  0x000001fce1c34800 JavaThread "Reference Handler" daemon [_thread_blocked, id=12896, stack(0x000000a6ee000000,0x000000a6ee100000)]
  0x000001fce1377800 JavaThread "Finalizer" daemon [_thread_blocked, id=19372, stack(0x000000a6ee100000,0x000000a6ee200000)]
  0x000001fce1c38800 JavaThread "Signal Dispatcher" daemon [_thread_blocked, id=2072, stack(0x000000a6ee200000,0x000000a6ee300000)]
  0x000001fce1c3b800 JavaThread "Attach Listener" daemon [_thread_blocked, id=19236, stack(0x000000a6ee300000,0x000000a6ee400000)]
  0x000001fce1c3c800 JavaThread "Service Thread" daemon [_thread_blocked, id=4268, stack(0x000000a6ee400000,0x000000a6ee500000)]
=>0x000001fce1c43000 JavaThread "C2 CompilerThread0" daemon [_thread_in_native, id=5452, stack(0x000000a6ee500000,0x000000a6ee600000)]
  0x000001fce1cb1800 JavaThread "C1 CompilerThread0" daemon [_thread_in_vm, id=9852, stack(0x000000a6ee600000,0x000000a6ee700000)]
  0x000001fce1cb2800 JavaThread "Sweeper thread" daemon [_thread_blocked, id=12592, stack(0x000000a6ee700000,0x000000a6ee800000)]
  0x000001fce1e28000 JavaThread "Common-Cleaner" daemon [_thread_blocked, id=10440, stack(0x000000a6ee900000,0x000000a6eea00000)]
  0x000001fce1e1c800 JavaThread "C2 CompilerThread1" daemon [_thread_blocked, id=8400, stack(0x000000a6eea00000,0x000000a6eeb00000)]
  0x000001fce3552000 JavaThread "C2 CompilerThread2" daemon [_thread_in_native, id=3612, stack(0x000000a6eeb00000,0x000000a6eec00000)]

Other Threads:
  0x000001fce136c800 VMThread "VM Thread" [stack: 0x000000a6edf00000,0x000000a6ee000000] [id=14512]
  0x000001fce1e16000 WatcherThread [stack: 0x000000a6ee800000,0x000000a6ee900000] [id=16232]
  0x000001fcc17c4800 GCTaskThread "GC Thread#0" [stack: 0x000000a6eda00000,0x000000a6edb00000] [id=14972]
  0x000001fce27d3000 GCTaskThread "GC Thread#1" [stack: 0x000000a6eec00000,0x000000a6eed00000] [id=6944]
  0x000001fce27b5000 GCTaskThread "GC Thread#2" [stack: 0x000000a6eed00000,0x000000a6eee00000] [id=7516]
  0x000001fce27b5800 GCTaskThread "GC Thread#3" [stack: 0x000000a6eee00000,0x000000a6eef00000] [id=4720]
  0x000001fce27b0000 GCTaskThread "GC Thread#4" [stack: 0x000000a6eef00000,0x000000a6ef000000] [id=7648]
  0x000001fce27b1000 GCTaskThread "GC Thread#5" [stack: 0x000000a6ef000000,0x000000a6ef100000] [id=8008]
  0x000001fcc1820800 ConcurrentGCThread "G1 Main Marker" [stack: 0x000000a6edb00000,0x000000a6edc00000] [id=12380]
  0x000001fcc1822000 ConcurrentGCThread "G1 Conc#0" [stack: 0x000000a6edc00000,0x000000a6edd00000] [id=19176]
  0x000001fce2ed4000 ConcurrentGCThread "G1 Conc#1" [stack: 0x000000a6ef100000,0x000000a6ef200000] [id=11104]
  0x000001fce2880000 ConcurrentGCThread "G1 Conc#2" [stack: 0x000000a6ef200000,0x000000a6ef300000] [id=3960]
  0x000001fce124d000 ConcurrentGCThread "G1 Refine#0" [stack: 0x000000a6edd00000,0x000000a6ede00000] [id=4848]
  0x000001fce2ee5800 ConcurrentGCThread "G1 Refine#1" [stack: 0x000000a6ef300000,0x000000a6ef400000] [id=7136]
  0x000001fce2f6f000 ConcurrentGCThread "G1 Refine#2" [stack: 0x000000a6ef400000,0x000000a6ef500000] [id=2312]
  0x000001fce124e000 ConcurrentGCThread "G1 Young RemSet Sampling" [stack: 0x000000a6ede00000,0x000000a6edf00000] [id=5976]

Threads with active compile tasks:
C2 CompilerThread0   2783 2402   !   4       jdk.internal.loader.BuiltinClassLoader::loadClassOrNull (143 bytes)
C2 CompilerThread2   2784 2345       4       org.jetbrains.kotlin.com.intellij.openapi.vfs.impl.ZipHandlerBase::getOrCreate (305 bytes)

VM state:not at safepoint (normal execution)

VM Mutex/Monitor currently owned by a thread: None

Heap address: 0x0000000702800000, size: 4056 MB, Compressed Oops mode: Zero based, Oop shift amount: 3
Narrow klass base: 0x0000000800000000, Narrow klass shift: 0
Compressed class space size: 1073741824 Address: 0x0000000800000000

Heap:
 garbage-first heap   total 260096K, used 25571K [0x0000000702800000, 0x0000000800000000)
  region size 1024K, 3 young (3072K), 2 survivors (2048K)
 Metaspace       used 35428K, capacity 35923K, committed 36252K, reserved 1081344K
  class space    used 4387K, capacity 4612K, committed 4684K, reserved 1048576K
Heap Regions: E=young(eden), S=young(survivor), O=old, HS=humongous(starts), HC=humongous(continues), CS=collection set, F=free, A=archive, TAMS=top-at-mark-start (previous, next)
|   0|0x0000000702800000, 0x0000000702900000, 0x0000000702900000|100%|HS|  |TAMS 0x0000000702900000, 0x0000000702900000| Complete 
|   1|0x0000000702900000, 0x0000000702a00000, 0x0000000702a00000|100%|HC|  |TAMS 0x0000000702a00000, 0x0000000702a00000| Complete 
|   2|0x0000000702a00000, 0x0000000702b00000, 0x0000000702b00000|100%|HC|  |TAMS 0x0000000702b00000, 0x0000000702b00000| Complete 
|   3|0x0000000702b00000, 0x0000000702c00000, 0x0000000702c00000|100%|HC|  |TAMS 0x0000000702c00000, 0x0000000702c00000| Complete 
|   4|0x0000000702c00000, 0x0000000702d00000, 0x0000000702d00000|100%| O|  |TAMS 0x0000000702c00000, 0x0000000702d00000| Untracked 
|   5|0x0000000702d00000, 0x0000000702e00000, 0x0000000702e00000|100%| O|  |TAMS 0x0000000702d26a00, 0x0000000702e00000| Untracked 
|   6|0x0000000702e00000, 0x0000000702f00000, 0x0000000702f00000|100%|HS|  |TAMS 0x0000000702e00000, 0x0000000702f00000| Complete 
|   7|0x0000000702f00000, 0x0000000703000000, 0x0000000703000000|100%|HC|  |TAMS 0x0000000702f00000, 0x0000000703000000| Complete 
|   8|0x0000000703000000, 0x0000000703100000, 0x0000000703100000|100%|HC|  |TAMS 0x0000000703000000, 0x0000000703100000| Complete 
|   9|0x0000000703100000, 0x0000000703200000, 0x0000000703200000|100%|HC|  |TAMS 0x0000000703100000, 0x0000000703200000| Complete 
|  10|0x0000000703200000, 0x0000000703300000, 0x0000000703300000|100%|HS|  |TAMS 0x0000000703200000, 0x0000000703300000| Complete 
|  11|0x0000000703300000, 0x0000000703400000, 0x0000000703400000|100%|HC|  |TAMS 0x0000000703300000, 0x0000000703400000| Complete 
|  12|0x0000000703400000, 0x0000000703500000, 0x0000000703500000|100%| O|  |TAMS 0x0000000703400000, 0x0000000703500000| Untracked 
|  13|0x0000000703500000, 0x0000000703600000, 0x0000000703600000|100%| O|  |TAMS 0x0000000703500000, 0x0000000703600000| Untracked 
|  14|0x0000000703600000, 0x0000000703700000, 0x0000000703700000|100%| O|  |TAMS 0x0000000703600000, 0x0000000703700000| Untracked 
|  15|0x0000000703700000, 0x0000000703800000, 0x0000000703800000|100%| O|  |TAMS 0x0000000703700000, 0x0000000703800000| Untracked 
|  16|0x0000000703800000, 0x0000000703900000, 0x0000000703900000|100%| O|  |TAMS 0x0000000703800000, 0x0000000703900000| Untracked 
|  17|0x0000000703900000, 0x0000000703a00000, 0x0000000703a00000|100%| O|  |TAMS 0x0000000703900000, 0x0000000703a00000| Untracked 
|  18|0x0000000703a00000, 0x0000000703b00000, 0x0000000703b00000|100%| O|  |TAMS 0x0000000703a00000, 0x0000000703b00000| Untracked 
|  19|0x0000000703b00000, 0x0000000703c00000, 0x0000000703c00000|100%| O|  |TAMS 0x0000000703b00000, 0x0000000703c00000| Untracked 
|  20|0x0000000703c00000, 0x0000000703d00000, 0x0000000703d00000|100%| O|  |TAMS 0x0000000703c00000, 0x0000000703d00000| Untracked 
|  21|0x0000000703d00000, 0x0000000703e00000, 0x0000000703e00000|100%| O|  |TAMS 0x0000000703d00000, 0x0000000703e00000| Untracked 
|  22|0x0000000703e00000, 0x0000000703f00000, 0x0000000703f00000|100%| O|  |TAMS 0x0000000703e00000, 0x0000000703f00000| Untracked 
|  23|0x0000000703f00000, 0x0000000703f81a00, 0x0000000704000000| 50%| O|  |TAMS 0x0000000703f00000, 0x0000000703f81a00| Untracked 
|  24|0x0000000704000000, 0x0000000704000000, 0x0000000704100000|  0%| F|  |TAMS 0x0000000704000000, 0x0000000704000000| Untracked 
|  25|0x0000000704100000, 0x0000000704100000, 0x0000000704200000|  0%| F|  |TAMS 0x0000000704100000, 0x0000000704100000| Untracked 
|  26|0x0000000704200000, 0x0000000704200000, 0x0000000704300000|  0%| F|  |TAMS 0x0000000704200000, 0x0000000704200000| Untracked 
|  27|0x0000000704300000, 0x0000000704300000, 0x0000000704400000|  0%| F|  |TAMS 0x0000000704300000, 0x0000000704300000| Untracked 
|  28|0x0000000704400000, 0x0000000704400000, 0x0000000704500000|  0%| F|  |TAMS 0x0000000704400000, 0x0000000704400000| Untracked 
|  29|0x0000000704500000, 0x0000000704500000, 0x0000000704600000|  0%| F|  |TAMS 0x0000000704500000, 0x0000000704500000| Untracked 
|  30|0x0000000704600000, 0x0000000704600000, 0x0000000704700000|  0%| F|  |TAMS 0x0000000704600000, 0x0000000704600000| Untracked 
|  31|0x0000000704700000, 0x0000000704700000, 0x0000000704800000|  0%| F|  |TAMS 0x0000000704700000, 0x0000000704700000| Untracked 
|  32|0x0000000704800000, 0x0000000704800000, 0x0000000704900000|  0%| F|  |TAMS 0x0000000704800000, 0x0000000704800000| Untracked 
|  33|0x0000000704900000, 0x0000000704900000, 0x0000000704a00000|  0%| F|  |TAMS 0x0000000704900000, 0x0000000704900000| Untracked 
|  34|0x0000000704a00000, 0x0000000704a00000, 0x0000000704b00000|  0%| F|  |TAMS 0x0000000704a00000, 0x0000000704a00000| Untracked 
|  35|0x0000000704b00000, 0x0000000704b00000, 0x0000000704c00000|  0%| F|  |TAMS 0x0000000704b00000, 0x0000000704b00000| Untracked 
|  36|0x0000000704c00000, 0x0000000704c00000, 0x0000000704d00000|  0%| F|  |TAMS 0x0000000704c00000, 0x0000000704c00000| Untracked 
|  37|0x0000000704d00000, 0x0000000704d00000, 0x0000000704e00000|  0%| F|  |TAMS 0x0000000704d00000, 0x0000000704d00000| Untracked 
|  38|0x0000000704e00000, 0x0000000704e00000, 0x0000000704f00000|  0%| F|  |TAMS 0x0000000704e00000, 0x0000000704e00000| Untracked 
|  39|0x0000000704f00000, 0x0000000704f00000, 0x0000000705000000|  0%| F|  |TAMS 0x0000000704f00000, 0x0000000704f00000| Untracked 
|  40|0x0000000705000000, 0x0000000705000000, 0x0000000705100000|  0%| F|  |TAMS 0x0000000705000000, 0x0000000705000000| Untracked 
|  41|0x0000000705100000, 0x0000000705100000, 0x0000000705200000|  0%| F|  |TAMS 0x0000000705100000, 0x0000000705100000| Untracked 
|  42|0x0000000705200000, 0x0000000705200000, 0x0000000705300000|  0%| F|  |TAMS 0x0000000705200000, 0x0000000705200000| Untracked 
|  43|0x0000000705300000, 0x0000000705300000, 0x0000000705400000|  0%| F|  |TAMS 0x0000000705300000, 0x0000000705300000| Untracked 
|  44|0x0000000705400000, 0x0000000705400000, 0x0000000705500000|  0%| F|  |TAMS 0x0000000705400000, 0x0000000705400000| Untracked 
|  45|0x0000000705500000, 0x0000000705500000, 0x0000000705600000|  0%| F|  |TAMS 0x0000000705500000, 0x0000000705500000| Untracked 
|  46|0x0000000705600000, 0x0000000705600000, 0x0000000705700000|  0%| F|  |TAMS 0x0000000705600000, 0x0000000705600000| Untracked 
|  47|0x0000000705700000, 0x0000000705700000, 0x0000000705800000|  0%| F|  |TAMS 0x0000000705700000, 0x0000000705700000| Untracked 
|  48|0x0000000705800000, 0x0000000705800000, 0x0000000705900000|  0%| F|  |TAMS 0x0000000705800000, 0x0000000705800000| Untracked 
|  49|0x0000000705900000, 0x0000000705900000, 0x0000000705a00000|  0%| F|  |TAMS 0x0000000705900000, 0x0000000705900000| Untracked 
|  50|0x0000000705a00000, 0x0000000705a00000, 0x0000000705b00000|  0%| F|  |TAMS 0x0000000705a00000, 0x0000000705a00000| Untracked 
|  51|0x0000000705b00000, 0x0000000705b00000, 0x0000000705c00000|  0%| F|  |TAMS 0x0000000705b00000, 0x0000000705b00000| Untracked 
|  52|0x0000000705c00000, 0x0000000705c00000, 0x0000000705d00000|  0%| F|  |TAMS 0x0000000705c00000, 0x0000000705c00000| Untracked 
|  53|0x0000000705d00000, 0x0000000705d00000, 0x0000000705e00000|  0%| F|  |TAMS 0x0000000705d00000, 0x0000000705d00000| Untracked 
|  54|0x0000000705e00000, 0x0000000705e00000, 0x0000000705f00000|  0%| F|  |TAMS 0x0000000705e00000, 0x0000000705e00000| Untracked 
|  55|0x0000000705f00000, 0x0000000705f00000, 0x0000000706000000|  0%| F|  |TAMS 0x0000000705f00000, 0x0000000705f00000| Untracked 
|  56|0x0000000706000000, 0x0000000706000000, 0x0000000706100000|  0%| F|  |TAMS 0x0000000706000000, 0x0000000706000000| Untracked 
|  57|0x0000000706100000, 0x0000000706100000, 0x0000000706200000|  0%| F|  |TAMS 0x0000000706100000, 0x0000000706100000| Untracked 
|  58|0x0000000706200000, 0x0000000706200000, 0x0000000706300000|  0%| F|  |TAMS 0x0000000706200000, 0x0000000706200000| Untracked 
|  59|0x0000000706300000, 0x0000000706300000, 0x0000000706400000|  0%| F|  |TAMS 0x0000000706300000, 0x0000000706300000| Untracked 
|  60|0x0000000706400000, 0x0000000706400000, 0x0000000706500000|  0%| F|  |TAMS 0x0000000706400000, 0x0000000706400000| Untracked 
|  61|0x0000000706500000, 0x0000000706500000, 0x0000000706600000|  0%| F|  |TAMS 0x0000000706500000, 0x0000000706500000| Untracked 
|  62|0x0000000706600000, 0x0000000706600000, 0x0000000706700000|  0%| F|  |TAMS 0x0000000706600000, 0x0000000706600000| Untracked 
|  63|0x0000000706700000, 0x0000000706700000, 0x0000000706800000|  0%| F|  |TAMS 0x0000000706700000, 0x0000000706700000| Untracked 
|  64|0x0000000706800000, 0x0000000706800000, 0x0000000706900000|  0%| F|  |TAMS 0x0000000706800000, 0x0000000706800000| Untracked 
|  65|0x0000000706900000, 0x0000000706900000, 0x0000000706a00000|  0%| F|  |TAMS 0x0000000706900000, 0x0000000706900000| Untracked 
|  66|0x0000000706a00000, 0x0000000706a00000, 0x0000000706b00000|  0%| F|  |TAMS 0x0000000706a00000, 0x0000000706a00000| Untracked 
|  67|0x0000000706b00000, 0x0000000706b00000, 0x0000000706c00000|  0%| F|  |TAMS 0x0000000706b00000, 0x0000000706b00000| Untracked 
|  68|0x0000000706c00000, 0x0000000706c00000, 0x0000000706d00000|  0%| F|  |TAMS 0x0000000706c00000, 0x0000000706c00000| Untracked 
|  69|0x0000000706d00000, 0x0000000706d00000, 0x0000000706e00000|  0%| F|  |TAMS 0x0000000706d00000, 0x0000000706d00000| Untracked 
|  70|0x0000000706e00000, 0x0000000706e00000, 0x0000000706f00000|  0%| F|  |TAMS 0x0000000706e00000, 0x0000000706e00000| Untracked 
|  71|0x0000000706f00000, 0x0000000706f00000, 0x0000000707000000|  0%| F|  |TAMS 0x0000000706f00000, 0x0000000706f00000| Untracked 
|  72|0x0000000707000000, 0x0000000707000000, 0x0000000707100000|  0%| F|  |TAMS 0x0000000707000000, 0x0000000707000000| Untracked 
|  73|0x0000000707100000, 0x0000000707100000, 0x0000000707200000|  0%| F|  |TAMS 0x0000000707100000, 0x0000000707100000| Untracked 
|  74|0x0000000707200000, 0x0000000707200000, 0x0000000707300000|  0%| F|  |TAMS 0x0000000707200000, 0x0000000707200000| Untracked 
|  75|0x0000000707300000, 0x0000000707300000, 0x0000000707400000|  0%| F|  |TAMS 0x0000000707300000, 0x0000000707300000| Untracked 
|  76|0x0000000707400000, 0x0000000707400000, 0x0000000707500000|  0%| F|  |TAMS 0x0000000707400000, 0x0000000707400000| Untracked 
|  77|0x0000000707500000, 0x0000000707500000, 0x0000000707600000|  0%| F|  |TAMS 0x0000000707500000, 0x0000000707500000| Untracked 
|  78|0x0000000707600000, 0x0000000707600000, 0x0000000707700000|  0%| F|  |TAMS 0x0000000707600000, 0x0000000707600000| Untracked 
|  79|0x0000000707700000, 0x0000000707700000, 0x0000000707800000|  0%| F|  |TAMS 0x0000000707700000, 0x0000000707700000| Untracked 
|  80|0x0000000707800000, 0x0000000707800000, 0x0000000707900000|  0%| F|  |TAMS 0x0000000707800000, 0x0000000707800000| Untracked 
|  81|0x0000000707900000, 0x0000000707900000, 0x0000000707a00000|  0%| F|  |TAMS 0x0000000707900000, 0x0000000707900000| Untracked 
|  82|0x0000000707a00000, 0x0000000707a00000, 0x0000000707b00000|  0%| F|  |TAMS 0x0000000707a00000, 0x0000000707a00000| Untracked 
|  83|0x0000000707b00000, 0x0000000707b00000, 0x0000000707c00000|  0%| F|  |TAMS 0x0000000707b00000, 0x0000000707b00000| Untracked 
|  84|0x0000000707c00000, 0x0000000707c00000, 0x0000000707d00000|  0%| F|  |TAMS 0x0000000707c00000, 0x0000000707c00000| Untracked 
|  85|0x0000000707d00000, 0x0000000707d00000, 0x0000000707e00000|  0%| F|  |TAMS 0x0000000707d00000, 0x0000000707d00000| Untracked 
|  86|0x0000000707e00000, 0x0000000707e00000, 0x0000000707f00000|  0%| F|  |TAMS 0x0000000707e00000, 0x0000000707e00000| Untracked 
|  87|0x0000000707f00000, 0x0000000707f00000, 0x0000000708000000|  0%| F|  |TAMS 0x0000000707f00000, 0x0000000707f00000| Untracked 
|  88|0x0000000708000000, 0x0000000708000000, 0x0000000708100000|  0%| F|  |TAMS 0x0000000708000000, 0x0000000708000000| Untracked 
|  89|0x0000000708100000, 0x0000000708100000, 0x0000000708200000|  0%| F|  |TAMS 0x0000000708100000, 0x0000000708100000| Untracked 
|  90|0x0000000708200000, 0x0000000708200000, 0x0000000708300000|  0%| F|  |TAMS 0x0000000708200000, 0x0000000708200000| Untracked 
|  91|0x0000000708300000, 0x0000000708300000, 0x0000000708400000|  0%| F|  |TAMS 0x0000000708300000, 0x0000000708300000| Untracked 
|  92|0x0000000708400000, 0x0000000708400000, 0x0000000708500000|  0%| F|  |TAMS 0x0000000708400000, 0x0000000708400000| Untracked 
|  93|0x0000000708500000, 0x0000000708500000, 0x0000000708600000|  0%| F|  |TAMS 0x0000000708500000, 0x0000000708500000| Untracked 
|  94|0x0000000708600000, 0x0000000708600000, 0x0000000708700000|  0%| F|  |TAMS 0x0000000708600000, 0x0000000708600000| Untracked 
|  95|0x0000000708700000, 0x0000000708700000, 0x0000000708800000|  0%| F|  |TAMS 0x0000000708700000, 0x0000000708700000| Untracked 
|  96|0x0000000708800000, 0x0000000708800000, 0x0000000708900000|  0%| F|  |TAMS 0x0000000708800000, 0x0000000708800000| Untracked 
|  97|0x0000000708900000, 0x0000000708900000, 0x0000000708a00000|  0%| F|  |TAMS 0x0000000708900000, 0x0000000708900000| Untracked 
|  98|0x0000000708a00000, 0x0000000708a00000, 0x0000000708b00000|  0%| F|  |TAMS 0x0000000708a00000, 0x0000000708a00000| Untracked 
|  99|0x0000000708b00000, 0x0000000708b00000, 0x0000000708c00000|  0%| F|  |TAMS 0x0000000708b00000, 0x0000000708b00000| Untracked 
| 100|0x0000000708c00000, 0x0000000708c00000, 0x0000000708d00000|  0%| F|  |TAMS 0x0000000708c00000, 0x0000000708c00000| Untracked 
| 101|0x0000000708d00000, 0x0000000708d00000, 0x0000000708e00000|  0%| F|  |TAMS 0x0000000708d00000, 0x0000000708d00000| Untracked 
| 102|0x0000000708e00000, 0x0000000708e00000, 0x0000000708f00000|  0%| F|  |TAMS 0x0000000708e00000, 0x0000000708e00000| Untracked 
| 103|0x0000000708f00000, 0x0000000708f00000, 0x0000000709000000|  0%| F|  |TAMS 0x0000000708f00000, 0x0000000708f00000| Untracked 
| 104|0x0000000709000000, 0x0000000709000000, 0x0000000709100000|  0%| F|  |TAMS 0x0000000709000000, 0x0000000709000000| Untracked 
| 105|0x0000000709100000, 0x0000000709100000, 0x0000000709200000|  0%| F|  |TAMS 0x0000000709100000, 0x0000000709100000| Untracked 
| 106|0x0000000709200000, 0x0000000709200000, 0x0000000709300000|  0%| F|  |TAMS 0x0000000709200000, 0x0000000709200000| Untracked 
| 107|0x0000000709300000, 0x0000000709300000, 0x0000000709400000|  0%| F|  |TAMS 0x0000000709300000, 0x0000000709300000| Untracked 
| 108|0x0000000709400000, 0x0000000709400000, 0x0000000709500000|  0%| F|  |TAMS 0x0000000709400000, 0x0000000709400000| Untracked 
| 109|0x0000000709500000, 0x0000000709500000, 0x0000000709600000|  0%| F|  |TAMS 0x0000000709500000, 0x0000000709500000| Untracked 
| 110|0x0000000709600000, 0x0000000709600000, 0x0000000709700000|  0%| F|  |TAMS 0x0000000709600000, 0x0000000709600000| Untracked 
| 111|0x0000000709700000, 0x0000000709700000, 0x0000000709800000|  0%| F|  |TAMS 0x0000000709700000, 0x0000000709700000| Untracked 
| 112|0x0000000709800000, 0x0000000709800000, 0x0000000709900000|  0%| F|  |TAMS 0x0000000709800000, 0x0000000709800000| Untracked 
| 113|0x0000000709900000, 0x0000000709900000, 0x0000000709a00000|  0%| F|  |TAMS 0x0000000709900000, 0x0000000709900000| Untracked 
| 114|0x0000000709a00000, 0x0000000709a00000, 0x0000000709b00000|  0%| F|  |TAMS 0x0000000709a00000, 0x0000000709a00000| Untracked 
| 115|0x0000000709b00000, 0x0000000709b00000, 0x0000000709c00000|  0%| F|  |TAMS 0x0000000709b00000, 0x0000000709b00000| Untracked 
| 116|0x0000000709c00000, 0x0000000709c00000, 0x0000000709d00000|  0%| F|  |TAMS 0x0000000709c00000, 0x0000000709c00000| Untracked 
| 117|0x0000000709d00000, 0x0000000709d00000, 0x0000000709e00000|  0%| F|  |TAMS 0x0000000709d00000, 0x0000000709d00000| Untracked 
| 118|0x0000000709e00000, 0x0000000709e00000, 0x0000000709f00000|  0%| F|  |TAMS 0x0000000709e00000, 0x0000000709e00000| Untracked 
| 119|0x0000000709f00000, 0x0000000709f00000, 0x000000070a000000|  0%| F|  |TAMS 0x0000000709f00000, 0x0000000709f00000| Untracked 
| 120|0x000000070a000000, 0x000000070a000000, 0x000000070a100000|  0%| F|  |TAMS 0x000000070a000000, 0x000000070a000000| Untracked 
| 121|0x000000070a100000, 0x000000070a100000, 0x000000070a200000|  0%| F|  |TAMS 0x000000070a100000, 0x000000070a100000| Untracked 
| 122|0x000000070a200000, 0x000000070a200000, 0x000000070a300000|  0%| F|  |TAMS 0x000000070a200000, 0x000000070a200000| Untracked 
| 123|0x000000070a300000, 0x000000070a300000, 0x000000070a400000|  0%| F|  |TAMS 0x000000070a300000, 0x000000070a300000| Untracked 
| 124|0x000000070a400000, 0x000000070a400000, 0x000000070a500000|  0%| F|  |TAMS 0x000000070a400000, 0x000000070a400000| Untracked 
| 125|0x000000070a500000, 0x000000070a500000, 0x000000070a600000|  0%| F|  |TAMS 0x000000070a500000, 0x000000070a500000| Untracked 
| 126|0x000000070a600000, 0x000000070a600000, 0x000000070a700000|  0%| F|  |TAMS 0x000000070a600000, 0x000000070a600000| Untracked 
| 127|0x000000070a700000, 0x000000070a700000, 0x000000070a800000|  0%| F|  |TAMS 0x000000070a700000, 0x000000070a700000| Untracked 
| 128|0x000000070a800000, 0x000000070a800000, 0x000000070a900000|  0%| F|  |TAMS 0x000000070a800000, 0x000000070a800000| Untracked 
| 129|0x000000070a900000, 0x000000070a900000, 0x000000070aa00000|  0%| F|  |TAMS 0x000000070a900000, 0x000000070a900000| Untracked 
| 130|0x000000070aa00000, 0x000000070aa00000, 0x000000070ab00000|  0%| F|  |TAMS 0x000000070aa00000, 0x000000070aa00000| Untracked 
| 131|0x000000070ab00000, 0x000000070ab00000, 0x000000070ac00000|  0%| F|  |TAMS 0x000000070ab00000, 0x000000070ab00000| Untracked 
| 132|0x000000070ac00000, 0x000000070ac00000, 0x000000070ad00000|  0%| F|  |TAMS 0x000000070ac00000, 0x000000070ac00000| Untracked 
| 133|0x000000070ad00000, 0x000000070ad00000, 0x000000070ae00000|  0%| F|  |TAMS 0x000000070ad00000, 0x000000070ad00000| Untracked 
| 134|0x000000070ae00000, 0x000000070ae00000, 0x000000070af00000|  0%| F|  |TAMS 0x000000070ae00000, 0x000000070ae00000| Untracked 
| 135|0x000000070af00000, 0x000000070af00000, 0x000000070b000000|  0%| F|  |TAMS 0x000000070af00000, 0x000000070af00000| Untracked 
| 136|0x000000070b000000, 0x000000070b000000, 0x000000070b100000|  0%| F|  |TAMS 0x000000070b000000, 0x000000070b000000| Untracked 
| 137|0x000000070b100000, 0x000000070b100000, 0x000000070b200000|  0%| F|  |TAMS 0x000000070b100000, 0x000000070b100000| Untracked 
| 138|0x000000070b200000, 0x000000070b200000, 0x000000070b300000|  0%| F|  |TAMS 0x000000070b200000, 0x000000070b200000| Untracked 
| 139|0x000000070b300000, 0x000000070b300000, 0x000000070b400000|  0%| F|  |TAMS 0x000000070b300000, 0x000000070b300000| Untracked 
| 140|0x000000070b400000, 0x000000070b400000, 0x000000070b500000|  0%| F|  |TAMS 0x000000070b400000, 0x000000070b400000| Untracked 
| 141|0x000000070b500000, 0x000000070b500000, 0x000000070b600000|  0%| F|  |TAMS 0x000000070b500000, 0x000000070b500000| Untracked 
| 142|0x000000070b600000, 0x000000070b600000, 0x000000070b700000|  0%| F|  |TAMS 0x000000070b600000, 0x000000070b600000| Untracked 
| 143|0x000000070b700000, 0x000000070b700000, 0x000000070b800000|  0%| F|  |TAMS 0x000000070b700000, 0x000000070b700000| Untracked 
| 144|0x000000070b800000, 0x000000070b800000, 0x000000070b900000|  0%| F|  |TAMS 0x000000070b800000, 0x000000070b800000| Untracked 
| 145|0x000000070b900000, 0x000000070b900000, 0x000000070ba00000|  0%| F|  |TAMS 0x000000070b900000, 0x000000070b900000| Untracked 
| 146|0x000000070ba00000, 0x000000070ba00000, 0x000000070bb00000|  0%| F|  |TAMS 0x000000070ba00000, 0x000000070ba00000| Untracked 
| 147|0x000000070bb00000, 0x000000070bb00000, 0x000000070bc00000|  0%| F|  |TAMS 0x000000070bb00000, 0x000000070bb00000| Untracked 
| 148|0x000000070bc00000, 0x000000070bc00000, 0x000000070bd00000|  0%| F|  |TAMS 0x000000070bc00000, 0x000000070bc00000| Untracked 
| 149|0x000000070bd00000, 0x000000070bd00000, 0x000000070be00000|  0%| F|  |TAMS 0x000000070bd00000, 0x000000070bd00000| Untracked 
| 150|0x000000070be00000, 0x000000070be00000, 0x000000070bf00000|  0%| F|  |TAMS 0x000000070be00000, 0x000000070be00000| Untracked 
| 151|0x000000070bf00000, 0x000000070bf00000, 0x000000070c000000|  0%| F|  |TAMS 0x000000070bf00000, 0x000000070bf00000| Untracked 
| 152|0x000000070c000000, 0x000000070c000000, 0x000000070c100000|  0%| F|  |TAMS 0x000000070c000000, 0x000000070c000000| Untracked 
| 153|0x000000070c100000, 0x000000070c100000, 0x000000070c200000|  0%| F|  |TAMS 0x000000070c100000, 0x000000070c100000| Untracked 
| 154|0x000000070c200000, 0x000000070c200000, 0x000000070c300000|  0%| F|  |TAMS 0x000000070c200000, 0x000000070c200000| Untracked 
| 155|0x000000070c300000, 0x000000070c300000, 0x000000070c400000|  0%| F|  |TAMS 0x000000070c300000, 0x000000070c300000| Untracked 
| 156|0x000000070c400000, 0x000000070c400000, 0x000000070c500000|  0%| F|  |TAMS 0x000000070c400000, 0x000000070c400000| Untracked 
| 157|0x000000070c500000, 0x000000070c500000, 0x000000070c600000|  0%| F|  |TAMS 0x000000070c500000, 0x000000070c500000| Untracked 
| 158|0x000000070c600000, 0x000000070c600000, 0x000000070c700000|  0%| F|  |TAMS 0x000000070c600000, 0x000000070c600000| Untracked 
| 159|0x000000070c700000, 0x000000070c700000, 0x000000070c800000|  0%| F|  |TAMS 0x000000070c700000, 0x000000070c700000| Untracked 
| 160|0x000000070c800000, 0x000000070c800000, 0x000000070c900000|  0%| F|  |TAMS 0x000000070c800000, 0x000000070c800000| Untracked 
| 161|0x000000070c900000, 0x000000070c900000, 0x000000070ca00000|  0%| F|  |TAMS 0x000000070c900000, 0x000000070c900000| Untracked 
| 162|0x000000070ca00000, 0x000000070ca00000, 0x000000070cb00000|  0%| F|  |TAMS 0x000000070ca00000, 0x000000070ca00000| Untracked 
| 163|0x000000070cb00000, 0x000000070cb00000, 0x000000070cc00000|  0%| F|  |TAMS 0x000000070cb00000, 0x000000070cb00000| Untracked 
| 164|0x000000070cc00000, 0x000000070cc00000, 0x000000070cd00000|  0%| F|  |TAMS 0x000000070cc00000, 0x000000070cc00000| Untracked 
| 165|0x000000070cd00000, 0x000000070cd00000, 0x000000070ce00000|  0%| F|  |TAMS 0x000000070cd00000, 0x000000070cd00000| Untracked 
| 166|0x000000070ce00000, 0x000000070ce00000, 0x000000070cf00000|  0%| F|  |TAMS 0x000000070ce00000, 0x000000070ce00000| Untracked 
| 167|0x000000070cf00000, 0x000000070cf00000, 0x000000070d000000|  0%| F|  |TAMS 0x000000070cf00000, 0x000000070cf00000| Untracked 
| 168|0x000000070d000000, 0x000000070d000000, 0x000000070d100000|  0%| F|  |TAMS 0x000000070d000000, 0x000000070d000000| Untracked 
| 169|0x000000070d100000, 0x000000070d100000, 0x000000070d200000|  0%| F|  |TAMS 0x000000070d100000, 0x000000070d100000| Untracked 
| 170|0x000000070d200000, 0x000000070d200000, 0x000000070d300000|  0%| F|  |TAMS 0x000000070d200000, 0x000000070d200000| Untracked 
| 171|0x000000070d300000, 0x000000070d300000, 0x000000070d400000|  0%| F|  |TAMS 0x000000070d300000, 0x000000070d300000| Untracked 
| 172|0x000000070d400000, 0x000000070d400000, 0x000000070d500000|  0%| F|  |TAMS 0x000000070d400000, 0x000000070d400000| Untracked 
| 173|0x000000070d500000, 0x000000070d500000, 0x000000070d600000|  0%| F|  |TAMS 0x000000070d500000, 0x000000070d500000| Untracked 
| 174|0x000000070d600000, 0x000000070d600000, 0x000000070d700000|  0%| F|  |TAMS 0x000000070d600000, 0x000000070d600000| Untracked 
| 175|0x000000070d700000, 0x000000070d700000, 0x000000070d800000|  0%| F|  |TAMS 0x000000070d700000, 0x000000070d700000| Untracked 
| 176|0x000000070d800000, 0x000000070d800000, 0x000000070d900000|  0%| F|  |TAMS 0x000000070d800000, 0x000000070d800000| Untracked 
| 177|0x000000070d900000, 0x000000070d900000, 0x000000070da00000|  0%| F|  |TAMS 0x000000070d900000, 0x000000070d900000| Untracked 
| 178|0x000000070da00000, 0x000000070da00000, 0x000000070db00000|  0%| F|  |TAMS 0x000000070da00000, 0x000000070da00000| Untracked 
| 179|0x000000070db00000, 0x000000070db00000, 0x000000070dc00000|  0%| F|  |TAMS 0x000000070db00000, 0x000000070db00000| Untracked 
| 180|0x000000070dc00000, 0x000000070dc00000, 0x000000070dd00000|  0%| F|  |TAMS 0x000000070dc00000, 0x000000070dc00000| Untracked 
| 181|0x000000070dd00000, 0x000000070dd00000, 0x000000070de00000|  0%| F|  |TAMS 0x000000070dd00000, 0x000000070dd00000| Untracked 
| 182|0x000000070de00000, 0x000000070de00000, 0x000000070df00000|  0%| F|  |TAMS 0x000000070de00000, 0x000000070de00000| Untracked 
| 183|0x000000070df00000, 0x000000070df00000, 0x000000070e000000|  0%| F|  |TAMS 0x000000070df00000, 0x000000070df00000| Untracked 
| 184|0x000000070e000000, 0x000000070e000000, 0x000000070e100000|  0%| F|  |TAMS 0x000000070e000000, 0x000000070e000000| Untracked 
| 185|0x000000070e100000, 0x000000070e100000, 0x000000070e200000|  0%| F|  |TAMS 0x000000070e100000, 0x000000070e100000| Untracked 
| 186|0x000000070e200000, 0x000000070e200000, 0x000000070e300000|  0%| F|  |TAMS 0x000000070e200000, 0x000000070e200000| Untracked 
| 187|0x000000070e300000, 0x000000070e300000, 0x000000070e400000|  0%| F|  |TAMS 0x000000070e300000, 0x000000070e300000| Untracked 
| 188|0x000000070e400000, 0x000000070e400000, 0x000000070e500000|  0%| F|  |TAMS 0x000000070e400000, 0x000000070e400000| Untracked 
| 189|0x000000070e500000, 0x000000070e500000, 0x000000070e600000|  0%| F|  |TAMS 0x000000070e500000, 0x000000070e500000| Untracked 
| 190|0x000000070e600000, 0x000000070e600000, 0x000000070e700000|  0%| F|  |TAMS 0x000000070e600000, 0x000000070e600000| Untracked 
| 191|0x000000070e700000, 0x000000070e700000, 0x000000070e800000|  0%| F|  |TAMS 0x000000070e700000, 0x000000070e700000| Untracked 
| 192|0x000000070e800000, 0x000000070e800000, 0x000000070e900000|  0%| F|  |TAMS 0x000000070e800000, 0x000000070e800000| Untracked 
| 193|0x000000070e900000, 0x000000070e900000, 0x000000070ea00000|  0%| F|  |TAMS 0x000000070e900000, 0x000000070e900000| Untracked 
| 194|0x000000070ea00000, 0x000000070ea00000, 0x000000070eb00000|  0%| F|  |TAMS 0x000000070ea00000, 0x000000070ea00000| Untracked 
| 195|0x000000070eb00000, 0x000000070eb00000, 0x000000070ec00000|  0%| F|  |TAMS 0x000000070eb00000, 0x000000070eb00000| Untracked 
| 196|0x000000070ec00000, 0x000000070ec00000, 0x000000070ed00000|  0%| F|  |TAMS 0x000000070ec00000, 0x000000070ec00000| Untracked 
| 197|0x000000070ed00000, 0x000000070ed00000, 0x000000070ee00000|  0%| F|  |TAMS 0x000000070ed00000, 0x000000070ed00000| Untracked 
| 198|0x000000070ee00000, 0x000000070ee00000, 0x000000070ef00000|  0%| F|  |TAMS 0x000000070ee00000, 0x000000070ee00000| Untracked 
| 199|0x000000070ef00000, 0x000000070ef00000, 0x000000070f000000|  0%| F|  |TAMS 0x000000070ef00000, 0x000000070ef00000| Untracked 
| 200|0x000000070f000000, 0x000000070f000000, 0x000000070f100000|  0%| F|  |TAMS 0x000000070f000000, 0x000000070f000000| Untracked 
| 201|0x000000070f100000, 0x000000070f100000, 0x000000070f200000|  0%| F|  |TAMS 0x000000070f100000, 0x000000070f100000| Untracked 
| 202|0x000000070f200000, 0x000000070f200000, 0x000000070f300000|  0%| F|  |TAMS 0x000000070f200000, 0x000000070f200000| Untracked 
| 203|0x000000070f300000, 0x000000070f300000, 0x000000070f400000|  0%| F|  |TAMS 0x000000070f300000, 0x000000070f300000| Untracked 
| 204|0x000000070f400000, 0x000000070f400000, 0x000000070f500000|  0%| F|  |TAMS 0x000000070f400000, 0x000000070f400000| Untracked 
| 205|0x000000070f500000, 0x000000070f500000, 0x000000070f600000|  0%| F|  |TAMS 0x000000070f500000, 0x000000070f500000| Untracked 
| 206|0x000000070f600000, 0x000000070f600000, 0x000000070f700000|  0%| F|  |TAMS 0x000000070f600000, 0x000000070f600000| Untracked 
| 207|0x000000070f700000, 0x000000070f700000, 0x000000070f800000|  0%| F|  |TAMS 0x000000070f700000, 0x000000070f700000| Untracked 
| 208|0x000000070f800000, 0x000000070f800000, 0x000000070f900000|  0%| F|  |TAMS 0x000000070f800000, 0x000000070f800000| Untracked 
| 209|0x000000070f900000, 0x000000070f900000, 0x000000070fa00000|  0%| F|  |TAMS 0x000000070f900000, 0x000000070f900000| Untracked 
| 210|0x000000070fa00000, 0x000000070fa00000, 0x000000070fb00000|  0%| F|  |TAMS 0x000000070fa00000, 0x000000070fa00000| Untracked 
| 211|0x000000070fb00000, 0x000000070fb00000, 0x000000070fc00000|  0%| F|  |TAMS 0x000000070fb00000, 0x000000070fb00000| Untracked 
| 212|0x000000070fc00000, 0x000000070fc00000, 0x000000070fd00000|  0%| F|  |TAMS 0x000000070fc00000, 0x000000070fc00000| Untracked 
| 213|0x000000070fd00000, 0x000000070fd00000, 0x000000070fe00000|  0%| F|  |TAMS 0x000000070fd00000, 0x000000070fd00000| Untracked 
| 214|0x000000070fe00000, 0x000000070fe00000, 0x000000070ff00000|  0%| F|  |TAMS 0x000000070fe00000, 0x000000070fe00000| Untracked 
| 215|0x000000070ff00000, 0x000000070ff00000, 0x0000000710000000|  0%| F|  |TAMS 0x000000070ff00000, 0x000000070ff00000| Untracked 
| 216|0x0000000710000000, 0x0000000710000000, 0x0000000710100000|  0%| F|  |TAMS 0x0000000710000000, 0x0000000710000000| Untracked 
| 217|0x0000000710100000, 0x0000000710100000, 0x0000000710200000|  0%| F|  |TAMS 0x0000000710100000, 0x0000000710100000| Untracked 
| 218|0x0000000710200000, 0x0000000710200000, 0x0000000710300000|  0%| F|  |TAMS 0x0000000710200000, 0x0000000710200000| Untracked 
| 219|0x0000000710300000, 0x0000000710300000, 0x0000000710400000|  0%| F|  |TAMS 0x0000000710300000, 0x0000000710300000| Untracked 
| 220|0x0000000710400000, 0x0000000710400000, 0x0000000710500000|  0%| F|  |TAMS 0x0000000710400000, 0x0000000710400000| Untracked 
| 221|0x0000000710500000, 0x0000000710500000, 0x0000000710600000|  0%| F|  |TAMS 0x0000000710500000, 0x0000000710500000| Untracked 
| 222|0x0000000710600000, 0x0000000710600000, 0x0000000710700000|  0%| F|  |TAMS 0x0000000710600000, 0x0000000710600000| Untracked 
| 223|0x0000000710700000, 0x0000000710700000, 0x0000000710800000|  0%| F|  |TAMS 0x0000000710700000, 0x0000000710700000| Untracked 
| 224|0x0000000710800000, 0x0000000710800000, 0x0000000710900000|  0%| F|  |TAMS 0x0000000710800000, 0x0000000710800000| Untracked 
| 225|0x0000000710900000, 0x0000000710900000, 0x0000000710a00000|  0%| F|  |TAMS 0x0000000710900000, 0x0000000710900000| Untracked 
| 226|0x0000000710a00000, 0x0000000710a00000, 0x0000000710b00000|  0%| F|  |TAMS 0x0000000710a00000, 0x0000000710a00000| Untracked 
| 227|0x0000000710b00000, 0x0000000710b00000, 0x0000000710c00000|  0%| F|  |TAMS 0x0000000710b00000, 0x0000000710b00000| Untracked 
| 228|0x0000000710c00000, 0x0000000710c00000, 0x0000000710d00000|  0%| F|  |TAMS 0x0000000710c00000, 0x0000000710c00000| Untracked 
| 229|0x0000000710d00000, 0x0000000710d00000, 0x0000000710e00000|  0%| F|  |TAMS 0x0000000710d00000, 0x0000000710d00000| Untracked 
| 230|0x0000000710e00000, 0x0000000710e00000, 0x0000000710f00000|  0%| F|  |TAMS 0x0000000710e00000, 0x0000000710e00000| Untracked 
| 231|0x0000000710f00000, 0x0000000710f00000, 0x0000000711000000|  0%| F|  |TAMS 0x0000000710f00000, 0x0000000710f00000| Untracked 
| 232|0x0000000711000000, 0x0000000711000000, 0x0000000711100000|  0%| F|  |TAMS 0x0000000711000000, 0x0000000711000000| Untracked 
| 233|0x0000000711100000, 0x0000000711100000, 0x0000000711200000|  0%| F|  |TAMS 0x0000000711100000, 0x0000000711100000| Untracked 
| 234|0x0000000711200000, 0x0000000711200000, 0x0000000711300000|  0%| F|  |TAMS 0x0000000711200000, 0x0000000711200000| Untracked 
| 235|0x0000000711300000, 0x0000000711300000, 0x0000000711400000|  0%| F|  |TAMS 0x0000000711300000, 0x0000000711300000| Untracked 
| 236|0x0000000711400000, 0x0000000711400000, 0x0000000711500000|  0%| F|  |TAMS 0x0000000711400000, 0x0000000711400000| Untracked 
| 237|0x0000000711500000, 0x0000000711500000, 0x0000000711600000|  0%| F|  |TAMS 0x0000000711500000, 0x0000000711500000| Untracked 
| 238|0x0000000711600000, 0x0000000711600000, 0x0000000711700000|  0%| F|  |TAMS 0x0000000711600000, 0x0000000711600000| Untracked 
| 239|0x0000000711700000, 0x0000000711777510, 0x0000000711800000| 46%| S|CS|TAMS 0x0000000711700000, 0x0000000711700000| Complete 
| 240|0x0000000711800000, 0x0000000711900000, 0x0000000711900000|100%| S|CS|TAMS 0x0000000711800000, 0x0000000711800000| Complete 
| 241|0x0000000711900000, 0x0000000711900000, 0x0000000711a00000|  0%| F|  |TAMS 0x0000000711900000, 0x0000000711900000| Untracked 
| 242|0x0000000711a00000, 0x0000000711a00000, 0x0000000711b00000|  0%| F|  |TAMS 0x0000000711a00000, 0x0000000711a00000| Untracked 
| 243|0x0000000711b00000, 0x0000000711b00000, 0x0000000711c00000|  0%| F|  |TAMS 0x0000000711b00000, 0x0000000711b00000| Untracked 
| 244|0x0000000711c00000, 0x0000000711c00000, 0x0000000711d00000|  0%| F|  |TAMS 0x0000000711c00000, 0x0000000711c00000| Untracked 
| 245|0x0000000711d00000, 0x0000000711d00000, 0x0000000711e00000|  0%| F|  |TAMS 0x0000000711d00000, 0x0000000711d00000| Untracked 
| 246|0x0000000711e00000, 0x0000000711e00000, 0x0000000711f00000|  0%| F|  |TAMS 0x0000000711e00000, 0x0000000711e00000| Untracked 
| 247|0x0000000711f00000, 0x0000000711f00000, 0x0000000712000000|  0%| F|  |TAMS 0x0000000711f00000, 0x0000000711f00000| Untracked 
| 248|0x0000000712000000, 0x0000000712000000, 0x0000000712100000|  0%| F|  |TAMS 0x0000000712000000, 0x0000000712000000| Untracked 
| 249|0x0000000712100000, 0x0000000712100000, 0x0000000712200000|  0%| F|  |TAMS 0x0000000712100000, 0x0000000712100000| Untracked 
| 250|0x0000000712200000, 0x0000000712200000, 0x0000000712300000|  0%| F|  |TAMS 0x0000000712200000, 0x0000000712200000| Untracked 
| 251|0x0000000712300000, 0x0000000712300000, 0x0000000712400000|  0%| F|  |TAMS 0x0000000712300000, 0x0000000712300000| Untracked 
| 252|0x0000000712400000, 0x0000000712400000, 0x0000000712500000|  0%| F|  |TAMS 0x0000000712400000, 0x0000000712400000| Untracked 
| 253|0x0000000712500000, 0x0000000712600000, 0x0000000712600000|100%| E|  |TAMS 0x0000000712500000, 0x0000000712500000| Complete 

Card table byte_map: [0x000001fcd5740000,0x000001fcd5f30000] _byte_map_base: 0x000001fcd1f2c000

Marking Bits (Prev, Next): (CMBitMap*) 0x000001fcc180fc98, (CMBitMap*) 0x000001fcc180fcd0
 Prev Bits: [0x000001fcd6720000, 0x000001fcda680000)
 Next Bits: [0x000001fcda680000, 0x000001fcde5e0000)

Polling page: 0x000001fcbfde0000

Metaspace:

Usage:
  Non-class:     30.64 MB capacity,    30.34 MB (>99%) used,   251.40 KB ( <1%) free+waste,    52.25 KB ( <1%) overhead. 
      Class:      4.50 MB capacity,     4.28 MB ( 95%) used,   199.21 KB (  4%) free+waste,    25.00 KB ( <1%) overhead. 
       Both:     35.14 MB capacity,    34.63 MB ( 99%) used,   450.61 KB (  1%) free+waste,    77.25 KB ( <1%) overhead. 

Virtual space:
  Non-class space:       32.00 MB reserved,      30.83 MB ( 96%) committed 
      Class space:        1.00 GB reserved,       4.57 MB ( <1%) committed 
             Both:        1.03 GB reserved,      35.40 MB (  3%) committed 

Chunk freelists:
   Non-Class:  97.00 KB
       Class:  28.00 KB
        Both:  125.00 KB

MaxMetaspaceSize: 17179869184.00 GB
CompressedClassSpaceSize: 1.00 GB
Initial GC threshold: 20.80 MB
Current GC threshold: 59.00 MB
CDS: off

CodeHeap 'non-profiled nmethods': size=120000Kb used=956Kb max_used=956Kb free=119043Kb
 bounds [0x000001fcccda0000, 0x000001fccd010000, 0x000001fcd42d0000]
CodeHeap 'profiled nmethods': size=120000Kb used=4630Kb max_used=4630Kb free=115369Kb
 bounds [0x000001fcc5870000, 0x000001fcc5d00000, 0x000001fcccda0000]
CodeHeap 'non-nmethods': size=5760Kb used=1251Kb max_used=1300Kb free=4508Kb
 bounds [0x000001fcc52d0000, 0x000001fcc5540000, 0x000001fcc5870000]
 total_blobs=2975 nmethods=2446 adapters=441
 compilation: enabled
              stopped_count=0, restarted_count=0
 full_count=0

Compilation events (20 events):
Event: 2.684 Thread 0x000001fce1e1c800 2419       4       java.util.jar.Attributes::getValue (9 bytes)
Event: 2.690 Thread 0x000001fce1e1c800 nmethod 2419 0x000001fccce8d910 code [0x000001fccce8dae0, 0x000001fccce8dd78]
Event: 2.721 Thread 0x000001fce1cb1800 2420       3       jdk.internal.jimage.BasicImageReader::getAttributes (48 bytes)
Event: 2.721 Thread 0x000001fce1cb1800 nmethod 2420 0x000001fcc5ce9590 code [0x000001fcc5ce97a0, 0x000001fcc5ce9ee8]
Event: 2.721 Thread 0x000001fce1cb1800 2421       3       jdk.internal.jimage.ImageLocation::verify (50 bytes)
Event: 2.721 Thread 0x000001fce1e1c800 2423       4       java.lang.ThreadLocal::get (38 bytes)
Event: 2.722 Thread 0x000001fce1cb1800 nmethod 2421 0x000001fcc5cea110 code [0x000001fcc5cea360, 0x000001fcc5ceaac8]
Event: 2.722 Thread 0x000001fce1cb1800 2422       3       java.util.ImmutableCollections$List12::get (32 bytes)
Event: 2.723 Thread 0x000001fce1cb1800 nmethod 2422 0x000001fcc5ceae90 code [0x000001fcc5ceb060, 0x000001fcc5ceb2e8]
Event: 2.727 Thread 0x000001fce1e1c800 nmethod 2423 0x000001fccce8e010 code [0x000001fccce8e1c0, 0x000001fccce8e358]
Event: 2.731 Thread 0x000001fce1e1c800 2424       4       java.util.zip.InflaterInputStream::ensureOpen (18 bytes)
Event: 2.732 Thread 0x000001fce1e1c800 nmethod 2424 0x000001fccce8e510 code [0x000001fccce8e6a0, 0x000001fccce8e718]
Event: 2.747 Thread 0x000001fce1cb1800 2425       3       org.jetbrains.kotlin.protobuf.CodedInputStream::readRawVarint32 (233 bytes)
Event: 2.747 Thread 0x000001fce1cb1800 nmethod 2425 0x000001fcc5ceb390 code [0x000001fcc5ceb580, 0x000001fcc5cebc28]
Event: 2.749 Thread 0x000001fce1cb1800 2426       3       org.jetbrains.kotlin.protobuf.CodedInputStream::readTag (41 bytes)
Event: 2.749 Thread 0x000001fce1cb1800 nmethod 2426 0x000001fcc5cebe10 code [0x000001fcc5cec000, 0x000001fcc5cec3a8]
Event: 2.749 Thread 0x000001fce1cb1800 2427       3       org.jetbrains.kotlin.protobuf.CodedInputStream::isAtEnd (25 bytes)
Event: 2.750 Thread 0x000001fce1cb1800 nmethod 2427 0x000001fcc5cec510 code [0x000001fcc5cec6c0, 0x000001fcc5cec888]
Event: 2.750 Thread 0x000001fce1cb1800 2428       3       org.jetbrains.kotlin.protobuf.WireFormat::getTagFieldNumber (4 bytes)
Event: 2.750 Thread 0x000001fce1cb1800 nmethod 2428 0x000001fcc5cec910 code [0x000001fcc5cecac0, 0x000001fcc5cecb98]

GC Heap History (7 events):
Event: 0.648 GC heap before
{Heap before GC invocations=0 (full 0):
 garbage-first heap   total 260096K, used 28672K [0x0000000702800000, 0x0000000800000000)
  region size 1024K, 24 young (24576K), 0 survivors (0K)
 Metaspace       used 12225K, capacity 12382K, committed 12416K, reserved 1060864K
  class space    used 1091K, capacity 1145K, committed 1152K, reserved 1048576K
}
Event: 0.652 GC heap after
{Heap after GC invocations=1 (full 0):
 garbage-first heap   total 260096K, used 7322K [0x0000000702800000, 0x0000000800000000)
  region size 1024K, 3 young (3072K), 3 survivors (3072K)
 Metaspace       used 12225K, capacity 12382K, committed 12416K, reserved 1060864K
  class space    used 1091K, capacity 1145K, committed 1152K, reserved 1048576K
}
Event: 1.403 GC heap before
{Heap before GC invocations=1 (full 0):
 garbage-first heap   total 260096K, used 45210K [0x0000000702800000, 0x0000000800000000)
  region size 1024K, 41 young (41984K), 3 survivors (3072K)
 Metaspace       used 20902K, capacity 21152K, committed 21296K, reserved 1069056K
  class space    used 2259K, capacity 2376K, committed 2432K, reserved 1048576K
}
Event: 1.411 GC heap after
{Heap after GC invocations=2 (full 0):
 garbage-first heap   total 260096K, used 11418K [0x0000000702800000, 0x0000000800000000)
  region size 1024K, 7 young (7168K), 7 survivors (7168K)
 Metaspace       used 20902K, capacity 21152K, committed 21296K, reserved 1069056K
  class space    used 2259K, capacity 2376K, committed 2432K, reserved 1048576K
}
Event: 2.412 GC heap before
{Heap before GC invocations=3 (full 0):
 garbage-first heap   total 260096K, used 68762K [0x0000000702800000, 0x0000000800000000)
  region size 1024K, 57 young (58368K), 7 survivors (7168K)
 Metaspace       used 31837K, capacity 32293K, committed 32432K, reserved 1077248K
  class space    used 3795K, capacity 4002K, committed 4096K, reserved 1048576K
}
Event: 2.427 GC heap after
{Heap after GC invocations=4 (full 0):
 garbage-first heap   total 260096K, used 23852K [0x0000000702800000, 0x0000000800000000)
  region size 1024K, 8 young (8192K), 8 survivors (8192K)
 Metaspace       used 31837K, capacity 32293K, committed 32432K, reserved 1077248K
  class space    used 3795K, capacity 4002K, committed 4096K, reserved 1048576K
}
Event: 2.750 GC heap before
{Heap before GC invocations=4 (full 0):
 garbage-first heap   total 260096K, used 36140K [0x0000000702800000, 0x0000000800000000)
  region size 1024K, 21 young (21504K), 8 survivors (8192K)
 Metaspace       used 35317K, capacity 35763K, committed 35920K, reserved 1081344K
  class space    used 4374K, capacity 4580K, committed 4608K, reserved 1048576K
}

Deoptimization events (20 events):
Event: 2.183 Thread 0x000001fcc17ab800 Uncommon trap: trap_request=0xffffffde fr.pc=0x000001fccce44904 relative=0x0000000000000064
Event: 2.183 Thread 0x000001fcc17ab800 Uncommon trap: reason=class_check action=maybe_recompile pc=0x000001fccce44904 method=java.util.LinkedHashMap.afterNodeInsertion(Z)V @ 15 c2
Event: 2.183 Thread 0x000001fcc17ab800 DEOPT PACKING pc=0x000001fccce44904 sp=0x000000a6ed9fde90
Event: 2.183 Thread 0x000001fcc17ab800 DEOPT UNPACKING pc=0x000001fcc531a1af sp=0x000000a6ed9fde08 mode 2
Event: 2.183 Thread 0x000001fcc17ab800 Uncommon trap: trap_request=0xffffffde fr.pc=0x000001fccce44904 relative=0x0000000000000064
Event: 2.183 Thread 0x000001fcc17ab800 Uncommon trap: reason=class_check action=maybe_recompile pc=0x000001fccce44904 method=java.util.LinkedHashMap.afterNodeInsertion(Z)V @ 15 c2
Event: 2.183 Thread 0x000001fcc17ab800 DEOPT PACKING pc=0x000001fccce44904 sp=0x000000a6ed9fde90
Event: 2.183 Thread 0x000001fcc17ab800 DEOPT UNPACKING pc=0x000001fcc531a1af sp=0x000000a6ed9fde08 mode 2
Event: 2.292 Thread 0x000001fcc17ab800 Uncommon trap: trap_request=0xffffff4d fr.pc=0x000001fccce6b5d0 relative=0x00000000000007b0
Event: 2.292 Thread 0x000001fcc17ab800 Uncommon trap: reason=unstable_if action=reinterpret pc=0x000001fccce6b5d0 method=org.jetbrains.kotlin.com.intellij.openapi.vfs.impl.ZipEntryMap.isTheOne(Lorg/jetbrains/kotlin/com/intellij/openapi/vfs/impl/ArchiveHandler$EntryInfo;Ljava/lang/CharSequence;
Event: 2.292 Thread 0x000001fcc17ab800 DEOPT PACKING pc=0x000001fccce6b5d0 sp=0x000000a6ed9fe230
Event: 2.292 Thread 0x000001fcc17ab800 DEOPT UNPACKING pc=0x000001fcc531a1af sp=0x000000a6ed9fe110 mode 2
Event: 2.309 Thread 0x000001fcc17ab800 Uncommon trap: trap_request=0xffffff4d fr.pc=0x000001fccce6f2c8 relative=0x00000000000007a8
Event: 2.309 Thread 0x000001fcc17ab800 Uncommon trap: reason=unstable_if action=reinterpret pc=0x000001fccce6f2c8 method=org.jetbrains.kotlin.com.intellij.openapi.vfs.impl.ZipEntryMap.isTheOne(Lorg/jetbrains/kotlin/com/intellij/openapi/vfs/impl/ArchiveHandler$EntryInfo;Ljava/lang/CharSequence;
Event: 2.309 Thread 0x000001fcc17ab800 DEOPT PACKING pc=0x000001fccce6f2c8 sp=0x000000a6ed9fe1f0
Event: 2.309 Thread 0x000001fcc17ab800 DEOPT UNPACKING pc=0x000001fcc531a1af sp=0x000000a6ed9fe138 mode 2
Event: 2.309 Thread 0x000001fcc17ab800 Uncommon trap: trap_request=0xffffff4d fr.pc=0x000001fccce69be4 relative=0x00000000000004e4
Event: 2.309 Thread 0x000001fcc17ab800 Uncommon trap: reason=unstable_if action=reinterpret pc=0x000001fccce69be4 method=org.jetbrains.kotlin.com.intellij.openapi.vfs.impl.ZipEntryMap.isTheOne(Lorg/jetbrains/kotlin/com/intellij/openapi/vfs/impl/ArchiveHandler$EntryInfo;Ljava/lang/CharSequence;
Event: 2.309 Thread 0x000001fcc17ab800 DEOPT PACKING pc=0x000001fccce69be4 sp=0x000000a6ed9fe0a0
Event: 2.309 Thread 0x000001fcc17ab800 DEOPT UNPACKING pc=0x000001fcc531a1af sp=0x000000a6ed9fe050 mode 2

Classes redefined (0 events):
No events

Internal exceptions (20 events):
Event: 1.154 Thread 0x000001fcc17ab800 Exception <a 'java/lang/NoSuchMethodError'{0x0000000710958208}: 'long java.lang.invoke.Invokers$Holder.invoke_MT(java.lang.Object, java.lang.Object, java.lang.Object, java.lang.Object)'> (0x0000000710958208) thrown at [./src/hotspot/share/interpreter/linkResolver.cpp, line 773]
Event: 1.154 Thread 0x000001fcc17ab800 Exception <a 'java/lang/NoSuchMethodError'{0x000000071095b888}: 'long java.lang.invoke.DelegatingMethodHandle$Holder.reinvoke_L(java.lang.Object, java.lang.Object, java.lang.Object)'> (0x000000071095b888) thrown at [./src/hotspot/share/interpreter/linkResolver.cpp, line 773]
Event: 1.155 Thread 0x000001fcc17ab800 Exception <a 'java/lang/NoSuchMethodError'{0x0000000710965548}: 'int java.lang.invoke.DirectMethodHandle$Holder.invokeSpecial(java.lang.Object, java.lang.Object, java.lang.Object, java.lang.Object)'> (0x0000000710965548) thrown at [./src/hotspot/share/interpreter/linkResolver.cpp, line 773]
Event: 1.157 Thread 0x000001fcc17ab800 Exception <a 'java/lang/NoSuchMethodError'{0x0000000710974328}: 'int java.lang.invoke.DelegatingMethodHandle$Holder.reinvoke_L(java.lang.Object, java.lang.Object, java.lang.Object, long, int)'> (0x0000000710974328) thrown at [./src/hotspot/share/interpreter/linkResolver.cpp, line 773]
Event: 1.354 Thread 0x000001fcc17ab800 Exception <a 'java/lang/NoSuchMethodError'{0x00000007100e0fa0}: 'int java.lang.invoke.DirectMethodHandle$Holder.invokeSpecialIFC(java.lang.Object, java.lang.Object, int)'> (0x00000007100e0fa0) thrown at [./src/hotspot/share/interpreter/linkResolver.cpp, line 773]
Event: 1.454 Thread 0x000001fcc17ab800 Exception <a 'java/lang/NoSuchMethodError'{0x00000007122096f0}: 'java.lang.Object java.lang.invoke.DirectMethodHandle$Holder.invokeStaticInit(java.lang.Object, int)'> (0x00000007122096f0) thrown at [./src/hotspot/share/interpreter/linkResolver.cpp, line 773]
Event: 1.482 Thread 0x000001fcc17ab800 Exception <a 'java/lang/NoSuchMethodError'{0x00000007121d8a80}: 'long java.lang.invoke.DirectMethodHandle$Holder.invokeStatic(java.lang.Object)'> (0x00000007121d8a80) thrown at [./src/hotspot/share/interpreter/linkResolver.cpp, line 773]
Event: 1.482 Thread 0x000001fcc17ab800 Exception <a 'java/lang/NoSuchMethodError'{0x00000007121db8d8}: 'long java.lang.invoke.DirectMethodHandle$Holder.invokeStaticInit(java.lang.Object)'> (0x00000007121db8d8) thrown at [./src/hotspot/share/interpreter/linkResolver.cpp, line 773]
Event: 1.551 Thread 0x000001fcc17ab800 Exception <a 'java/lang/NoSuchMethodError'{0x0000000711c06b18}: 'int java.lang.invoke.DirectMethodHandle$Holder.invokeStaticInit(java.lang.Object, java.lang.Object, java.lang.Object)'> (0x0000000711c06b18) thrown at [./src/hotspot/share/interpreter/linkResolver.cpp, line 773]
Event: 1.554 Thread 0x000001fcc17ab800 Exception <a 'java/lang/NoSuchMethodError'{0x0000000711c31808}: 'int java.lang.invoke.DirectMethodHandle$Holder.invokeStaticInit(java.lang.Object, java.lang.Object)'> (0x0000000711c31808) thrown at [./src/hotspot/share/interpreter/linkResolver.cpp, line 773]
Event: 1.595 Thread 0x000001fcc17ab800 Exception <a 'java/lang/NoSuchMethodError'{0x0000000711a460c0}: 'void java.lang.invoke.DirectMethodHandle$Holder.invokeSpecial(java.lang.Object, java.lang.Object)'> (0x0000000711a460c0) thrown at [./src/hotspot/share/interpreter/linkResolver.cpp, line 773]
Event: 1.789 Thread 0x000001fcc17ab800 Exception <a 'java/lang/NoSuchMethodError'{0x00000007112bd120}: 'java.lang.Object java.lang.invoke.DirectMethodHandle$Holder.invokeStatic(java.lang.Object, java.lang.Object, java.lang.Object, java.lang.Object, java.lang.Object, java.lang.Object, java.lang.Object, java.lang.Object, java.lang.Object, java.lang.Object, java.lang.Object, java.lang.Object, java.lang.Object, java.lang.Object, java.lang.Object)'> (0x00000007112bd120) thrown at [./src/hotspot/share/interpreter/linkResolver.cpp, line 773]
Event: 1.790 Thread 0x000001fcc17ab800 Exception <a 'java/lang/NoSuchMethodError'{0x00000007112cb128}: 'java.lang.Object java.lang.invoke.DirectMethodHandle$Holder.invokeStatic(java.lang.Object, java.lang.Object, java.lang.Object, java.lang.Object, java.lang.Object, java.lang.Object, java.lang.Object, java.lang.Object, java.lang.Object, java.lang.Object, java.lang.Object, java.lang.Object, java.lang.Object, java.lang.Object, java.lang.Object, java.lang.Object)'> (0x00000007112cb128) thrown at [./src/hotspot/share/interpreter/linkResolver.cpp, l
Event: 1.792 Thread 0x000001fcc17ab800 Exception <a 'java/lang/NoSuchMethodError'{0x00000007112d9040}: 'java.lang.Object java.lang.invoke.DirectMethodHandle$Holder.invokeSpecial(java.lang.Object, java.lang.Object, int, int, java.lang.Object, java.lang.Object, java.lang.Object)'> (0x00000007112d9040) thrown at [./src/hotspot/share/interpreter/linkResolver.cpp, line 773]
Event: 1.792 Thread 0x000001fcc17ab800 Exception <a 'java/lang/NoSuchMethodError'{0x00000007112dc878}: 'java.lang.Object java.lang.invoke.DelegatingMethodHandle$Holder.reinvoke_L(java.lang.Object, int, int, java.lang.Object, java.lang.Object, java.lang.Object)'> (0x00000007112dc878) thrown at [./src/hotspot/share/interpreter/linkResolver.cpp, line 773]
Event: 1.793 Thread 0x000001fcc17ab800 Exception <a 'java/lang/NoSuchMethodError'{0x00000007112e0c00}: 'java.lang.Object java.lang.invoke.DirectMethodHandle$Holder.invokeStatic(java.lang.Object, java.lang.Object, java.lang.Object, java.lang.Object, int)'> (0x00000007112e0c00) thrown at [./src/hotspot/share/interpreter/linkResolver.cpp, line 773]
Event: 1.836 Thread 0x000001fcc17ab800 Exception <a 'java/lang/NoSuchMethodError'{0x0000000711006898}: 'void java.lang.invoke.DirectMethodHandle$Holder.invokeStatic(java.lang.Object, java.lang.Object, java.lang.Object, java.lang.Object)'> (0x0000000711006898) thrown at [./src/hotspot/share/interpreter/linkResolver.cpp, line 773]
Event: 1.894 Thread 0x000001fcc17ab800 Exception <a 'java/lang/NoSuchMethodError'{0x0000000710df89a0}: 'void java.lang.invoke.DirectMethodHandle$Holder.invokeStaticInit(java.lang.Object, java.lang.Object)'> (0x0000000710df89a0) thrown at [./src/hotspot/share/interpreter/linkResolver.cpp, line 773]
Event: 1.983 Thread 0x000001fcc17ab800 Exception <a 'java/lang/NoSuchMethodError'{0x000000071089caa0}: 'void java.lang.invoke.DirectMethodHandle$Holder.invokeVirtual(java.lang.Object, java.lang.Object)'> (0x000000071089caa0) thrown at [./src/hotspot/share/interpreter/linkResolver.cpp, line 773]
Event: 1.996 Thread 0x000001fcc17ab800 Exception <a 'java/lang/NoSuchMethodError'{0x000000071073f0a0}: 'int java.lang.invoke.DirectMethodHandle$Holder.invokeVirtual(java.lang.Object, java.lang.Object)'> (0x000000071073f0a0) thrown at [./src/hotspot/share/interpreter/linkResolver.cpp, line 773]

Events (20 events):
Event: 2.745 loading class org/jetbrains/kotlin/protobuf/CodedOutputStream$OutOfSpaceException done
Event: 2.745 loading class org/jetbrains/kotlin/protobuf/CodedOutputStream$ByteBufferOutputStream
Event: 2.745 loading class org/jetbrains/kotlin/protobuf/CodedOutputStream$ByteBufferOutputStream done
Event: 2.746 loading class org/jetbrains/kotlin/protobuf/WireFormat
Event: 2.746 loading class org/jetbrains/kotlin/protobuf/WireFormat done
Event: 2.747 loading class org/jetbrains/kotlin/metadata/ProtoBuf$QualifiedNameTable$QualifiedName
Event: 2.747 loading class org/jetbrains/kotlin/metadata/ProtoBuf$QualifiedNameTable$QualifiedName done
Event: 2.747 loading class org/jetbrains/kotlin/metadata/ProtoBuf$QualifiedNameTable$QualifiedNameOrBuilder
Event: 2.747 loading class org/jetbrains/kotlin/metadata/ProtoBuf$QualifiedNameTable$QualifiedNameOrBuilder done
Event: 2.748 loading class org/jetbrains/kotlin/metadata/ProtoBuf$QualifiedNameTable$QualifiedName$1
Event: 2.748 loading class org/jetbrains/kotlin/metadata/ProtoBuf$QualifiedNameTable$QualifiedName$1 done
Event: 2.748 loading class org/jetbrains/kotlin/metadata/ProtoBuf$QualifiedNameTable$QualifiedName$Kind
Event: 2.748 loading class org/jetbrains/kotlin/metadata/ProtoBuf$QualifiedNameTable$QualifiedName$Kind done
Event: 2.749 loading class org/jetbrains/kotlin/metadata/ProtoBuf$QualifiedNameTable$QualifiedName$Kind$1
Event: 2.749 loading class org/jetbrains/kotlin/metadata/ProtoBuf$QualifiedNameTable$QualifiedName$Kind$1 done
Event: 2.749 loading class org/jetbrains/kotlin/protobuf/GeneratedMessageLite$1
Event: 2.749 loading class org/jetbrains/kotlin/protobuf/GeneratedMessageLite$1 done
Event: 2.750 loading class org/jetbrains/kotlin/metadata/ProtoBuf$Annotation$Builder
Event: 2.750 loading class org/jetbrains/kotlin/metadata/ProtoBuf$Annotation$Builder done
Event: 2.750 Executing VM operation: CollectForMetadataAllocation


Dynamic libraries:
0x00007ff7f0cc0000 - 0x00007ff7f0cca000 	C:\Program Files\Android\Android Studio\jre\bin\java.exe
0x00007ffcb2c70000 - 0x00007ffcb2e68000 	C:\WINDOWS\SYSTEM32\ntdll.dll
0x00007ffcb2080000 - 0x00007ffcb213f000 	C:\WINDOWS\System32\KERNEL32.DLL
0x00007ffcb0360000 - 0x00007ffcb0632000 	C:\WINDOWS\System32\KERNELBASE.dll
0x00007ffcb0840000 - 0x00007ffcb0940000 	C:\WINDOWS\System32\ucrtbase.dll
0x00007ffcabd80000 - 0x00007ffcabd99000 	C:\Program Files\Android\Android Studio\jre\bin\jli.dll
0x00007ffcaa710000 - 0x00007ffcaa727000 	C:\Program Files\Android\Android Studio\jre\bin\VCRUNTIME140.dll
0x00007ffcb0d70000 - 0x00007ffcb0f11000 	C:\WINDOWS\System32\USER32.dll
0x00007ffc9b980000 - 0x00007ffc9bc1a000 	C:\WINDOWS\WinSxS\amd64_microsoft.windows.common-controls_6595b64144ccf1df_6.0.19041.1110_none_60b5254171f9507e\COMCTL32.dll
0x00007ffcb0c80000 - 0x00007ffcb0ca2000 	C:\WINDOWS\System32\win32u.dll
0x00007ffcb1fe0000 - 0x00007ffcb207e000 	C:\WINDOWS\System32\msvcrt.dll
0x00007ffcb10d0000 - 0x00007ffcb10fb000 	C:\WINDOWS\System32\GDI32.dll
0x00007ffcb09f0000 - 0x00007ffcb0aff000 	C:\WINDOWS\System32\gdi32full.dll
0x00007ffcb0be0000 - 0x00007ffcb0c7d000 	C:\WINDOWS\System32\msvcp_win.dll
0x00007ffcb1f40000 - 0x00007ffcb1f72000 	C:\WINDOWS\System32\IMM32.DLL
0x00007ffca0ed0000 - 0x00007ffca0f6d000 	C:\Program Files\Android\Android Studio\jre\bin\msvcp140.dll
0x00007ffc78200000 - 0x00007ffc78d02000 	C:\Program Files\Android\Android Studio\jre\bin\server\jvm.dll
0x00007ffcb25b0000 - 0x00007ffcb265e000 	C:\WINDOWS\System32\ADVAPI32.dll
0x00007ffcb14c0000 - 0x00007ffcb155c000 	C:\WINDOWS\System32\sechost.dll
0x00007ffcb2a10000 - 0x00007ffcb2b35000 	C:\WINDOWS\System32\RPCRT4.dll
0x00007ffcb0d60000 - 0x00007ffcb0d68000 	C:\WINDOWS\System32\PSAPI.DLL
0x00007ffcaaa20000 - 0x00007ffcaaa29000 	C:\WINDOWS\SYSTEM32\WSOCK32.dll
0x00007ffc9bc20000 - 0x00007ffc9bc47000 	C:\WINDOWS\SYSTEM32\WINMM.dll
0x00007ffca5c00000 - 0x00007ffca5c0a000 	C:\WINDOWS\SYSTEM32\VERSION.dll
0x00007ffcb1ed0000 - 0x00007ffcb1f3b000 	C:\WINDOWS\System32\WS2_32.dll
0x00007ffcae1e0000 - 0x00007ffcae1f2000 	C:\WINDOWS\SYSTEM32\kernel.appcore.dll
0x00007ffcaaa40000 - 0x00007ffcaaa51000 	C:\Program Files\Android\Android Studio\jre\bin\verify.dll
0x00007ffc98c40000 - 0x00007ffc98e24000 	C:\WINDOWS\SYSTEM32\DBGHELP.DLL
0x00007ffc97b10000 - 0x00007ffc97b45000 	C:\WINDOWS\SYSTEM32\dbgcore.DLL
0x00007ffcb0b50000 - 0x00007ffcb0bd2000 	C:\WINDOWS\System32\bcryptPrimitives.dll
0x00007ffca1d70000 - 0x00007ffca1d99000 	C:\Program Files\Android\Android Studio\jre\bin\java.dll
0x00007ffcada60000 - 0x00007ffcada6b000 	C:\Program Files\Android\Android Studio\jre\bin\jimage.dll
0x00007ffcaa930000 - 0x00007ffcaa948000 	C:\Program Files\Android\Android Studio\jre\bin\zip.dll
0x00007ffcb1660000 - 0x00007ffcb1da4000 	C:\WINDOWS\System32\SHELL32.dll
0x00007ffcae3e0000 - 0x00007ffcaeb72000 	C:\WINDOWS\SYSTEM32\windows.storage.dll
0x00007ffcb1100000 - 0x00007ffcb1455000 	C:\WINDOWS\System32\combase.dll
0x00007ffcafce0000 - 0x00007ffcafd10000 	C:\WINDOWS\SYSTEM32\Wldp.dll
0x00007ffcb0cb0000 - 0x00007ffcb0d5d000 	C:\WINDOWS\System32\SHCORE.dll
0x00007ffcb15f0000 - 0x00007ffcb1645000 	C:\WINDOWS\System32\shlwapi.dll
0x00007ffcb02a0000 - 0x00007ffcb02bf000 	C:\WINDOWS\SYSTEM32\profapi.dll
0x00007ffcaa870000 - 0x00007ffcaa88a000 	C:\Program Files\Android\Android Studio\jre\bin\net.dll
0x00007ffca8940000 - 0x00007ffca8a4c000 	C:\WINDOWS\SYSTEM32\WINHTTP.dll
0x00007ffcafac0000 - 0x00007ffcafb2a000 	C:\WINDOWS\system32\mswsock.dll
0x00007ffca0b20000 - 0x00007ffca0b34000 	C:\Program Files\Android\Android Studio\jre\bin\nio.dll

dbghelp: loaded successfully - version: 4.0.5 - missing functions: none
symbol engine: initialized successfully - sym options: 0x614 - pdb path: .;C:\Program Files\Android\Android Studio\jre\bin;C:\WINDOWS\SYSTEM32;C:\WINDOWS\WinSxS\amd64_microsoft.windows.common-controls_6595b64144ccf1df_6.0.19041.1110_none_60b5254171f9507e;C:\Program Files\Android\Android Studio\jre\bin\server

VM Arguments:
java_command: org.jetbrains.kotlin.cli.jvm.K2JVMCompiler @C:\Users\Laura\AndroidStudioProjects\Proyecto_TFG_Congreso_Mudanzas\app\build\20230117_7775627088080858238.compiler.options
java_class_path (initial): C:\Users\Laura\.gradle\caches\modules-2\files-2.1\org.jetbrains.kotlin\kotlin-compiler-embeddable\1.7.20\8db18559a581dd2c36ddfd5046af145650f5b126\kotlin-compiler-embeddable-1.7.20.jar;C:\Users\Laura\.gradle\caches\modules-2\files-2.1\org.jetbrains.kotlin\kotlin-reflect\1.7.20\12b2501e33bb6373e8e347c86d85481863629381\kotlin-reflect-1.7.20.jar;C:\Users\Laura\.gradle\caches\modules-2\files-2.1\org.jetbrains.kotlin\kotlin-stdlib\1.7.20\726594ea9ba2beb2ee113647fefa9a10f9fabe52\kotlin-stdlib-1.7.20.jar;C:\Users\Laura\.gradle\caches\modules-2\files-2.1\org.jetbrains.kotlin\kotlin-script-runtime\1.7.20\bcd1cc6f865e632550357fcc59f5ffd532615a8\kotlin-script-runtime-1.7.20.jar;C:\Users\Laura\.gradle\caches\modules-2\files-2.1\org.jetbrains.kotlin\kotlin-daemon-embeddable\1.7.20\1e24355adad8d529d75d5b19eab55484057431ba\kotlin-daemon-embeddable-1.7.20.jar;C:\Users\Laura\.gradle\caches\modules-2\files-2.1\org.jetbrains.intellij.deps\trove4j\1.0.20200330\3afb14d5f9ceb459d724e907a21145e8ff394f02\trove4j-1.0.20200330.jar;C:\Users\Laura\.gradle\caches\modules-2\files-2.1\net.java.dev.jna\jna\5.6.0\330f2244e9030119ab3030fc3fededc86713d9cc\jna-5.6.0.jar;C:\Users\Laura\.gradle\caches\modules-2\files-2.1\org.jetbrains.kotlin\kotlin-stdlib-common\1.7.20\e15351bdaf9fa06f009be5da7a202e4184f00ae3\kotlin-stdlib-common-1.7.20.jar;C:\Users\Laura\.gradle\caches\modules-2\files-2.1\org.jetbrains\annotations\13.0\919f0dfe192fb4e063e7dacadee7f8bb9a2672a9\annotations-13.0.jar
Launcher Type: SUN_STANDARD

[Global flags]
     intx CICompilerCount                          = 4                                         {product} {ergonomic}
     uint ConcGCThreads                            = 3                                         {product} {ergonomic}
     uint G1ConcRefinementThreads                  = 10                                        {product} {ergonomic}
   size_t G1HeapRegionSize                         = 1048576                                   {product} {ergonomic}
    uintx GCDrainStackTargetSize                   = 64                                        {product} {ergonomic}
   size_t InitialHeapSize                          = 266338304                                 {product} {ergonomic}
   size_t MarkStackSize                            = 4194304                                   {product} {ergonomic}
   size_t MaxHeapSize                              = 4253024256                                {product} {ergonomic}
   size_t MaxNewSize                               = 2551185408                                {product} {ergonomic}
   size_t MinHeapDeltaBytes                        = 1048576                                   {product} {ergonomic}
    uintx NonNMethodCodeHeapSize                   = 5836300                                {pd product} {ergonomic}
    uintx NonProfiledCodeHeapSize                  = 122910970                              {pd product} {ergonomic}
    uintx ProfiledCodeHeapSize                     = 122910970                              {pd product} {ergonomic}
    uintx ReservedCodeCacheSize                    = 251658240                              {pd product} {ergonomic}
     bool SegmentedCodeCache                       = true                                      {product} {ergonomic}
     bool UseCompressedClassPointers               = true                                 {lp64_product} {ergonomic}
     bool UseCompressedOops                        = true                                 {lp64_product} {ergonomic}
     bool UseG1GC                                  = true                                      {product} {ergonomic}
     bool UseLargePagesIndividualAllocation        = false                                  {pd product} {ergonomic}

Logging:
Log output configuration:
 #0: stdout all=warning uptime,level,tags
 #1: stderr all=off uptime,level,tags

Environment Variables:
PATH=C:\Program Files (x86)\VMware\VMware Workstation\bin\;C:\Program Files\Python38\Scripts\;C:\Program Files\Python38\;C:\Program Files (x86)\Common Files\Oracle\Java\javapath;C:\WINDOWS\system32;C:\WINDOWS;C:\WINDOWS\System32\Wbem;C:\WINDOWS\System32\WindowsPowerShell\v1.0\;C:\WINDOWS\System32\OpenSSH\;C:\Program Files\Docker\Docker\resources\bin;C:\ProgramData\DockerDesktop\version-bin;C:\Program Files\Git\cmd;C:\Users\Laura\AppData\Local\Programs\Python\Python310\Scripts\;C:\Users\Laura\AppData\Local\Programs\Python\Python310\;C:\Users\Laura\AppData\Local\Microsoft\WindowsApps;C:\Users\Laura\AppData\Local\Programs\Microsoft VS Code\bin;C:\Program Files\JetBrains\PyCharm Edu 2022.2\bin;
USERNAME=Laura
OS=Windows_NT
PROCESSOR_IDENTIFIER=Intel64 Family 6 Model 158 Stepping 10, GenuineIntel



---------------  S Y S T E M  ---------------

OS: Windows 10 , 64 bit Build 19041 (10.0.19041.2364)
OS uptime: 3 days 2:44 hours
Hyper-V role detected

CPU:total 12 (initial active 12) (6 cores per cpu, 2 threads per core) family 6 model 158 stepping 10 microcode 0xcc, cmov, cx8, fxsr, mmx, sse, sse2, sse3, ssse3, sse4.1, sse4.2, popcnt, avx, avx2, aes, clmul, erms, 3dnowpref, lzcnt, ht, tsc, tscinvbit, bmi1, bmi2, adx, fma

Memory: 4k page, system-wide physical 16221M (2491M free)
TotalPageFile size 19221M (AvailPageFile size 5M)
current process WorkingSet (physical memory assigned to process): 229M, peak: 229M
current process commit charge ("private bytes"): 441M, peak: 442M

vm_info: OpenJDK 64-Bit Server VM (11.0.13+0-b1751.21-8125866) for windows-amd64 JRE (11.0.13+0-b1751.21-8125866), built on Feb  2 2022 03:00:22 by "builder" with MS VC++ 14.0 (VS2015)

END.
