#
# There is insufficient memory for the Java Runtime Environment to continue.
# Native memory allocation (malloc) failed to allocate 1048576 bytes for AllocateHeap
# Possible reasons:
#   The system is out of physical RAM or swap space
#   The process is running with CompressedOops enabled, and the Java Heap may be blocking the growth of the native heap
# Possible solutions:
#   Reduce memory load on the system
#   Increase physical memory or swap space
#   Check if swap backing store is full
#   Decrease Java heap size (-Xmx/-Xms)
#   Decrease number of Java threads
#   Decrease Java thread stack sizes (-Xss)
#   Set larger code cache with -XX:ReservedCodeCacheSize=
#   JVM is running with Zero Based Compressed Oops mode in which the Java heap is
#     placed in the first 32GB address space. The Java Heap base address is the
#     maximum limit for the native heap growth. Please use -XX:HeapBaseMinAddress
#     to set the Java Heap base and to place the Java Heap above 32GB virtual address.
# This output file may be truncated or incomplete.
#
#  Out of Memory Error (./src/hotspot/share/memory/allocation.cpp:46), pid=5976, tid=7136
#
# JRE version: OpenJDK Runtime Environment (11.0.13) (build 11.0.13+0-b1751.21-8125866)
# Java VM: OpenJDK 64-Bit Server VM (11.0.13+0-b1751.21-8125866, mixed mode, tiered, compressed oops, g1 gc, windows-amd64)
# No core dump will be written. Minidumps are not enabled by default on client versions of Windows
#

---------------  S U M M A R Y ------------

Command Line: org.jetbrains.kotlin.cli.jvm.K2JVMCompiler @C:\Users\Laura\AndroidStudioProjects\Proyecto_TFG_Congreso_Mudanzas\app\build\20230117_12848122431081855162.compiler.options

Host: Intel(R) Core(TM) i7-9750H CPU @ 2.60GHz, 12 cores, 15G,  Windows 10 , 64 bit Build 19041 (10.0.19041.2364)
Time: Tue Jan 17 19:40:32 2023 Hora estándar romance elapsed time: 0.970757 seconds (0d 0h 0m 0s)

---------------  T H R E A D  ---------------

Current thread (0x00000274081ad000):  VMThread "VM Thread" [stack: 0x000000b464a00000,0x000000b464b00000] [id=7136]

Stack: [0x000000b464a00000,0x000000b464b00000]
[error occurred during error reporting (printing stack bounds), id 0xc0000005, EXCEPTION_ACCESS_VIOLATION (0xc0000005) at pc=0x000002746c80112d]

Native frames: (J=compiled Java code, j=interpreted, Vv=VM code, C=native code)
V  [jvm.dll+0x6100fa]
V  [jvm.dll+0x747090]
V  [jvm.dll+0x7486ad]
V  [jvm.dll+0x748ce5]
V  [jvm.dll+0x748c9b]
V  [jvm.dll+0x60f224]
V  [jvm.dll+0x60f9b8]
C  [ntdll.dll+0xa241f]
C  [ntdll.dll+0x514a4]
C  [ntdll.dll+0xa0f4e]
C  0x000002746c80112d

VM_Operation (0x000000b4644fb730): CollectForMetadataAllocation, mode: safepoint, requested by thread 0x0000027468cde000


---------------  P R O C E S S  ---------------

Threads class SMR info:
_java_thread_list=0x0000027408c2c720, length=12, elements={
0x0000027468cde000, 0x00000274081be800, 0x00000274081b6000, 0x0000027408a7b800,
0x0000027408a7d800, 0x0000027408a80800, 0x0000027408ac7800, 0x0000027408adc000,
0x0000027408adc800, 0x0000027408c3a800, 0x0000027408c2f000, 0x0000027408c30000
}

Java Threads: ( => current thread )
  0x0000027468cde000 JavaThread "main" [_thread_blocked, id=7648, stack(0x000000b464400000,0x000000b464500000)]
  0x00000274081be800 JavaThread "Reference Handler" daemon [_thread_blocked, id=2312, stack(0x000000b464b00000,0x000000b464c00000)]
  0x00000274081b6000 JavaThread "Finalizer" daemon [_thread_blocked, id=17252, stack(0x000000b464c00000,0x000000b464d00000)]
  0x0000027408a7b800 JavaThread "Signal Dispatcher" daemon [_thread_blocked, id=12320, stack(0x000000b464d00000,0x000000b464e00000)]
  0x0000027408a7d800 JavaThread "Attach Listener" daemon [_thread_blocked, id=16548, stack(0x000000b464e00000,0x000000b464f00000)]
  0x0000027408a80800 JavaThread "Service Thread" daemon [_thread_blocked, id=14104, stack(0x000000b464f00000,0x000000b465000000)]
  0x0000027408ac7800 JavaThread "C2 CompilerThread0" daemon [_thread_blocked, id=19220, stack(0x000000b465000000,0x000000b465100000)]
  0x0000027408adc000 JavaThread "C1 CompilerThread0" daemon [_thread_blocked, id=5852, stack(0x000000b465100000,0x000000b465200000)]
  0x0000027408adc800 JavaThread "Sweeper thread" daemon [_thread_blocked, id=5452, stack(0x000000b465200000,0x000000b465300000)]
  0x0000027408c3a800 JavaThread "Common-Cleaner" daemon [_thread_blocked, id=16512, stack(0x000000b465400000,0x000000b465500000)]
  0x0000027408c2f000 JavaThread "C2 CompilerThread1" daemon [_thread_blocked, id=3996, stack(0x000000b465500000,0x000000b465600000)]
  0x0000027408c30000 JavaThread "C2 CompilerThread2" daemon [_thread_blocked, id=9944, stack(0x000000b465600000,0x000000b465700000)]

Other Threads:
=>0x00000274081ad000 VMThread "VM Thread" [stack: 0x000000b464a00000,0x000000b464b00000] [id=7136]
  0x0000027408c2a800 WatcherThread [stack: 0x000000b465300000,0x000000b465400000] [id=18604]
  0x0000027468cf5800 GCTaskThread "GC Thread#0" [stack: 0x000000b464500000,0x000000b464600000] [id=8008]
  0x000002740947e800 GCTaskThread "GC Thread#1" [stack: 0x000000b465700000,0x000000b465800000] [id=15832]
  0x0000027409541800 GCTaskThread "GC Thread#2" [stack: 0x000000b465800000,0x000000b465900000] [id=512]
  0x0000027409493800 GCTaskThread "GC Thread#3" [stack: 0x000000b465900000,0x000000b465a00000] [id=10560]
  0x0000027409494000 GCTaskThread "GC Thread#4" [stack: 0x000000b465a00000,0x000000b465b00000] [id=18876]
  0x0000027409409800 GCTaskThread "GC Thread#5" [stack: 0x000000b465b00000,0x000000b465c00000] [id=9988]
  0x0000027468d51800 ConcurrentGCThread "G1 Main Marker" [stack: 0x000000b464600000,0x000000b464700000] [id=11104]
  0x0000027468d53800 ConcurrentGCThread "G1 Conc#0" [stack: 0x000000b464700000,0x000000b464800000] [id=3960]
  0x000002740958a800 ConcurrentGCThread "G1 Conc#1" [stack: 0x000000b465c00000,0x000000b465d00000] [id=8580]
  0x0000027409691800 ConcurrentGCThread "G1 Conc#2" [stack: 0x000000b465d00000,0x000000b465e00000] [id=2088]
  0x000002740808c800 ConcurrentGCThread "G1 Refine#0" [stack: 0x000000b464800000,0x000000b464900000] [id=13612]
  0x000002740808d800 ConcurrentGCThread "G1 Young RemSet Sampling" [stack: 0x000000b464900000,0x000000b464a00000] [id=3612]

Threads with active compile tasks:
C2 CompilerThread1    981 1164       4       java.lang.ClassLoader::checkName (37 bytes)
C2 CompilerThread2    981 1161   !   4       java.util.concurrent.ConcurrentHashMap::putVal (432 bytes)

VM state:at safepoint (normal execution)

VM Mutex/Monitor currently owned by a thread:  ([mutex/lock_event])
[0x0000027468cd9d60] Threads_lock - owner thread: 0x00000274081ad000
[0x0000027468cdb230] Heap_lock - owner thread: 0x0000027468cde000

Heap address: 0x0000000702800000, size: 4056 MB, Compressed Oops mode: Zero based, Oop shift amount: 3
Narrow klass base: 0x0000000800000000, Narrow klass shift: 0
Compressed class space size: 1073741824 Address: 0x0000000800000000

Heap:
 garbage-first heap   total 260096K, used 9519K [0x0000000702800000, 0x0000000800000000)
  region size 1024K, 6 young (6144K), 6 survivors (6144K)
 Metaspace       used 15197K, capacity 15319K, committed 15360K, reserved 1075200K
  class space    used 1465K, capacity 1504K, committed 1536K, reserved 1048576K
Heap Regions: E=young(eden), S=young(survivor), O=old, HS=humongous(starts), HC=humongous(continues), CS=collection set, F=free, A=archive, TAMS=top-at-mark-start (previous, next)
|   0|0x0000000702800000, 0x0000000702900000, 0x0000000702900000|100%|HS|  |TAMS 0x0000000702800000, 0x0000000702900000| Complete 
|   1|0x0000000702900000, 0x0000000702a00000, 0x0000000702a00000|100%|HC|  |TAMS 0x0000000702900000, 0x0000000702a00000| Complete 
|   2|0x0000000702a00000, 0x0000000702b00000, 0x0000000702b00000|100%|HC|  |TAMS 0x0000000702a00000, 0x0000000702b00000| Complete 
|   3|0x0000000702b00000, 0x0000000702c00000, 0x0000000702c00000|100%|HC|  |TAMS 0x0000000702b00000, 0x0000000702c00000| Complete 
|   4|0x0000000702c00000, 0x0000000702c00000, 0x0000000702d00000|  0%| F|  |TAMS 0x0000000702c00000, 0x0000000702c00000| Untracked 
|   5|0x0000000702d00000, 0x0000000702d2a600, 0x0000000702e00000| 16%| O|  |TAMS 0x0000000702d00000, 0x0000000702d2a600| Untracked 
|   6|0x0000000702e00000, 0x0000000702e00000, 0x0000000702f00000|  0%| F|  |TAMS 0x0000000702e00000, 0x0000000702e00000| Untracked 
|   7|0x0000000702f00000, 0x0000000702f00000, 0x0000000703000000|  0%| F|  |TAMS 0x0000000702f00000, 0x0000000702f00000| Untracked 
|   8|0x0000000703000000, 0x0000000703000000, 0x0000000703100000|  0%| F|  |TAMS 0x0000000703000000, 0x0000000703000000| Untracked 
|   9|0x0000000703100000, 0x0000000703100000, 0x0000000703200000|  0%| F|  |TAMS 0x0000000703100000, 0x0000000703100000| Untracked 
|  10|0x0000000703200000, 0x0000000703200000, 0x0000000703300000|  0%| F|  |TAMS 0x0000000703200000, 0x0000000703200000| Untracked 
|  11|0x0000000703300000, 0x0000000703300000, 0x0000000703400000|  0%| F|  |TAMS 0x0000000703300000, 0x0000000703300000| Untracked 
|  12|0x0000000703400000, 0x0000000703400000, 0x0000000703500000|  0%| F|  |TAMS 0x0000000703400000, 0x0000000703400000| Untracked 
|  13|0x0000000703500000, 0x0000000703500000, 0x0000000703600000|  0%| F|  |TAMS 0x0000000703500000, 0x0000000703500000| Untracked 
|  14|0x0000000703600000, 0x0000000703600000, 0x0000000703700000|  0%| F|  |TAMS 0x0000000703600000, 0x0000000703600000| Untracked 
|  15|0x0000000703700000, 0x0000000703700000, 0x0000000703800000|  0%| F|  |TAMS 0x0000000703700000, 0x0000000703700000| Untracked 
|  16|0x0000000703800000, 0x0000000703800000, 0x0000000703900000|  0%| F|  |TAMS 0x0000000703800000, 0x0000000703800000| Untracked 
|  17|0x0000000703900000, 0x0000000703900000, 0x0000000703a00000|  0%| F|  |TAMS 0x0000000703900000, 0x0000000703900000| Untracked 
|  18|0x0000000703a00000, 0x0000000703a00000, 0x0000000703b00000|  0%| F|  |TAMS 0x0000000703a00000, 0x0000000703a00000| Untracked 
|  19|0x0000000703b00000, 0x0000000703b00000, 0x0000000703c00000|  0%| F|  |TAMS 0x0000000703b00000, 0x0000000703b00000| Untracked 
|  20|0x0000000703c00000, 0x0000000703c00000, 0x0000000703d00000|  0%| F|  |TAMS 0x0000000703c00000, 0x0000000703c00000| Untracked 
|  21|0x0000000703d00000, 0x0000000703d00000, 0x0000000703e00000|  0%| F|  |TAMS 0x0000000703d00000, 0x0000000703d00000| Untracked 
|  22|0x0000000703e00000, 0x0000000703e00000, 0x0000000703f00000|  0%| F|  |TAMS 0x0000000703e00000, 0x0000000703e00000| Untracked 
|  23|0x0000000703f00000, 0x0000000703f00000, 0x0000000704000000|  0%| F|  |TAMS 0x0000000703f00000, 0x0000000703f00000| Untracked 
|  24|0x0000000704000000, 0x0000000704000000, 0x0000000704100000|  0%| F|  |TAMS 0x0000000704000000, 0x0000000704000000| Untracked 
|  25|0x0000000704100000, 0x0000000704100000, 0x0000000704200000|  0%| F|  |TAMS 0x0000000704100000, 0x0000000704100000| Untracked 
|  26|0x0000000704200000, 0x0000000704200000, 0x0000000704300000|  0%| F|  |TAMS 0x0000000704200000, 0x0000000704200000| Untracked 
|  27|0x0000000704300000, 0x0000000704300000, 0x0000000704400000|  0%| F|  |TAMS 0x0000000704300000, 0x0000000704300000| Untracked 
|  28|0x0000000704400000, 0x0000000704400000, 0x0000000704500000|  0%| F|  |TAMS 0x0000000704400000, 0x0000000704400000| Untracked 
|  29|0x0000000704500000, 0x0000000704500000, 0x0000000704600000|  0%| F|  |TAMS 0x0000000704500000, 0x0000000704500000| Untracked 
|  30|0x0000000704600000, 0x0000000704600000, 0x0000000704700000|  0%| F|  |TAMS 0x0000000704600000, 0x0000000704600000| Untracked 
|  31|0x0000000704700000, 0x0000000704700000, 0x0000000704800000|  0%| F|  |TAMS 0x0000000704700000, 0x0000000704700000| Untracked 
|  32|0x0000000704800000, 0x0000000704800000, 0x0000000704900000|  0%| F|  |TAMS 0x0000000704800000, 0x0000000704800000| Untracked 
|  33|0x0000000704900000, 0x0000000704900000, 0x0000000704a00000|  0%| F|  |TAMS 0x0000000704900000, 0x0000000704900000| Untracked 
|  34|0x0000000704a00000, 0x0000000704a00000, 0x0000000704b00000|  0%| F|  |TAMS 0x0000000704a00000, 0x0000000704a00000| Untracked 
|  35|0x0000000704b00000, 0x0000000704b00000, 0x0000000704c00000|  0%| F|  |TAMS 0x0000000704b00000, 0x0000000704b00000| Untracked 
|  36|0x0000000704c00000, 0x0000000704c00000, 0x0000000704d00000|  0%| F|  |TAMS 0x0000000704c00000, 0x0000000704c00000| Untracked 
|  37|0x0000000704d00000, 0x0000000704d00000, 0x0000000704e00000|  0%| F|  |TAMS 0x0000000704d00000, 0x0000000704d00000| Untracked 
|  38|0x0000000704e00000, 0x0000000704e00000, 0x0000000704f00000|  0%| F|  |TAMS 0x0000000704e00000, 0x0000000704e00000| Untracked 
|  39|0x0000000704f00000, 0x0000000704f00000, 0x0000000705000000|  0%| F|  |TAMS 0x0000000704f00000, 0x0000000704f00000| Untracked 
|  40|0x0000000705000000, 0x0000000705000000, 0x0000000705100000|  0%| F|  |TAMS 0x0000000705000000, 0x0000000705000000| Untracked 
|  41|0x0000000705100000, 0x0000000705100000, 0x0000000705200000|  0%| F|  |TAMS 0x0000000705100000, 0x0000000705100000| Untracked 
|  42|0x0000000705200000, 0x0000000705200000, 0x0000000705300000|  0%| F|  |TAMS 0x0000000705200000, 0x0000000705200000| Untracked 
|  43|0x0000000705300000, 0x0000000705300000, 0x0000000705400000|  0%| F|  |TAMS 0x0000000705300000, 0x0000000705300000| Untracked 
|  44|0x0000000705400000, 0x0000000705400000, 0x0000000705500000|  0%| F|  |TAMS 0x0000000705400000, 0x0000000705400000| Untracked 
|  45|0x0000000705500000, 0x0000000705500000, 0x0000000705600000|  0%| F|  |TAMS 0x0000000705500000, 0x0000000705500000| Untracked 
|  46|0x0000000705600000, 0x0000000705600000, 0x0000000705700000|  0%| F|  |TAMS 0x0000000705600000, 0x0000000705600000| Untracked 
|  47|0x0000000705700000, 0x0000000705700000, 0x0000000705800000|  0%| F|  |TAMS 0x0000000705700000, 0x0000000705700000| Untracked 
|  48|0x0000000705800000, 0x0000000705800000, 0x0000000705900000|  0%| F|  |TAMS 0x0000000705800000, 0x0000000705800000| Untracked 
|  49|0x0000000705900000, 0x0000000705900000, 0x0000000705a00000|  0%| F|  |TAMS 0x0000000705900000, 0x0000000705900000| Untracked 
|  50|0x0000000705a00000, 0x0000000705a00000, 0x0000000705b00000|  0%| F|  |TAMS 0x0000000705a00000, 0x0000000705a00000| Untracked 
|  51|0x0000000705b00000, 0x0000000705b00000, 0x0000000705c00000|  0%| F|  |TAMS 0x0000000705b00000, 0x0000000705b00000| Untracked 
|  52|0x0000000705c00000, 0x0000000705c00000, 0x0000000705d00000|  0%| F|  |TAMS 0x0000000705c00000, 0x0000000705c00000| Untracked 
|  53|0x0000000705d00000, 0x0000000705d00000, 0x0000000705e00000|  0%| F|  |TAMS 0x0000000705d00000, 0x0000000705d00000| Untracked 
|  54|0x0000000705e00000, 0x0000000705e00000, 0x0000000705f00000|  0%| F|  |TAMS 0x0000000705e00000, 0x0000000705e00000| Untracked 
|  55|0x0000000705f00000, 0x0000000705f00000, 0x0000000706000000|  0%| F|  |TAMS 0x0000000705f00000, 0x0000000705f00000| Untracked 
|  56|0x0000000706000000, 0x0000000706000000, 0x0000000706100000|  0%| F|  |TAMS 0x0000000706000000, 0x0000000706000000| Untracked 
|  57|0x0000000706100000, 0x0000000706100000, 0x0000000706200000|  0%| F|  |TAMS 0x0000000706100000, 0x0000000706100000| Untracked 
|  58|0x0000000706200000, 0x0000000706200000, 0x0000000706300000|  0%| F|  |TAMS 0x0000000706200000, 0x0000000706200000| Untracked 
|  59|0x0000000706300000, 0x0000000706300000, 0x0000000706400000|  0%| F|  |TAMS 0x0000000706300000, 0x0000000706300000| Untracked 
|  60|0x0000000706400000, 0x0000000706400000, 0x0000000706500000|  0%| F|  |TAMS 0x0000000706400000, 0x0000000706400000| Untracked 
|  61|0x0000000706500000, 0x0000000706500000, 0x0000000706600000|  0%| F|  |TAMS 0x0000000706500000, 0x0000000706500000| Untracked 
|  62|0x0000000706600000, 0x0000000706600000, 0x0000000706700000|  0%| F|  |TAMS 0x0000000706600000, 0x0000000706600000| Untracked 
|  63|0x0000000706700000, 0x0000000706700000, 0x0000000706800000|  0%| F|  |TAMS 0x0000000706700000, 0x0000000706700000| Untracked 
|  64|0x0000000706800000, 0x0000000706800000, 0x0000000706900000|  0%| F|  |TAMS 0x0000000706800000, 0x0000000706800000| Untracked 
|  65|0x0000000706900000, 0x0000000706900000, 0x0000000706a00000|  0%| F|  |TAMS 0x0000000706900000, 0x0000000706900000| Untracked 
|  66|0x0000000706a00000, 0x0000000706a00000, 0x0000000706b00000|  0%| F|  |TAMS 0x0000000706a00000, 0x0000000706a00000| Untracked 
|  67|0x0000000706b00000, 0x0000000706b00000, 0x0000000706c00000|  0%| F|  |TAMS 0x0000000706b00000, 0x0000000706b00000| Untracked 
|  68|0x0000000706c00000, 0x0000000706c00000, 0x0000000706d00000|  0%| F|  |TAMS 0x0000000706c00000, 0x0000000706c00000| Untracked 
|  69|0x0000000706d00000, 0x0000000706d00000, 0x0000000706e00000|  0%| F|  |TAMS 0x0000000706d00000, 0x0000000706d00000| Untracked 
|  70|0x0000000706e00000, 0x0000000706e00000, 0x0000000706f00000|  0%| F|  |TAMS 0x0000000706e00000, 0x0000000706e00000| Untracked 
|  71|0x0000000706f00000, 0x0000000706f00000, 0x0000000707000000|  0%| F|  |TAMS 0x0000000706f00000, 0x0000000706f00000| Untracked 
|  72|0x0000000707000000, 0x0000000707000000, 0x0000000707100000|  0%| F|  |TAMS 0x0000000707000000, 0x0000000707000000| Untracked 
|  73|0x0000000707100000, 0x0000000707100000, 0x0000000707200000|  0%| F|  |TAMS 0x0000000707100000, 0x0000000707100000| Untracked 
|  74|0x0000000707200000, 0x0000000707200000, 0x0000000707300000|  0%| F|  |TAMS 0x0000000707200000, 0x0000000707200000| Untracked 
|  75|0x0000000707300000, 0x0000000707300000, 0x0000000707400000|  0%| F|  |TAMS 0x0000000707300000, 0x0000000707300000| Untracked 
|  76|0x0000000707400000, 0x0000000707400000, 0x0000000707500000|  0%| F|  |TAMS 0x0000000707400000, 0x0000000707400000| Untracked 
|  77|0x0000000707500000, 0x0000000707500000, 0x0000000707600000|  0%| F|  |TAMS 0x0000000707500000, 0x0000000707500000| Untracked 
|  78|0x0000000707600000, 0x0000000707600000, 0x0000000707700000|  0%| F|  |TAMS 0x0000000707600000, 0x0000000707600000| Untracked 
|  79|0x0000000707700000, 0x0000000707700000, 0x0000000707800000|  0%| F|  |TAMS 0x0000000707700000, 0x0000000707700000| Untracked 
|  80|0x0000000707800000, 0x0000000707800000, 0x0000000707900000|  0%| F|  |TAMS 0x0000000707800000, 0x0000000707800000| Untracked 
|  81|0x0000000707900000, 0x0000000707900000, 0x0000000707a00000|  0%| F|  |TAMS 0x0000000707900000, 0x0000000707900000| Untracked 
|  82|0x0000000707a00000, 0x0000000707a00000, 0x0000000707b00000|  0%| F|  |TAMS 0x0000000707a00000, 0x0000000707a00000| Untracked 
|  83|0x0000000707b00000, 0x0000000707b00000, 0x0000000707c00000|  0%| F|  |TAMS 0x0000000707b00000, 0x0000000707b00000| Untracked 
|  84|0x0000000707c00000, 0x0000000707c00000, 0x0000000707d00000|  0%| F|  |TAMS 0x0000000707c00000, 0x0000000707c00000| Untracked 
|  85|0x0000000707d00000, 0x0000000707d00000, 0x0000000707e00000|  0%| F|  |TAMS 0x0000000707d00000, 0x0000000707d00000| Untracked 
|  86|0x0000000707e00000, 0x0000000707e00000, 0x0000000707f00000|  0%| F|  |TAMS 0x0000000707e00000, 0x0000000707e00000| Untracked 
|  87|0x0000000707f00000, 0x0000000707f00000, 0x0000000708000000|  0%| F|  |TAMS 0x0000000707f00000, 0x0000000707f00000| Untracked 
|  88|0x0000000708000000, 0x0000000708000000, 0x0000000708100000|  0%| F|  |TAMS 0x0000000708000000, 0x0000000708000000| Untracked 
|  89|0x0000000708100000, 0x0000000708100000, 0x0000000708200000|  0%| F|  |TAMS 0x0000000708100000, 0x0000000708100000| Untracked 
|  90|0x0000000708200000, 0x0000000708200000, 0x0000000708300000|  0%| F|  |TAMS 0x0000000708200000, 0x0000000708200000| Untracked 
|  91|0x0000000708300000, 0x0000000708300000, 0x0000000708400000|  0%| F|  |TAMS 0x0000000708300000, 0x0000000708300000| Untracked 
|  92|0x0000000708400000, 0x0000000708400000, 0x0000000708500000|  0%| F|  |TAMS 0x0000000708400000, 0x0000000708400000| Untracked 
|  93|0x0000000708500000, 0x0000000708500000, 0x0000000708600000|  0%| F|  |TAMS 0x0000000708500000, 0x0000000708500000| Untracked 
|  94|0x0000000708600000, 0x0000000708600000, 0x0000000708700000|  0%| F|  |TAMS 0x0000000708600000, 0x0000000708600000| Untracked 
|  95|0x0000000708700000, 0x0000000708700000, 0x0000000708800000|  0%| F|  |TAMS 0x0000000708700000, 0x0000000708700000| Untracked 
|  96|0x0000000708800000, 0x0000000708800000, 0x0000000708900000|  0%| F|  |TAMS 0x0000000708800000, 0x0000000708800000| Untracked 
|  97|0x0000000708900000, 0x0000000708900000, 0x0000000708a00000|  0%| F|  |TAMS 0x0000000708900000, 0x0000000708900000| Untracked 
|  98|0x0000000708a00000, 0x0000000708a00000, 0x0000000708b00000|  0%| F|  |TAMS 0x0000000708a00000, 0x0000000708a00000| Untracked 
|  99|0x0000000708b00000, 0x0000000708b00000, 0x0000000708c00000|  0%| F|  |TAMS 0x0000000708b00000, 0x0000000708b00000| Untracked 
| 100|0x0000000708c00000, 0x0000000708c00000, 0x0000000708d00000|  0%| F|  |TAMS 0x0000000708c00000, 0x0000000708c00000| Untracked 
| 101|0x0000000708d00000, 0x0000000708d00000, 0x0000000708e00000|  0%| F|  |TAMS 0x0000000708d00000, 0x0000000708d00000| Untracked 
| 102|0x0000000708e00000, 0x0000000708e00000, 0x0000000708f00000|  0%| F|  |TAMS 0x0000000708e00000, 0x0000000708e00000| Untracked 
| 103|0x0000000708f00000, 0x0000000708f00000, 0x0000000709000000|  0%| F|  |TAMS 0x0000000708f00000, 0x0000000708f00000| Untracked 
| 104|0x0000000709000000, 0x0000000709000000, 0x0000000709100000|  0%| F|  |TAMS 0x0000000709000000, 0x0000000709000000| Untracked 
| 105|0x0000000709100000, 0x0000000709100000, 0x0000000709200000|  0%| F|  |TAMS 0x0000000709100000, 0x0000000709100000| Untracked 
| 106|0x0000000709200000, 0x0000000709200000, 0x0000000709300000|  0%| F|  |TAMS 0x0000000709200000, 0x0000000709200000| Untracked 
| 107|0x0000000709300000, 0x0000000709300000, 0x0000000709400000|  0%| F|  |TAMS 0x0000000709300000, 0x0000000709300000| Untracked 
| 108|0x0000000709400000, 0x0000000709400000, 0x0000000709500000|  0%| F|  |TAMS 0x0000000709400000, 0x0000000709400000| Untracked 
| 109|0x0000000709500000, 0x0000000709500000, 0x0000000709600000|  0%| F|  |TAMS 0x0000000709500000, 0x0000000709500000| Untracked 
| 110|0x0000000709600000, 0x0000000709600000, 0x0000000709700000|  0%| F|  |TAMS 0x0000000709600000, 0x0000000709600000| Untracked 
| 111|0x0000000709700000, 0x0000000709700000, 0x0000000709800000|  0%| F|  |TAMS 0x0000000709700000, 0x0000000709700000| Untracked 
| 112|0x0000000709800000, 0x0000000709800000, 0x0000000709900000|  0%| F|  |TAMS 0x0000000709800000, 0x0000000709800000| Untracked 
| 113|0x0000000709900000, 0x0000000709900000, 0x0000000709a00000|  0%| F|  |TAMS 0x0000000709900000, 0x0000000709900000| Untracked 
| 114|0x0000000709a00000, 0x0000000709a00000, 0x0000000709b00000|  0%| F|  |TAMS 0x0000000709a00000, 0x0000000709a00000| Untracked 
| 115|0x0000000709b00000, 0x0000000709b00000, 0x0000000709c00000|  0%| F|  |TAMS 0x0000000709b00000, 0x0000000709b00000| Untracked 
| 116|0x0000000709c00000, 0x0000000709c00000, 0x0000000709d00000|  0%| F|  |TAMS 0x0000000709c00000, 0x0000000709c00000| Untracked 
| 117|0x0000000709d00000, 0x0000000709d00000, 0x0000000709e00000|  0%| F|  |TAMS 0x0000000709d00000, 0x0000000709d00000| Untracked 
| 118|0x0000000709e00000, 0x0000000709e00000, 0x0000000709f00000|  0%| F|  |TAMS 0x0000000709e00000, 0x0000000709e00000| Untracked 
| 119|0x0000000709f00000, 0x0000000709f00000, 0x000000070a000000|  0%| F|  |TAMS 0x0000000709f00000, 0x0000000709f00000| Untracked 
| 120|0x000000070a000000, 0x000000070a000000, 0x000000070a100000|  0%| F|  |TAMS 0x000000070a000000, 0x000000070a000000| Untracked 
| 121|0x000000070a100000, 0x000000070a100000, 0x000000070a200000|  0%| F|  |TAMS 0x000000070a100000, 0x000000070a100000| Untracked 
| 122|0x000000070a200000, 0x000000070a200000, 0x000000070a300000|  0%| F|  |TAMS 0x000000070a200000, 0x000000070a200000| Untracked 
| 123|0x000000070a300000, 0x000000070a300000, 0x000000070a400000|  0%| F|  |TAMS 0x000000070a300000, 0x000000070a300000| Untracked 
| 124|0x000000070a400000, 0x000000070a400000, 0x000000070a500000|  0%| F|  |TAMS 0x000000070a400000, 0x000000070a400000| Untracked 
| 125|0x000000070a500000, 0x000000070a500000, 0x000000070a600000|  0%| F|  |TAMS 0x000000070a500000, 0x000000070a500000| Untracked 
| 126|0x000000070a600000, 0x000000070a600000, 0x000000070a700000|  0%| F|  |TAMS 0x000000070a600000, 0x000000070a600000| Untracked 
| 127|0x000000070a700000, 0x000000070a700000, 0x000000070a800000|  0%| F|  |TAMS 0x000000070a700000, 0x000000070a700000| Untracked 
| 128|0x000000070a800000, 0x000000070a800000, 0x000000070a900000|  0%| F|  |TAMS 0x000000070a800000, 0x000000070a800000| Untracked 
| 129|0x000000070a900000, 0x000000070a900000, 0x000000070aa00000|  0%| F|  |TAMS 0x000000070a900000, 0x000000070a900000| Untracked 
| 130|0x000000070aa00000, 0x000000070aa00000, 0x000000070ab00000|  0%| F|  |TAMS 0x000000070aa00000, 0x000000070aa00000| Untracked 
| 131|0x000000070ab00000, 0x000000070ab00000, 0x000000070ac00000|  0%| F|  |TAMS 0x000000070ab00000, 0x000000070ab00000| Untracked 
| 132|0x000000070ac00000, 0x000000070ac00000, 0x000000070ad00000|  0%| F|  |TAMS 0x000000070ac00000, 0x000000070ac00000| Untracked 
| 133|0x000000070ad00000, 0x000000070ad00000, 0x000000070ae00000|  0%| F|  |TAMS 0x000000070ad00000, 0x000000070ad00000| Untracked 
| 134|0x000000070ae00000, 0x000000070ae00000, 0x000000070af00000|  0%| F|  |TAMS 0x000000070ae00000, 0x000000070ae00000| Untracked 
| 135|0x000000070af00000, 0x000000070af00000, 0x000000070b000000|  0%| F|  |TAMS 0x000000070af00000, 0x000000070af00000| Untracked 
| 136|0x000000070b000000, 0x000000070b000000, 0x000000070b100000|  0%| F|  |TAMS 0x000000070b000000, 0x000000070b000000| Untracked 
| 137|0x000000070b100000, 0x000000070b100000, 0x000000070b200000|  0%| F|  |TAMS 0x000000070b100000, 0x000000070b100000| Untracked 
| 138|0x000000070b200000, 0x000000070b200000, 0x000000070b300000|  0%| F|  |TAMS 0x000000070b200000, 0x000000070b200000| Untracked 
| 139|0x000000070b300000, 0x000000070b300000, 0x000000070b400000|  0%| F|  |TAMS 0x000000070b300000, 0x000000070b300000| Untracked 
| 140|0x000000070b400000, 0x000000070b400000, 0x000000070b500000|  0%| F|  |TAMS 0x000000070b400000, 0x000000070b400000| Untracked 
| 141|0x000000070b500000, 0x000000070b500000, 0x000000070b600000|  0%| F|  |TAMS 0x000000070b500000, 0x000000070b500000| Untracked 
| 142|0x000000070b600000, 0x000000070b600000, 0x000000070b700000|  0%| F|  |TAMS 0x000000070b600000, 0x000000070b600000| Untracked 
| 143|0x000000070b700000, 0x000000070b700000, 0x000000070b800000|  0%| F|  |TAMS 0x000000070b700000, 0x000000070b700000| Untracked 
| 144|0x000000070b800000, 0x000000070b800000, 0x000000070b900000|  0%| F|  |TAMS 0x000000070b800000, 0x000000070b800000| Untracked 
| 145|0x000000070b900000, 0x000000070b900000, 0x000000070ba00000|  0%| F|  |TAMS 0x000000070b900000, 0x000000070b900000| Untracked 
| 146|0x000000070ba00000, 0x000000070ba00000, 0x000000070bb00000|  0%| F|  |TAMS 0x000000070ba00000, 0x000000070ba00000| Untracked 
| 147|0x000000070bb00000, 0x000000070bb00000, 0x000000070bc00000|  0%| F|  |TAMS 0x000000070bb00000, 0x000000070bb00000| Untracked 
| 148|0x000000070bc00000, 0x000000070bc00000, 0x000000070bd00000|  0%| F|  |TAMS 0x000000070bc00000, 0x000000070bc00000| Untracked 
| 149|0x000000070bd00000, 0x000000070bd00000, 0x000000070be00000|  0%| F|  |TAMS 0x000000070bd00000, 0x000000070bd00000| Untracked 
| 150|0x000000070be00000, 0x000000070be00000, 0x000000070bf00000|  0%| F|  |TAMS 0x000000070be00000, 0x000000070be00000| Untracked 
| 151|0x000000070bf00000, 0x000000070bf00000, 0x000000070c000000|  0%| F|  |TAMS 0x000000070bf00000, 0x000000070bf00000| Untracked 
| 152|0x000000070c000000, 0x000000070c000000, 0x000000070c100000|  0%| F|  |TAMS 0x000000070c000000, 0x000000070c000000| Untracked 
| 153|0x000000070c100000, 0x000000070c100000, 0x000000070c200000|  0%| F|  |TAMS 0x000000070c100000, 0x000000070c100000| Untracked 
| 154|0x000000070c200000, 0x000000070c200000, 0x000000070c300000|  0%| F|  |TAMS 0x000000070c200000, 0x000000070c200000| Untracked 
| 155|0x000000070c300000, 0x000000070c300000, 0x000000070c400000|  0%| F|  |TAMS 0x000000070c300000, 0x000000070c300000| Untracked 
| 156|0x000000070c400000, 0x000000070c400000, 0x000000070c500000|  0%| F|  |TAMS 0x000000070c400000, 0x000000070c400000| Untracked 
| 157|0x000000070c500000, 0x000000070c500000, 0x000000070c600000|  0%| F|  |TAMS 0x000000070c500000, 0x000000070c500000| Untracked 
| 158|0x000000070c600000, 0x000000070c600000, 0x000000070c700000|  0%| F|  |TAMS 0x000000070c600000, 0x000000070c600000| Untracked 
| 159|0x000000070c700000, 0x000000070c700000, 0x000000070c800000|  0%| F|  |TAMS 0x000000070c700000, 0x000000070c700000| Untracked 
| 160|0x000000070c800000, 0x000000070c800000, 0x000000070c900000|  0%| F|  |TAMS 0x000000070c800000, 0x000000070c800000| Untracked 
| 161|0x000000070c900000, 0x000000070c900000, 0x000000070ca00000|  0%| F|  |TAMS 0x000000070c900000, 0x000000070c900000| Untracked 
| 162|0x000000070ca00000, 0x000000070ca00000, 0x000000070cb00000|  0%| F|  |TAMS 0x000000070ca00000, 0x000000070ca00000| Untracked 
| 163|0x000000070cb00000, 0x000000070cb00000, 0x000000070cc00000|  0%| F|  |TAMS 0x000000070cb00000, 0x000000070cb00000| Untracked 
| 164|0x000000070cc00000, 0x000000070cc00000, 0x000000070cd00000|  0%| F|  |TAMS 0x000000070cc00000, 0x000000070cc00000| Untracked 
| 165|0x000000070cd00000, 0x000000070cd00000, 0x000000070ce00000|  0%| F|  |TAMS 0x000000070cd00000, 0x000000070cd00000| Untracked 
| 166|0x000000070ce00000, 0x000000070ce00000, 0x000000070cf00000|  0%| F|  |TAMS 0x000000070ce00000, 0x000000070ce00000| Untracked 
| 167|0x000000070cf00000, 0x000000070cf00000, 0x000000070d000000|  0%| F|  |TAMS 0x000000070cf00000, 0x000000070cf00000| Untracked 
| 168|0x000000070d000000, 0x000000070d000000, 0x000000070d100000|  0%| F|  |TAMS 0x000000070d000000, 0x000000070d000000| Untracked 
| 169|0x000000070d100000, 0x000000070d100000, 0x000000070d200000|  0%| F|  |TAMS 0x000000070d100000, 0x000000070d100000| Untracked 
| 170|0x000000070d200000, 0x000000070d200000, 0x000000070d300000|  0%| F|  |TAMS 0x000000070d200000, 0x000000070d200000| Untracked 
| 171|0x000000070d300000, 0x000000070d300000, 0x000000070d400000|  0%| F|  |TAMS 0x000000070d300000, 0x000000070d300000| Untracked 
| 172|0x000000070d400000, 0x000000070d400000, 0x000000070d500000|  0%| F|  |TAMS 0x000000070d400000, 0x000000070d400000| Untracked 
| 173|0x000000070d500000, 0x000000070d500000, 0x000000070d600000|  0%| F|  |TAMS 0x000000070d500000, 0x000000070d500000| Untracked 
| 174|0x000000070d600000, 0x000000070d600000, 0x000000070d700000|  0%| F|  |TAMS 0x000000070d600000, 0x000000070d600000| Untracked 
| 175|0x000000070d700000, 0x000000070d700000, 0x000000070d800000|  0%| F|  |TAMS 0x000000070d700000, 0x000000070d700000| Untracked 
| 176|0x000000070d800000, 0x000000070d800000, 0x000000070d900000|  0%| F|  |TAMS 0x000000070d800000, 0x000000070d800000| Untracked 
| 177|0x000000070d900000, 0x000000070d900000, 0x000000070da00000|  0%| F|  |TAMS 0x000000070d900000, 0x000000070d900000| Untracked 
| 178|0x000000070da00000, 0x000000070da00000, 0x000000070db00000|  0%| F|  |TAMS 0x000000070da00000, 0x000000070da00000| Untracked 
| 179|0x000000070db00000, 0x000000070db00000, 0x000000070dc00000|  0%| F|  |TAMS 0x000000070db00000, 0x000000070db00000| Untracked 
| 180|0x000000070dc00000, 0x000000070dc00000, 0x000000070dd00000|  0%| F|  |TAMS 0x000000070dc00000, 0x000000070dc00000| Untracked 
| 181|0x000000070dd00000, 0x000000070dd00000, 0x000000070de00000|  0%| F|  |TAMS 0x000000070dd00000, 0x000000070dd00000| Untracked 
| 182|0x000000070de00000, 0x000000070de00000, 0x000000070df00000|  0%| F|  |TAMS 0x000000070de00000, 0x000000070de00000| Untracked 
| 183|0x000000070df00000, 0x000000070df00000, 0x000000070e000000|  0%| F|  |TAMS 0x000000070df00000, 0x000000070df00000| Untracked 
| 184|0x000000070e000000, 0x000000070e000000, 0x000000070e100000|  0%| F|  |TAMS 0x000000070e000000, 0x000000070e000000| Untracked 
| 185|0x000000070e100000, 0x000000070e100000, 0x000000070e200000|  0%| F|  |TAMS 0x000000070e100000, 0x000000070e100000| Untracked 
| 186|0x000000070e200000, 0x000000070e200000, 0x000000070e300000|  0%| F|  |TAMS 0x000000070e200000, 0x000000070e200000| Untracked 
| 187|0x000000070e300000, 0x000000070e300000, 0x000000070e400000|  0%| F|  |TAMS 0x000000070e300000, 0x000000070e300000| Untracked 
| 188|0x000000070e400000, 0x000000070e400000, 0x000000070e500000|  0%| F|  |TAMS 0x000000070e400000, 0x000000070e400000| Untracked 
| 189|0x000000070e500000, 0x000000070e500000, 0x000000070e600000|  0%| F|  |TAMS 0x000000070e500000, 0x000000070e500000| Untracked 
| 190|0x000000070e600000, 0x000000070e600000, 0x000000070e700000|  0%| F|  |TAMS 0x000000070e600000, 0x000000070e600000| Untracked 
| 191|0x000000070e700000, 0x000000070e700000, 0x000000070e800000|  0%| F|  |TAMS 0x000000070e700000, 0x000000070e700000| Untracked 
| 192|0x000000070e800000, 0x000000070e800000, 0x000000070e900000|  0%| F|  |TAMS 0x000000070e800000, 0x000000070e800000| Untracked 
| 193|0x000000070e900000, 0x000000070e900000, 0x000000070ea00000|  0%| F|  |TAMS 0x000000070e900000, 0x000000070e900000| Untracked 
| 194|0x000000070ea00000, 0x000000070ea00000, 0x000000070eb00000|  0%| F|  |TAMS 0x000000070ea00000, 0x000000070ea00000| Untracked 
| 195|0x000000070eb00000, 0x000000070eb00000, 0x000000070ec00000|  0%| F|  |TAMS 0x000000070eb00000, 0x000000070eb00000| Untracked 
| 196|0x000000070ec00000, 0x000000070ec00000, 0x000000070ed00000|  0%| F|  |TAMS 0x000000070ec00000, 0x000000070ec00000| Untracked 
| 197|0x000000070ed00000, 0x000000070ed00000, 0x000000070ee00000|  0%| F|  |TAMS 0x000000070ed00000, 0x000000070ed00000| Untracked 
| 198|0x000000070ee00000, 0x000000070ee00000, 0x000000070ef00000|  0%| F|  |TAMS 0x000000070ee00000, 0x000000070ee00000| Untracked 
| 199|0x000000070ef00000, 0x000000070ef00000, 0x000000070f000000|  0%| F|  |TAMS 0x000000070ef00000, 0x000000070ef00000| Untracked 
| 200|0x000000070f000000, 0x000000070f000000, 0x000000070f100000|  0%| F|  |TAMS 0x000000070f000000, 0x000000070f000000| Untracked 
| 201|0x000000070f100000, 0x000000070f100000, 0x000000070f200000|  0%| F|  |TAMS 0x000000070f100000, 0x000000070f100000| Untracked 
| 202|0x000000070f200000, 0x000000070f200000, 0x000000070f300000|  0%| F|  |TAMS 0x000000070f200000, 0x000000070f200000| Untracked 
| 203|0x000000070f300000, 0x000000070f300000, 0x000000070f400000|  0%| F|  |TAMS 0x000000070f300000, 0x000000070f300000| Untracked 
| 204|0x000000070f400000, 0x000000070f400000, 0x000000070f500000|  0%| F|  |TAMS 0x000000070f400000, 0x000000070f400000| Untracked 
| 205|0x000000070f500000, 0x000000070f500000, 0x000000070f600000|  0%| F|  |TAMS 0x000000070f500000, 0x000000070f500000| Untracked 
| 206|0x000000070f600000, 0x000000070f600000, 0x000000070f700000|  0%| F|  |TAMS 0x000000070f600000, 0x000000070f600000| Untracked 
| 207|0x000000070f700000, 0x000000070f700000, 0x000000070f800000|  0%| F|  |TAMS 0x000000070f700000, 0x000000070f700000| Untracked 
| 208|0x000000070f800000, 0x000000070f800000, 0x000000070f900000|  0%| F|  |TAMS 0x000000070f800000, 0x000000070f800000| Untracked 
| 209|0x000000070f900000, 0x000000070f900000, 0x000000070fa00000|  0%| F|  |TAMS 0x000000070f900000, 0x000000070f900000| Untracked 
| 210|0x000000070fa00000, 0x000000070fa00000, 0x000000070fb00000|  0%| F|  |TAMS 0x000000070fa00000, 0x000000070fa00000| Untracked 
| 211|0x000000070fb00000, 0x000000070fb00000, 0x000000070fc00000|  0%| F|  |TAMS 0x000000070fb00000, 0x000000070fb00000| Untracked 
| 212|0x000000070fc00000, 0x000000070fc00000, 0x000000070fd00000|  0%| F|  |TAMS 0x000000070fc00000, 0x000000070fc00000| Untracked 
| 213|0x000000070fd00000, 0x000000070fd00000, 0x000000070fe00000|  0%| F|  |TAMS 0x000000070fd00000, 0x000000070fd00000| Untracked 
| 214|0x000000070fe00000, 0x000000070fe00000, 0x000000070ff00000|  0%| F|  |TAMS 0x000000070fe00000, 0x000000070fe00000| Untracked 
| 215|0x000000070ff00000, 0x000000070ff00000, 0x0000000710000000|  0%| F|  |TAMS 0x000000070ff00000, 0x000000070ff00000| Untracked 
| 216|0x0000000710000000, 0x0000000710000000, 0x0000000710100000|  0%| F|  |TAMS 0x0000000710000000, 0x0000000710000000| Untracked 
| 217|0x0000000710100000, 0x0000000710100000, 0x0000000710200000|  0%| F|  |TAMS 0x0000000710100000, 0x0000000710100000| Untracked 
| 218|0x0000000710200000, 0x0000000710200000, 0x0000000710300000|  0%| F|  |TAMS 0x0000000710200000, 0x0000000710200000| Untracked 
| 219|0x0000000710300000, 0x0000000710300000, 0x0000000710400000|  0%| F|  |TAMS 0x0000000710300000, 0x0000000710300000| Untracked 
| 220|0x0000000710400000, 0x0000000710400000, 0x0000000710500000|  0%| F|  |TAMS 0x0000000710400000, 0x0000000710400000| Untracked 
| 221|0x0000000710500000, 0x0000000710500000, 0x0000000710600000|  0%| F|  |TAMS 0x0000000710500000, 0x0000000710500000| Untracked 
| 222|0x0000000710600000, 0x0000000710600000, 0x0000000710700000|  0%| F|  |TAMS 0x0000000710600000, 0x0000000710600000| Untracked 
| 223|0x0000000710700000, 0x0000000710700000, 0x0000000710800000|  0%| F|  |TAMS 0x0000000710700000, 0x0000000710700000| Untracked 
| 224|0x0000000710800000, 0x0000000710800000, 0x0000000710900000|  0%| F|  |TAMS 0x0000000710800000, 0x0000000710800000| Untracked 
| 225|0x0000000710900000, 0x0000000710900000, 0x0000000710a00000|  0%| F|  |TAMS 0x0000000710900000, 0x0000000710900000| Untracked 
| 226|0x0000000710a00000, 0x0000000710a00000, 0x0000000710b00000|  0%| F|  |TAMS 0x0000000710a00000, 0x0000000710a00000| Untracked 
| 227|0x0000000710b00000, 0x0000000710b00000, 0x0000000710c00000|  0%| F|  |TAMS 0x0000000710b00000, 0x0000000710b00000| Untracked 
| 228|0x0000000710c00000, 0x0000000710c00000, 0x0000000710d00000|  0%| F|  |TAMS 0x0000000710c00000, 0x0000000710c00000| Untracked 
| 229|0x0000000710d00000, 0x0000000710d00000, 0x0000000710e00000|  0%| F|  |TAMS 0x0000000710d00000, 0x0000000710d00000| Untracked 
| 230|0x0000000710e00000, 0x0000000710e00000, 0x0000000710f00000|  0%| F|  |TAMS 0x0000000710e00000, 0x0000000710e00000| Untracked 
| 231|0x0000000710f00000, 0x0000000710f00000, 0x0000000711000000|  0%| F|  |TAMS 0x0000000710f00000, 0x0000000710f00000| Untracked 
| 232|0x0000000711000000, 0x0000000711021980, 0x0000000711100000| 13%| S|CS|TAMS 0x0000000711000000, 0x0000000711000000| Complete 
| 233|0x0000000711100000, 0x0000000711200000, 0x0000000711200000|100%| S|CS|TAMS 0x0000000711100000, 0x0000000711100000| Complete 
| 234|0x0000000711200000, 0x0000000711300000, 0x0000000711300000|100%| S|CS|TAMS 0x0000000711200000, 0x0000000711200000| Complete 
| 235|0x0000000711300000, 0x0000000711400000, 0x0000000711400000|100%| S|CS|TAMS 0x0000000711300000, 0x0000000711300000| Complete 
| 236|0x0000000711400000, 0x0000000711500000, 0x0000000711500000|100%| S|CS|TAMS 0x0000000711400000, 0x0000000711400000| Complete 
| 237|0x0000000711500000, 0x0000000711600000, 0x0000000711600000|100%| S|CS|TAMS 0x0000000711500000, 0x0000000711500000| Complete 
| 238|0x0000000711600000, 0x0000000711600000, 0x0000000711700000|  0%| F|  |TAMS 0x0000000711600000, 0x0000000711600000| Untracked 
| 239|0x0000000711700000, 0x0000000711700000, 0x0000000711800000|  0%| F|  |TAMS 0x0000000711700000, 0x0000000711700000| Untracked 
| 240|0x0000000711800000, 0x0000000711800000, 0x0000000711900000|  0%| F|  |TAMS 0x0000000711800000, 0x0000000711800000| Untracked 
| 241|0x0000000711900000, 0x0000000711900000, 0x0000000711a00000|  0%| F|  |TAMS 0x0000000711900000, 0x0000000711900000| Untracked 
| 242|0x0000000711a00000, 0x0000000711a00000, 0x0000000711b00000|  0%| F|  |TAMS 0x0000000711a00000, 0x0000000711a00000| Untracked 
| 243|0x0000000711b00000, 0x0000000711b00000, 0x0000000711c00000|  0%| F|  |TAMS 0x0000000711b00000, 0x0000000711b00000| Untracked 
| 244|0x0000000711c00000, 0x0000000711c00000, 0x0000000711d00000|  0%| F|  |TAMS 0x0000000711c00000, 0x0000000711c00000| Untracked 
| 245|0x0000000711d00000, 0x0000000711d00000, 0x0000000711e00000|  0%| F|  |TAMS 0x0000000711d00000, 0x0000000711d00000| Untracked 
| 246|0x0000000711e00000, 0x0000000711e00000, 0x0000000711f00000|  0%| F|  |TAMS 0x0000000711e00000, 0x0000000711e00000| Untracked 
| 247|0x0000000711f00000, 0x0000000711f00000, 0x0000000712000000|  0%| F|  |TAMS 0x0000000711f00000, 0x0000000711f00000| Untracked 
| 248|0x0000000712000000, 0x0000000712000000, 0x0000000712100000|  0%| F|  |TAMS 0x0000000712000000, 0x0000000712000000| Untracked 
| 249|0x0000000712100000, 0x0000000712100000, 0x0000000712200000|  0%| F|  |TAMS 0x0000000712100000, 0x0000000712100000| Untracked 
| 250|0x0000000712200000, 0x0000000712200000, 0x0000000712300000|  0%| F|  |TAMS 0x0000000712200000, 0x0000000712200000| Untracked 
| 251|0x0000000712300000, 0x0000000712300000, 0x0000000712400000|  0%| F|  |TAMS 0x0000000712300000, 0x0000000712300000| Untracked 
| 252|0x0000000712400000, 0x0000000712400000, 0x0000000712500000|  0%| F|  |TAMS 0x0000000712400000, 0x0000000712400000| Untracked 
| 253|0x0000000712500000, 0x0000000712500000, 0x0000000712600000|  0%| F|  |TAMS 0x0000000712500000, 0x0000000712500000| Untracked 

Card table byte_map: [0x000002747c540000,0x000002747cd30000] _byte_map_base: 0x0000027478d2c000

Marking Bits (Prev, Next): (CMBitMap*) 0x0000027468d40d88, (CMBitMap*) 0x0000027468d40dc0
 Prev Bits: [0x0000027400000000, 0x0000027403f60000)
 Next Bits: [0x0000027403f60000, 0x0000027407ec0000)

Polling page: 0x0000027466b10000

Metaspace:

Usage:
  Non-class:     13.49 MB capacity,    13.41 MB (>99%) used,    71.18 KB ( <1%) free+waste,    11.63 KB ( <1%) overhead. 
      Class:      1.47 MB capacity,     1.43 MB ( 97%) used,    35.20 KB (  2%) free+waste,     3.63 KB ( <1%) overhead. 
       Both:     14.96 MB capacity,    14.84 MB (>99%) used,   106.38 KB ( <1%) free+waste,    15.25 KB ( <1%) overhead. 

Virtual space:
  Non-class space:       26.00 MB reserved,      13.50 MB ( 52%) committed 
      Class space:        1.00 GB reserved,       1.50 MB ( <1%) committed 
             Both:        1.03 GB reserved,      15.00 MB (  1%) committed 

Chunk freelists:
   Non-Class:  9.00 KB
       Class:  0 bytes
        Both:  9.00 KB

MaxMetaspaceSize: 17179869184.00 GB
CompressedClassSpaceSize: 1.00 GB
Initial GC threshold: 20.80 MB
Current GC threshold: 21.12 MB
CDS: off

CodeHeap 'non-profiled nmethods': size=120000Kb used=362Kb max_used=362Kb free=119637Kb
 bounds [0x00000274742d0000, 0x0000027474540000, 0x000002747b800000]
CodeHeap 'profiled nmethods': size=120000Kb used=2089Kb max_used=2089Kb free=117910Kb
 bounds [0x000002746cda0000, 0x000002746d010000, 0x00000274742d0000]
CodeHeap 'non-nmethods': size=5760Kb used=1150Kb max_used=1168Kb free=4609Kb
 bounds [0x000002746c800000, 0x000002746ca70000, 0x000002746cda0000]
 total_blobs=1570 nmethods=1164 adapters=319
 compilation: enabled
              stopped_count=0, restarted_count=0
 full_count=0

Compilation events (20 events):
Event: 0.957 Thread 0x0000027408adc000 1154       1       kotlin.reflect.jvm.internal.impl.descriptors.impl.PropertyDescriptorImpl::getExtensionReceiverParameter (5 bytes)
Event: 0.957 Thread 0x0000027408adc000 nmethod 1154 0x000002747432a310 code [0x000002747432a4c0, 0x000002747432a578]
Event: 0.957 Thread 0x0000027408adc000 1157       3       java.lang.StringLatin1::getChar (9 bytes)
Event: 0.957 Thread 0x0000027408adc000 nmethod 1157 0x000002746cfa6410 code [0x000002746cfa65c0, 0x000002746cfa66d8]
Event: 0.958 Thread 0x0000027408adc000 1158       3       kotlin.reflect.jvm.internal.impl.resolve.MemberComparator$NameAndTypeMemberComparator::getDeclarationPriority (87 bytes)
Event: 0.958 Thread 0x0000027408c30000 1161   !   4       java.util.concurrent.ConcurrentHashMap::putVal (432 bytes)
Event: 0.958 Thread 0x0000027408adc000 nmethod 1158 0x000002746cfa6790 code [0x000002746cfa69e0, 0x000002746cfa7798]
Event: 0.958 Thread 0x0000027408adc000 1159       3       java.lang.String::compareTo (63 bytes)
Event: 0.959 Thread 0x0000027408adc000 nmethod 1159 0x000002746cfa7910 code [0x000002746cfa7ba0, 0x000002746cfa85b8]
Event: 0.959 Thread 0x0000027408adc000 1162       3       java.util.AbstractCollection::addAll (42 bytes)
Event: 0.959 Thread 0x0000027408adc000 nmethod 1162 0x000002746cfa8a10 code [0x000002746cfa8c00, 0x000002746cfa9138]
Event: 0.959 Thread 0x0000027408adc000 1160       3       java.lang.StringLatin1::compareTo (14 bytes)
Event: 0.959 Thread 0x0000027408adc000 nmethod 1160 0x000002746cfa9290 code [0x000002746cfa9440, 0x000002746cfa9568]
Event: 0.959 Thread 0x0000027408adc000 1163       3       kotlin.reflect.jvm.internal.impl.types.error.ErrorUtils::isError (46 bytes)
Event: 0.959 Thread 0x0000027408adc000 nmethod 1163 0x000002746cfa9690 code [0x000002746cfa9880, 0x000002746cfa9e28]
Event: 0.959 Thread 0x0000027408c2f000 1164       4       java.lang.ClassLoader::checkName (37 bytes)
Event: 0.962 Thread 0x0000027408adc000 1165       3       java.util.regex.Pattern$Start::match (90 bytes)
Event: 0.962 Thread 0x0000027408adc000 nmethod 1165 0x000002746cfa9f90 code [0x000002746cfaa160, 0x000002746cfaa548]
Event: 0.962 Thread 0x0000027408adc000 1166       1       kotlin.reflect.jvm.internal.impl.load.java.lazy.JavaResolverComponents::getStorageManager (5 bytes)
Event: 0.962 Thread 0x0000027408adc000 nmethod 1166 0x000002747432a610 code [0x000002747432a7c0, 0x000002747432a878]

GC Heap History (4 events):
Event: 0.673 GC heap before
{Heap before GC invocations=0 (full 0):
 garbage-first heap   total 260096K, used 28672K [0x0000000702800000, 0x0000000800000000)
  region size 1024K, 24 young (24576K), 0 survivors (0K)
 Metaspace       used 12229K, capacity 12382K, committed 12416K, reserved 1060864K
  class space    used 1091K, capacity 1145K, committed 1152K, reserved 1048576K
}
Event: 0.677 GC heap after
{Heap after GC invocations=1 (full 0):
 garbage-first heap   total 260096K, used 7337K [0x0000000702800000, 0x0000000800000000)
  region size 1024K, 3 young (3072K), 3 survivors (3072K)
 Metaspace       used 12229K, capacity 12382K, committed 12416K, reserved 1060864K
  class space    used 1091K, capacity 1145K, committed 1152K, reserved 1048576K
}
Event: 0.962 GC heap before
{Heap before GC invocations=1 (full 0):
 garbage-first heap   total 260096K, used 22697K [0x0000000702800000, 0x0000000800000000)
  region size 1024K, 19 young (19456K), 3 survivors (3072K)
 Metaspace       used 15197K, capacity 15319K, committed 15360K, reserved 1073152K
  class space    used 1465K, capacity 1504K, committed 1536K, reserved 1048576K
}
Event: 0.968 GC heap after
{Heap after GC invocations=2 (full 0):
 garbage-first heap   total 260096K, used 9519K [0x0000000702800000, 0x0000000800000000)
  region size 1024K, 6 young (6144K), 6 survivors (6144K)
 Metaspace       used 15197K, capacity 15319K, committed 15360K, reserved 1073152K
  class space    used 1465K, capacity 1504K, committed 1536K, reserved 1048576K
}

Deoptimization events (20 events):
Event: 0.921 Thread 0x0000027468cde000 Uncommon trap: trap_request=0xffffff4d fr.pc=0x00000274743092f0 relative=0x0000000000000530
Event: 0.921 Thread 0x0000027468cde000 Uncommon trap: reason=unstable_if action=reinterpret pc=0x00000274743092f0 method=java.util.ArrayList.newCapacity(I)I @ 25 c2
Event: 0.921 Thread 0x0000027468cde000 DEOPT PACKING pc=0x00000274743092f0 sp=0x000000b4644fddb0
Event: 0.921 Thread 0x0000027468cde000 DEOPT UNPACKING pc=0x000002746c84a1af sp=0x000000b4644fdbd0 mode 2
Event: 0.958 Thread 0x0000027468cde000 Uncommon trap: trap_request=0xffffffc6 fr.pc=0x000002747431f93c relative=0x00000000000007fc
Event: 0.958 Thread 0x0000027468cde000 Uncommon trap: reason=bimorphic_or_optimized_type_check action=maybe_recompile pc=0x000002747431f93c method=java.util.HashMap.putVal(ILjava/lang/Object;Ljava/lang/Object;ZZ)Ljava/lang/Object; @ 91 c2
Event: 0.958 Thread 0x0000027468cde000 DEOPT PACKING pc=0x000002747431f93c sp=0x000000b4644fe180
Event: 0.958 Thread 0x0000027468cde000 DEOPT UNPACKING pc=0x000002746c84a1af sp=0x000000b4644fe110 mode 2
Event: 0.958 Thread 0x0000027468cde000 Uncommon trap: trap_request=0xffffffc6 fr.pc=0x000002747431f93c relative=0x00000000000007fc
Event: 0.958 Thread 0x0000027468cde000 Uncommon trap: reason=bimorphic_or_optimized_type_check action=maybe_recompile pc=0x000002747431f93c method=java.util.HashMap.putVal(ILjava/lang/Object;Ljava/lang/Object;ZZ)Ljava/lang/Object; @ 91 c2
Event: 0.958 Thread 0x0000027468cde000 DEOPT PACKING pc=0x000002747431f93c sp=0x000000b4644fe180
Event: 0.958 Thread 0x0000027468cde000 DEOPT UNPACKING pc=0x000002746c84a1af sp=0x000000b4644fe110 mode 2
Event: 0.958 Thread 0x0000027468cde000 Uncommon trap: trap_request=0xffffffc6 fr.pc=0x000002747431f93c relative=0x00000000000007fc
Event: 0.958 Thread 0x0000027468cde000 Uncommon trap: reason=bimorphic_or_optimized_type_check action=maybe_recompile pc=0x000002747431f93c method=java.util.HashMap.putVal(ILjava/lang/Object;Ljava/lang/Object;ZZ)Ljava/lang/Object; @ 91 c2
Event: 0.958 Thread 0x0000027468cde000 DEOPT PACKING pc=0x000002747431f93c sp=0x000000b4644fe180
Event: 0.958 Thread 0x0000027468cde000 DEOPT UNPACKING pc=0x000002746c84a1af sp=0x000000b4644fe110 mode 2
Event: 0.958 Thread 0x0000027468cde000 Uncommon trap: trap_request=0xffffffc6 fr.pc=0x000002747431f93c relative=0x00000000000007fc
Event: 0.958 Thread 0x0000027468cde000 Uncommon trap: reason=bimorphic_or_optimized_type_check action=maybe_recompile pc=0x000002747431f93c method=java.util.HashMap.putVal(ILjava/lang/Object;Ljava/lang/Object;ZZ)Ljava/lang/Object; @ 91 c2
Event: 0.958 Thread 0x0000027468cde000 DEOPT PACKING pc=0x000002747431f93c sp=0x000000b4644fe180
Event: 0.958 Thread 0x0000027468cde000 DEOPT UNPACKING pc=0x000002746c84a1af sp=0x000000b4644fe110 mode 2

Classes redefined (0 events):
No events

Internal exceptions (0 events):
No events

Events (20 events):
Event: 0.957 loading class kotlin/reflect/jvm/internal/impl/builtins/jvm/JvmBuiltIns$Settings done
Event: 0.958 loading class kotlin/reflect/jvm/internal/impl/descriptors/runtime/structure/ReflectJavaClass$innerClassNames$1
Event: 0.958 loading class kotlin/reflect/jvm/internal/impl/descriptors/runtime/structure/ReflectJavaClass$innerClassNames$1 done
Event: 0.958 loading class kotlin/reflect/jvm/internal/impl/descriptors/runtime/structure/ReflectJavaClass$innerClassNames$2
Event: 0.958 loading class kotlin/reflect/jvm/internal/impl/descriptors/runtime/structure/ReflectJavaClass$innerClassNames$2 done
Event: 0.959 loading class kotlin/reflect/jvm/internal/impl/serialization/deserialization/SuspendFunctionTypeUtilKt
Event: 0.959 loading class kotlin/reflect/jvm/internal/impl/serialization/deserialization/SuspendFunctionTypeUtilKt done
Event: 0.959 loading class kotlin/reflect/jvm/internal/impl/name/CallableId
Event: 0.959 loading class kotlin/reflect/jvm/internal/impl/name/CallableId done
Event: 0.959 loading class kotlin/reflect/jvm/internal/impl/name/CallableId$Companion
Event: 0.959 loading class kotlin/reflect/jvm/internal/impl/name/CallableId$Companion done
Event: 0.960 loading class kotlin/reflect/jvm/internal/impl/serialization/deserialization/descriptors/DeserializedSimpleFunctionDescriptor
Event: 0.960 loading class kotlin/reflect/jvm/internal/impl/serialization/deserialization/descriptors/DeserializedSimpleFunctionDescriptor done
Event: 0.960 loading class kotlin/reflect/jvm/internal/impl/descriptors/impl/SimpleFunctionDescriptorImpl
Event: 0.960 loading class kotlin/reflect/jvm/internal/impl/descriptors/impl/SimpleFunctionDescriptorImpl done
Event: 0.961 loading class org/jetbrains/kotlin/config/LanguageVersionSettings
Event: 0.961 loading class org/jetbrains/kotlin/config/LanguageVersionSettings done
Event: 0.962 loading class org/jetbrains/kotlin/cli/common/messages/MessageCollector
Event: 0.962 loading class org/jetbrains/kotlin/cli/common/messages/MessageCollector done
Event: 0.962 Executing VM operation: CollectForMetadataAllocation


Dynamic libraries:
0x00007ff7f0cc0000 - 0x00007ff7f0cca000 	C:\Program Files\Android\Android Studio\jre\bin\java.exe
0x00007ffcb2c70000 - 0x00007ffcb2e68000 	C:\WINDOWS\SYSTEM32\ntdll.dll
0x00007ffcb2080000 - 0x00007ffcb213f000 	C:\WINDOWS\System32\KERNEL32.DLL
0x00007ffcb0360000 - 0x00007ffcb0632000 	C:\WINDOWS\System32\KERNELBASE.dll
0x00007ffcb0840000 - 0x00007ffcb0940000 	C:\WINDOWS\System32\ucrtbase.dll
0x00007ffcabd80000 - 0x00007ffcabd99000 	C:\Program Files\Android\Android Studio\jre\bin\jli.dll
0x00007ffcaa710000 - 0x00007ffcaa727000 	C:\Program Files\Android\Android Studio\jre\bin\VCRUNTIME140.dll
0x00007ffcb0d70000 - 0x00007ffcb0f11000 	C:\WINDOWS\System32\USER32.dll
0x00007ffc9b980000 - 0x00007ffc9bc1a000 	C:\WINDOWS\WinSxS\amd64_microsoft.windows.common-controls_6595b64144ccf1df_6.0.19041.1110_none_60b5254171f9507e\COMCTL32.dll
0x00007ffcb0c80000 - 0x00007ffcb0ca2000 	C:\WINDOWS\System32\win32u.dll
0x00007ffcb10d0000 - 0x00007ffcb10fb000 	C:\WINDOWS\System32\GDI32.dll
0x00007ffcb1fe0000 - 0x00007ffcb207e000 	C:\WINDOWS\System32\msvcrt.dll
0x00007ffcb09f0000 - 0x00007ffcb0aff000 	C:\WINDOWS\System32\gdi32full.dll
0x00007ffcb0be0000 - 0x00007ffcb0c7d000 	C:\WINDOWS\System32\msvcp_win.dll
0x00007ffcb1f40000 - 0x00007ffcb1f72000 	C:\WINDOWS\System32\IMM32.DLL
0x00007ffca0ed0000 - 0x00007ffca0f6d000 	C:\Program Files\Android\Android Studio\jre\bin\msvcp140.dll
0x00007ffc78200000 - 0x00007ffc78d02000 	C:\Program Files\Android\Android Studio\jre\bin\server\jvm.dll
0x00007ffcb25b0000 - 0x00007ffcb265e000 	C:\WINDOWS\System32\ADVAPI32.dll
0x00007ffcb14c0000 - 0x00007ffcb155c000 	C:\WINDOWS\System32\sechost.dll
0x00007ffcb2a10000 - 0x00007ffcb2b35000 	C:\WINDOWS\System32\RPCRT4.dll
0x00007ffcb0d60000 - 0x00007ffcb0d68000 	C:\WINDOWS\System32\PSAPI.DLL
0x00007ffcaaa20000 - 0x00007ffcaaa29000 	C:\WINDOWS\SYSTEM32\WSOCK32.dll
0x00007ffc9bc20000 - 0x00007ffc9bc47000 	C:\WINDOWS\SYSTEM32\WINMM.dll
0x00007ffca5c00000 - 0x00007ffca5c0a000 	C:\WINDOWS\SYSTEM32\VERSION.dll
0x00007ffcb1ed0000 - 0x00007ffcb1f3b000 	C:\WINDOWS\System32\WS2_32.dll
0x00007ffcae1e0000 - 0x00007ffcae1f2000 	C:\WINDOWS\SYSTEM32\kernel.appcore.dll
0x00007ffcaaa40000 - 0x00007ffcaaa51000 	C:\Program Files\Android\Android Studio\jre\bin\verify.dll
0x00007ffc98c40000 - 0x00007ffc98e24000 	C:\WINDOWS\SYSTEM32\DBGHELP.DLL
0x00007ffc97b10000 - 0x00007ffc97b45000 	C:\WINDOWS\SYSTEM32\dbgcore.DLL
0x00007ffcb0b50000 - 0x00007ffcb0bd2000 	C:\WINDOWS\System32\bcryptPrimitives.dll
0x00007ffca1d70000 - 0x00007ffca1d99000 	C:\Program Files\Android\Android Studio\jre\bin\java.dll
0x00007ffcada60000 - 0x00007ffcada6b000 	C:\Program Files\Android\Android Studio\jre\bin\jimage.dll
0x00007ffcaa930000 - 0x00007ffcaa948000 	C:\Program Files\Android\Android Studio\jre\bin\zip.dll
0x00007ffcb1660000 - 0x00007ffcb1da4000 	C:\WINDOWS\System32\SHELL32.dll
0x00007ffcae3e0000 - 0x00007ffcaeb72000 	C:\WINDOWS\SYSTEM32\windows.storage.dll
0x00007ffcb1100000 - 0x00007ffcb1455000 	C:\WINDOWS\System32\combase.dll
0x00007ffcafce0000 - 0x00007ffcafd10000 	C:\WINDOWS\SYSTEM32\Wldp.dll
0x00007ffcb0cb0000 - 0x00007ffcb0d5d000 	C:\WINDOWS\System32\SHCORE.dll
0x00007ffcb15f0000 - 0x00007ffcb1645000 	C:\WINDOWS\System32\shlwapi.dll
0x00007ffcb02a0000 - 0x00007ffcb02bf000 	C:\WINDOWS\SYSTEM32\profapi.dll
0x00007ffcaa870000 - 0x00007ffcaa88a000 	C:\Program Files\Android\Android Studio\jre\bin\net.dll
0x00007ffca8940000 - 0x00007ffca8a4c000 	C:\WINDOWS\SYSTEM32\WINHTTP.dll
0x00007ffcafac0000 - 0x00007ffcafb2a000 	C:\WINDOWS\system32\mswsock.dll
0x00007ffca0b20000 - 0x00007ffca0b34000 	C:\Program Files\Android\Android Studio\jre\bin\nio.dll

dbghelp: loaded successfully - version: 4.0.5 - missing functions: none
symbol engine: initialized successfully - sym options: 0x614 - pdb path: .;C:\Program Files\Android\Android Studio\jre\bin;C:\WINDOWS\SYSTEM32;C:\WINDOWS\WinSxS\amd64_microsoft.windows.common-controls_6595b64144ccf1df_6.0.19041.1110_none_60b5254171f9507e;C:\Program Files\Android\Android Studio\jre\bin\server

VM Arguments:
java_command: org.jetbrains.kotlin.cli.jvm.K2JVMCompiler @C:\Users\Laura\AndroidStudioProjects\Proyecto_TFG_Congreso_Mudanzas\app\build\20230117_12848122431081855162.compiler.options
java_class_path (initial): C:\Users\Laura\.gradle\caches\modules-2\files-2.1\org.jetbrains.kotlin\kotlin-compiler-embeddable\1.7.20\8db18559a581dd2c36ddfd5046af145650f5b126\kotlin-compiler-embeddable-1.7.20.jar;C:\Users\Laura\.gradle\caches\modules-2\files-2.1\org.jetbrains.kotlin\kotlin-reflect\1.7.20\12b2501e33bb6373e8e347c86d85481863629381\kotlin-reflect-1.7.20.jar;C:\Users\Laura\.gradle\caches\modules-2\files-2.1\org.jetbrains.kotlin\kotlin-stdlib\1.7.20\726594ea9ba2beb2ee113647fefa9a10f9fabe52\kotlin-stdlib-1.7.20.jar;C:\Users\Laura\.gradle\caches\modules-2\files-2.1\org.jetbrains.kotlin\kotlin-script-runtime\1.7.20\bcd1cc6f865e632550357fcc59f5ffd532615a8\kotlin-script-runtime-1.7.20.jar;C:\Users\Laura\.gradle\caches\modules-2\files-2.1\org.jetbrains.kotlin\kotlin-daemon-embeddable\1.7.20\1e24355adad8d529d75d5b19eab55484057431ba\kotlin-daemon-embeddable-1.7.20.jar;C:\Users\Laura\.gradle\caches\modules-2\files-2.1\org.jetbrains.intellij.deps\trove4j\1.0.20200330\3afb14d5f9ceb459d724e907a21145e8ff394f02\trove4j-1.0.20200330.jar;C:\Users\Laura\.gradle\caches\modules-2\files-2.1\net.java.dev.jna\jna\5.6.0\330f2244e9030119ab3030fc3fededc86713d9cc\jna-5.6.0.jar;C:\Users\Laura\.gradle\caches\modules-2\files-2.1\org.jetbrains.kotlin\kotlin-stdlib-common\1.7.20\e15351bdaf9fa06f009be5da7a202e4184f00ae3\kotlin-stdlib-common-1.7.20.jar;C:\Users\Laura\.gradle\caches\modules-2\files-2.1\org.jetbrains\annotations\13.0\919f0dfe192fb4e063e7dacadee7f8bb9a2672a9\annotations-13.0.jar
Launcher Type: SUN_STANDARD

[Global flags]
     intx CICompilerCount                          = 4                                         {product} {ergonomic}
     uint ConcGCThreads                            = 3                                         {product} {ergonomic}
     uint G1ConcRefinementThreads                  = 10                                        {product} {ergonomic}
   size_t G1HeapRegionSize                         = 1048576                                   {product} {ergonomic}
    uintx GCDrainStackTargetSize                   = 64                                        {product} {ergonomic}
   size_t InitialHeapSize                          = 266338304                                 {product} {ergonomic}
   size_t MarkStackSize                            = 4194304                                   {product} {ergonomic}
   size_t MaxHeapSize                              = 4253024256                                {product} {ergonomic}
   size_t MaxNewSize                               = 2551185408                                {product} {ergonomic}
   size_t MinHeapDeltaBytes                        = 1048576                                   {product} {ergonomic}
    uintx NonNMethodCodeHeapSize                   = 5836300                                {pd product} {ergonomic}
    uintx NonProfiledCodeHeapSize                  = 122910970                              {pd product} {ergonomic}
    uintx ProfiledCodeHeapSize                     = 122910970                              {pd product} {ergonomic}
    uintx ReservedCodeCacheSize                    = 251658240                              {pd product} {ergonomic}
     bool SegmentedCodeCache                       = true                                      {product} {ergonomic}
     bool UseCompressedClassPointers               = true                                 {lp64_product} {ergonomic}
     bool UseCompressedOops                        = true                                 {lp64_product} {ergonomic}
     bool UseG1GC                                  = true                                      {product} {ergonomic}
     bool UseLargePagesIndividualAllocation        = false                                  {pd product} {ergonomic}

Logging:
Log output configuration:
 #0: stdout all=warning uptime,level,tags
 #1: stderr all=off uptime,level,tags

Environment Variables:
PATH=C:\Program Files (x86)\VMware\VMware Workstation\bin\;C:\Program Files\Python38\Scripts\;C:\Program Files\Python38\;C:\Program Files (x86)\Common Files\Oracle\Java\javapath;C:\WINDOWS\system32;C:\WINDOWS;C:\WINDOWS\System32\Wbem;C:\WINDOWS\System32\WindowsPowerShell\v1.0\;C:\WINDOWS\System32\OpenSSH\;C:\Program Files\Docker\Docker\resources\bin;C:\ProgramData\DockerDesktop\version-bin;C:\Program Files\Git\cmd;C:\Users\Laura\AppData\Local\Programs\Python\Python310\Scripts\;C:\Users\Laura\AppData\Local\Programs\Python\Python310\;C:\Users\Laura\AppData\Local\Microsoft\WindowsApps;C:\Users\Laura\AppData\Local\Programs\Microsoft VS Code\bin;C:\Program Files\JetBrains\PyCharm Edu 2022.2\bin;
USERNAME=Laura
OS=Windows_NT
PROCESSOR_IDENTIFIER=Intel64 Family 6 Model 158 Stepping 10, GenuineIntel



---------------  S Y S T E M  ---------------

OS: Windows 10 , 64 bit Build 19041 (10.0.19041.2364)
OS uptime: 3 days 2:45 hours
Hyper-V role detected

CPU:total 12 (initial active 12) (6 cores per cpu, 2 threads per core) family 6 model 158 stepping 10 microcode 0xcc, cmov, cx8, fxsr, mmx, sse, sse2, sse3, ssse3, sse4.1, sse4.2, popcnt, avx, avx2, aes, clmul, erms, 3dnowpref, lzcnt, ht, tsc, tscinvbit, bmi1, bmi2, adx, fma

Memory: 4k page, system-wide physical 16221M (2546M free)
TotalPageFile size 19221M (AvailPageFile size 5M)
current process WorkingSet (physical memory assigned to process): 94M, peak: 94M
current process commit charge ("private bytes"): 360M, peak: 361M

vm_info: OpenJDK 64-Bit Server VM (11.0.13+0-b1751.21-8125866) for windows-amd64 JRE (11.0.13+0-b1751.21-8125866), built on Feb  2 2022 03:00:22 by "builder" with MS VC++ 14.0 (VS2015)

END.
